mode: set
logistics/services/solver-svc/internal/converter/graph.go:61.71,65.40 2 1
logistics/services/solver-svc/internal/converter/graph.go:65.40,67.3 1 1
logistics/services/solver-svc/internal/converter/graph.go:70.2,70.40 1 1
logistics/services/solver-svc/internal/converter/graph.go:70.40,74.25 2 1
logistics/services/solver-svc/internal/converter/graph.go:74.25,76.4 1 1
logistics/services/solver-svc/internal/converter/graph.go:79.2,79.11 1 1
logistics/services/solver-svc/internal/converter/graph.go:99.78,102.26 2 1
logistics/services/solver-svc/internal/converter/graph.go:102.26,104.25 1 1
logistics/services/solver-svc/internal/converter/graph.go:104.25,105.12 1 1
logistics/services/solver-svc/internal/converter/graph.go:109.3,115.5 2 1
logistics/services/solver-svc/internal/converter/graph.go:118.2,118.15 1 1
logistics/services/solver-svc/internal/converter/graph.go:132.84,135.32 2 1
logistics/services/solver-svc/internal/converter/graph.go:135.32,136.23 1 1
logistics/services/solver-svc/internal/converter/graph.go:136.23,137.12 1 1
logistics/services/solver-svc/internal/converter/graph.go:141.3,148.5 3 1
logistics/services/solver-svc/internal/converter/graph.go:151.2,151.15 1 1
logistics/services/solver-svc/internal/converter/graph.go:166.95,169.32 2 1
logistics/services/solver-svc/internal/converter/graph.go:169.32,170.23 1 1
logistics/services/solver-svc/internal/converter/graph.go:170.23,171.12 1 0
logistics/services/solver-svc/internal/converter/graph.go:175.3,176.39 2 1
logistics/services/solver-svc/internal/converter/graph.go:176.39,178.19 2 1
logistics/services/solver-svc/internal/converter/graph.go:178.19,180.10 2 1
logistics/services/solver-svc/internal/converter/graph.go:182.4,182.27 1 1
logistics/services/solver-svc/internal/converter/graph.go:182.27,184.5 1 1
logistics/services/solver-svc/internal/converter/graph.go:188.3,188.47 1 1
logistics/services/solver-svc/internal/converter/graph.go:188.47,190.4 1 0
logistics/services/solver-svc/internal/converter/graph.go:192.3,198.5 2 1
logistics/services/solver-svc/internal/converter/graph.go:201.2,201.15 1 1
logistics/services/solver-svc/internal/converter/graph.go:206.74,209.38 2 1
logistics/services/solver-svc/internal/converter/graph.go:209.38,211.18 2 1
logistics/services/solver-svc/internal/converter/graph.go:211.18,213.4 1 1
logistics/services/solver-svc/internal/converter/graph.go:216.2,216.18 1 1
logistics/services/solver-svc/internal/converter/graph.go:241.48,247.2 1 1
logistics/services/solver-svc/internal/converter/graph.go:259.64,261.2 1 1
logistics/services/solver-svc/internal/converter/graph.go:271.98,272.17 1 1
logistics/services/solver-svc/internal/converter/graph.go:272.17,274.3 1 0
logistics/services/solver-svc/internal/converter/graph.go:276.2,280.29 3 1
logistics/services/solver-svc/internal/converter/graph.go:280.29,283.30 2 1
logistics/services/solver-svc/internal/converter/graph.go:283.30,285.50 1 1
logistics/services/solver-svc/internal/converter/graph.go:285.50,286.13 1 1
logistics/services/solver-svc/internal/converter/graph.go:289.4,289.66 1 1
logistics/services/solver-svc/internal/converter/graph.go:289.66,290.13 1 1
logistics/services/solver-svc/internal/converter/graph.go:294.4,295.33 2 1
logistics/services/solver-svc/internal/converter/graph.go:295.33,297.5 1 1
logistics/services/solver-svc/internal/converter/graph.go:299.4,306.6 1 1
logistics/services/solver-svc/internal/converter/graph.go:310.2,310.15 1 1
logistics/services/solver-svc/internal/converter/graph.go:315.63,322.2 2 1
logistics/services/solver-svc/internal/converter/graph.go:326.65,333.2 2 1
logistics/services/solver-svc/internal/converter/graph.go:352.91,356.29 3 1
logistics/services/solver-svc/internal/converter/graph.go:356.29,358.30 2 1
logistics/services/solver-svc/internal/converter/graph.go:358.30,359.44 1 1
logistics/services/solver-svc/internal/converter/graph.go:359.44,360.13 1 1
logistics/services/solver-svc/internal/converter/graph.go:363.4,364.33 2 1
logistics/services/solver-svc/internal/converter/graph.go:364.33,366.5 1 1
logistics/services/solver-svc/internal/converter/graph.go:368.4,375.6 1 1
logistics/services/solver-svc/internal/converter/graph.go:379.2,379.15 1 1
logistics/services/solver-svc/internal/converter/graph.go:383.37,384.57 1 1
logistics/services/solver-svc/internal/converter/graph.go:384.57,386.3 1 1
logistics/services/solver-svc/internal/converter/graph.go:399.58,400.57 1 1
logistics/services/solver-svc/internal/converter/graph.go:400.57,401.51 1 1
logistics/services/solver-svc/internal/converter/graph.go:401.51,403.4 1 1
logistics/services/solver-svc/internal/converter/graph.go:404.3,405.34 2 1
logistics/services/solver-svc/internal/converter/graph.go:411.40,413.2 1 1
logistics/services/solver-svc/internal/converter/graph.go:419.53,420.57 1 1
logistics/services/solver-svc/internal/converter/graph.go:420.57,421.21 1 1
logistics/services/solver-svc/internal/converter/graph.go:421.21,423.4 1 1
logistics/services/solver-svc/internal/converter/graph.go:424.3,424.39 1 1
logistics/services/solver-svc/internal/converter/graph.go:443.95,453.40 2 1
logistics/services/solver-svc/internal/converter/graph.go:453.40,465.54 2 1
logistics/services/solver-svc/internal/converter/graph.go:465.54,467.4 1 1
logistics/services/solver-svc/internal/converter/graph.go:469.3,469.28 1 1
logistics/services/solver-svc/internal/converter/graph.go:472.2,472.15 1 1
logistics/services/solver-svc/internal/converter/graph.go:492.85,497.40 3 1
logistics/services/solver-svc/internal/converter/graph.go:497.40,498.20 1 1
logistics/services/solver-svc/internal/converter/graph.go:499.46,500.20 1 1
logistics/services/solver-svc/internal/converter/graph.go:501.51,502.24 1 1
logistics/services/solver-svc/internal/converter/graph.go:507.2,507.40 1 1
logistics/services/solver-svc/internal/converter/graph.go:507.40,510.3 2 1
logistics/services/solver-svc/internal/converter/graph.go:512.2,517.19 4 1
logistics/services/solver-svc/internal/converter/graph.go:517.19,519.3 1 1
logistics/services/solver-svc/internal/converter/graph.go:523.2,524.19 2 1
logistics/services/solver-svc/internal/converter/graph.go:524.19,527.3 2 1
logistics/services/solver-svc/internal/converter/graph.go:529.2,538.3 1 1
logistics/services/solver-svc/internal/converter/graph.go:547.53,549.24 2 1
logistics/services/solver-svc/internal/converter/graph.go:549.24,551.3 1 1
logistics/services/solver-svc/internal/converter/graph.go:552.2,552.41 1 1
logistics/services/solver-svc/internal/converter/graph.go:552.41,552.73 1 1
logistics/services/solver-svc/internal/converter/graph.go:553.2,553.15 1 1
logistics/services/solver-svc/internal/graph/bfs.go:44.36,49.2 1 1
logistics/services/solver-svc/internal/graph/bfs.go:53.31,55.2 1 1
logistics/services/solver-svc/internal/graph/bfs.go:61.29,65.2 3 1
logistics/services/solver-svc/internal/graph/bfs.go:68.30,70.2 1 1
logistics/services/solver-svc/internal/graph/bfs.go:73.27,75.2 1 1
logistics/services/solver-svc/internal/graph/bfs.go:79.25,82.2 2 1
logistics/services/solver-svc/internal/graph/bfs.go:108.59,110.2 1 1
logistics/services/solver-svc/internal/graph/bfs.go:121.72,130.21 7 1
logistics/services/solver-svc/internal/graph/bfs.go:130.21,135.34 3 1
logistics/services/solver-svc/internal/graph/bfs.go:135.34,139.46 2 1
logistics/services/solver-svc/internal/graph/bfs.go:139.46,145.18 4 1
logistics/services/solver-svc/internal/graph/bfs.go:145.18,151.6 1 1
logistics/services/solver-svc/internal/graph/bfs.go:156.2,160.3 1 1
logistics/services/solver-svc/internal/graph/bfs.go:189.61,196.21 5 1
logistics/services/solver-svc/internal/graph/bfs.go:196.21,201.34 3 1
logistics/services/solver-svc/internal/graph/bfs.go:201.34,205.65 2 1
logistics/services/solver-svc/internal/graph/bfs.go:205.65,208.5 2 1
logistics/services/solver-svc/internal/graph/bfs.go:212.2,212.14 1 1
logistics/services/solver-svc/internal/graph/bfs.go:244.97,253.21 7 1
logistics/services/solver-svc/internal/graph/bfs.go:253.21,257.29 2 1
logistics/services/solver-svc/internal/graph/bfs.go:257.29,259.4 1 1
logistics/services/solver-svc/internal/graph/bfs.go:261.3,262.34 2 1
logistics/services/solver-svc/internal/graph/bfs.go:262.34,264.46 2 1
logistics/services/solver-svc/internal/graph/bfs.go:264.46,268.5 3 1
logistics/services/solver-svc/internal/graph/bfs.go:293.61,300.21 5 1
logistics/services/solver-svc/internal/graph/bfs.go:300.21,305.42 3 1
logistics/services/solver-svc/internal/graph/bfs.go:305.42,309.75 2 1
logistics/services/solver-svc/internal/graph/bfs.go:309.75,312.5 2 1
logistics/services/solver-svc/internal/graph/bfs.go:316.2,316.15 1 1
logistics/services/solver-svc/internal/graph/bfs.go:342.80,343.19 1 1
logistics/services/solver-svc/internal/graph/bfs.go:343.19,345.3 1 0
logistics/services/solver-svc/internal/graph/bfs.go:348.2,349.39 2 1
logistics/services/solver-svc/internal/graph/bfs.go:349.39,351.3 1 1
logistics/services/solver-svc/internal/graph/bfs.go:353.2,358.25 4 1
logistics/services/solver-svc/internal/graph/bfs.go:358.25,359.29 1 1
logistics/services/solver-svc/internal/graph/bfs.go:359.29,361.4 1 1
logistics/services/solver-svc/internal/graph/bfs.go:363.3,365.19 2 1
logistics/services/solver-svc/internal/graph/bfs.go:365.19,370.4 3 1
logistics/services/solver-svc/internal/graph/bfs.go:370.9,373.35 2 1
logistics/services/solver-svc/internal/graph/bfs.go:373.35,376.61 2 1
logistics/services/solver-svc/internal/graph/bfs.go:376.61,378.6 1 1
logistics/services/solver-svc/internal/graph/bfs.go:383.3,383.49 1 1
logistics/services/solver-svc/internal/graph/bfs.go:386.2,387.14 2 1
logistics/services/solver-svc/internal/graph/path.go:38.74,40.2 1 1
logistics/services/solver-svc/internal/graph/path.go:61.68,62.19 1 1
logistics/services/solver-svc/internal/graph/path.go:62.19,64.3 1 1
logistics/services/solver-svc/internal/graph/path.go:66.2,68.35 2 1
logistics/services/solver-svc/internal/graph/path.go:68.35,73.18 4 1
logistics/services/solver-svc/internal/graph/path.go:73.18,76.4 1 1
logistics/services/solver-svc/internal/graph/path.go:78.3,78.34 1 1
logistics/services/solver-svc/internal/graph/path.go:78.34,80.4 1 1
logistics/services/solver-svc/internal/graph/path.go:84.2,84.29 1 1
logistics/services/solver-svc/internal/graph/path.go:84.29,86.3 1 1
logistics/services/solver-svc/internal/graph/path.go:88.2,88.20 1 1
logistics/services/solver-svc/internal/graph/path.go:118.64,119.35 1 1
logistics/services/solver-svc/internal/graph/path.go:119.35,123.3 3 1
logistics/services/solver-svc/internal/graph/pool.go:83.19,90.4 1 1
logistics/services/solver-svc/internal/graph/pool.go:93.19,96.4 2 1
logistics/services/solver-svc/internal/graph/pool.go:99.19,101.4 1 1
logistics/services/solver-svc/internal/graph/pool.go:104.19,106.4 1 1
logistics/services/solver-svc/internal/graph/pool.go:109.19,111.4 1 1
logistics/services/solver-svc/internal/graph/pool.go:114.19,116.4 1 1
logistics/services/solver-svc/internal/graph/pool.go:124.27,126.2 1 1
logistics/services/solver-svc/internal/graph/pool.go:143.51,145.2 1 1
logistics/services/solver-svc/internal/graph/pool.go:153.52,154.14 1 1
logistics/services/solver-svc/internal/graph/pool.go:154.14,156.3 1 1
logistics/services/solver-svc/internal/graph/pool.go:157.2,158.17 2 1
logistics/services/solver-svc/internal/graph/pool.go:165.50,167.2 1 1
logistics/services/solver-svc/internal/graph/pool.go:173.51,174.14 1 1
logistics/services/solver-svc/internal/graph/pool.go:174.14,176.3 1 1
logistics/services/solver-svc/internal/graph/pool.go:177.2,178.22 2 1
logistics/services/solver-svc/internal/graph/pool.go:185.55,187.2 1 1
logistics/services/solver-svc/internal/graph/pool.go:193.56,194.14 1 1
logistics/services/solver-svc/internal/graph/pool.go:194.14,196.3 1 1
logistics/services/solver-svc/internal/graph/pool.go:197.2,198.20 2 1
logistics/services/solver-svc/internal/graph/pool.go:205.57,207.2 1 1
logistics/services/solver-svc/internal/graph/pool.go:213.58,214.14 1 1
logistics/services/solver-svc/internal/graph/pool.go:214.14,216.3 1 1
logistics/services/solver-svc/internal/graph/pool.go:217.2,218.20 2 1
logistics/services/solver-svc/internal/graph/pool.go:225.53,227.2 1 1
logistics/services/solver-svc/internal/graph/pool.go:233.54,234.14 1 1
logistics/services/solver-svc/internal/graph/pool.go:234.14,236.3 1 1
logistics/services/solver-svc/internal/graph/pool.go:237.2,238.19 2 1
logistics/services/solver-svc/internal/graph/pool.go:245.51,247.2 1 1
logistics/services/solver-svc/internal/graph/pool.go:253.52,254.14 1 1
logistics/services/solver-svc/internal/graph/pool.go:254.14,256.3 1 1
logistics/services/solver-svc/internal/graph/pool.go:257.2,258.18 2 1
logistics/services/solver-svc/internal/graph/pool.go:302.44,306.2 1 1
logistics/services/solver-svc/internal/graph/pool.go:311.67,312.17 1 1
logistics/services/solver-svc/internal/graph/pool.go:312.17,314.3 1 1
logistics/services/solver-svc/internal/graph/pool.go:315.2,317.3 1 1
logistics/services/solver-svc/internal/graph/pool.go:324.51,328.2 3 1
logistics/services/solver-svc/internal/graph/pool.go:331.55,335.2 3 1
logistics/services/solver-svc/internal/graph/pool.go:338.57,342.2 3 1
logistics/services/solver-svc/internal/graph/pool.go:345.53,349.2 3 1
logistics/services/solver-svc/internal/graph/pool.go:352.51,356.2 3 1
logistics/services/solver-svc/internal/graph/pool.go:359.50,363.2 3 1
logistics/services/solver-svc/internal/graph/pool.go:369.38,371.30 1 1
logistics/services/solver-svc/internal/graph/pool.go:371.30,373.3 1 1
logistics/services/solver-svc/internal/graph/pool.go:374.2,374.33 1 1
logistics/services/solver-svc/internal/graph/pool.go:374.33,376.3 1 1
logistics/services/solver-svc/internal/graph/pool.go:377.2,377.33 1 1
logistics/services/solver-svc/internal/graph/pool.go:377.33,379.3 1 1
logistics/services/solver-svc/internal/graph/pool.go:380.2,380.32 1 1
logistics/services/solver-svc/internal/graph/pool.go:380.32,382.3 1 1
logistics/services/solver-svc/internal/graph/pool.go:383.2,383.31 1 1
logistics/services/solver-svc/internal/graph/pool.go:383.31,385.3 1 1
logistics/services/solver-svc/internal/graph/pool.go:386.2,386.35 1 1
logistics/services/solver-svc/internal/graph/pool.go:386.35,388.3 1 1
logistics/services/solver-svc/internal/graph/pool.go:391.2,396.37 6 1
logistics/services/solver-svc/internal/graph/pool.go:400.36,402.2 1 1
logistics/services/solver-svc/internal/graph/residual.go:73.51,75.2 1 1
logistics/services/solver-svc/internal/graph/residual.go:79.43,81.2 1 1
logistics/services/solver-svc/internal/graph/residual.go:178.40,186.2 1 1
logistics/services/solver-svc/internal/graph/residual.go:196.34,198.26 2 1
logistics/services/solver-svc/internal/graph/residual.go:198.26,201.3 2 1
logistics/services/solver-svc/internal/graph/residual.go:202.2,202.30 1 1
logistics/services/solver-svc/internal/graph/residual.go:202.30,205.3 2 1
logistics/services/solver-svc/internal/graph/residual.go:206.2,206.33 1 1
logistics/services/solver-svc/internal/graph/residual.go:206.33,209.3 2 1
logistics/services/solver-svc/internal/graph/residual.go:211.2,214.27 4 1
logistics/services/solver-svc/internal/graph/residual.go:222.44,223.19 1 1
logistics/services/solver-svc/internal/graph/residual.go:223.19,226.3 2 1
logistics/services/solver-svc/internal/graph/residual.go:230.47,231.19 1 1
logistics/services/solver-svc/internal/graph/residual.go:231.19,234.3 2 1
logistics/services/solver-svc/internal/graph/residual.go:239.49,243.2 3 1
logistics/services/solver-svc/internal/graph/residual.go:258.74,262.27 3 1
logistics/services/solver-svc/internal/graph/residual.go:262.27,264.3 1 1
logistics/services/solver-svc/internal/graph/residual.go:266.2,266.53 1 1
logistics/services/solver-svc/internal/graph/residual.go:266.53,267.25 1 1
logistics/services/solver-svc/internal/graph/residual.go:267.25,275.4 5 1
logistics/services/solver-svc/internal/graph/residual.go:277.3,279.9 3 1
logistics/services/solver-svc/internal/graph/residual.go:283.2,295.36 4 1
logistics/services/solver-svc/internal/graph/residual.go:305.71,309.27 3 1
logistics/services/solver-svc/internal/graph/residual.go:309.27,311.3 1 1
logistics/services/solver-svc/internal/graph/residual.go:314.2,314.53 1 1
logistics/services/solver-svc/internal/graph/residual.go:314.53,316.3 1 1
logistics/services/solver-svc/internal/graph/residual.go:318.2,330.36 4 1
logistics/services/solver-svc/internal/graph/residual.go:334.78,335.32 1 1
logistics/services/solver-svc/internal/graph/residual.go:335.32,337.3 1 1
logistics/services/solver-svc/internal/graph/residual.go:338.2,338.34 1 1
logistics/services/solver-svc/internal/graph/residual.go:359.85,362.2 2 1
logistics/services/solver-svc/internal/graph/residual.go:371.64,372.27 1 1
logistics/services/solver-svc/internal/graph/residual.go:372.27,374.3 1 1
logistics/services/solver-svc/internal/graph/residual.go:375.2,375.27 1 1
logistics/services/solver-svc/internal/graph/residual.go:384.75,386.2 1 1
logistics/services/solver-svc/internal/graph/residual.go:394.71,396.2 1 1
logistics/services/solver-svc/internal/graph/residual.go:404.77,406.2 1 0
logistics/services/solver-svc/internal/graph/residual.go:413.72,415.21 2 1
logistics/services/solver-svc/internal/graph/residual.go:415.21,417.3 1 1
logistics/services/solver-svc/internal/graph/residual.go:419.2,420.35 2 1
logistics/services/solver-svc/internal/graph/residual.go:420.35,422.3 1 1
logistics/services/solver-svc/internal/graph/residual.go:425.2,425.41 1 1
logistics/services/solver-svc/internal/graph/residual.go:425.41,427.3 1 1
logistics/services/solver-svc/internal/graph/residual.go:429.2,429.15 1 1
logistics/services/solver-svc/internal/graph/residual.go:434.67,436.2 1 0
logistics/services/solver-svc/internal/graph/residual.go:446.45,448.2 1 1
logistics/services/solver-svc/internal/graph/residual.go:456.51,460.65 3 1
logistics/services/solver-svc/internal/graph/residual.go:460.65,462.30 2 1
logistics/services/solver-svc/internal/graph/residual.go:462.30,464.4 1 1
logistics/services/solver-svc/internal/graph/residual.go:465.3,465.50 1 1
logistics/services/solver-svc/internal/graph/residual.go:465.50,467.4 1 1
logistics/services/solver-svc/internal/graph/residual.go:468.3,468.30 1 1
logistics/services/solver-svc/internal/graph/residual.go:471.2,471.23 1 1
logistics/services/solver-svc/internal/graph/residual.go:475.42,477.2 1 1
logistics/services/solver-svc/internal/graph/residual.go:480.42,482.37 2 1
logistics/services/solver-svc/internal/graph/residual.go:482.37,484.3 1 1
logistics/services/solver-svc/internal/graph/residual.go:485.2,485.14 1 1
logistics/services/solver-svc/internal/graph/residual.go:505.67,507.47 1 1
logistics/services/solver-svc/internal/graph/residual.go:507.47,510.3 2 1
logistics/services/solver-svc/internal/graph/residual.go:513.2,513.55 1 1
logistics/services/solver-svc/internal/graph/residual.go:513.55,515.3 1 1
logistics/services/solver-svc/internal/graph/residual.go:515.8,517.26 1 1
logistics/services/solver-svc/internal/graph/residual.go:517.26,519.4 1 1
logistics/services/solver-svc/internal/graph/residual.go:520.3,522.25 3 1
logistics/services/solver-svc/internal/graph/residual.go:522.25,524.4 1 1
logistics/services/solver-svc/internal/graph/residual.go:525.3,536.40 4 1
logistics/services/solver-svc/internal/graph/residual.go:543.64,544.47 1 1
logistics/services/solver-svc/internal/graph/residual.go:544.47,546.3 1 1
logistics/services/solver-svc/internal/graph/residual.go:547.2,547.10 1 1
logistics/services/solver-svc/internal/graph/residual.go:554.61,556.44 2 1
logistics/services/solver-svc/internal/graph/residual.go:556.44,557.39 1 1
logistics/services/solver-svc/internal/graph/residual.go:557.39,559.4 1 1
logistics/services/solver-svc/internal/graph/residual.go:561.2,561.18 1 1
logistics/services/solver-svc/internal/graph/residual.go:568.49,571.29 3 1
logistics/services/solver-svc/internal/graph/residual.go:571.29,572.43 1 1
logistics/services/solver-svc/internal/graph/residual.go:572.43,573.40 1 1
logistics/services/solver-svc/internal/graph/residual.go:573.40,575.5 1 1
logistics/services/solver-svc/internal/graph/residual.go:578.2,578.18 1 1
logistics/services/solver-svc/internal/graph/residual.go:591.49,594.29 2 1
logistics/services/solver-svc/internal/graph/residual.go:594.29,596.3 1 1
logistics/services/solver-svc/internal/graph/residual.go:598.2,598.40 1 1
logistics/services/solver-svc/internal/graph/residual.go:598.40,602.30 3 1
logistics/services/solver-svc/internal/graph/residual.go:602.30,615.4 4 1
logistics/services/solver-svc/internal/graph/residual.go:618.2,619.14 2 1
logistics/services/solver-svc/internal/graph/residual.go:634.72,637.29 2 1
logistics/services/solver-svc/internal/graph/residual.go:637.29,639.3 1 1
logistics/services/solver-svc/internal/graph/residual.go:641.2,641.40 1 1
logistics/services/solver-svc/internal/graph/residual.go:641.40,645.30 3 1
logistics/services/solver-svc/internal/graph/residual.go:645.30,658.4 4 1
logistics/services/solver-svc/internal/graph/residual.go:661.2,662.14 2 1
logistics/services/solver-svc/internal/graph/residual.go:669.34,670.37 1 1
logistics/services/solver-svc/internal/graph/residual.go:670.37,671.30 1 1
logistics/services/solver-svc/internal/graph/residual.go:671.30,672.22 1 1
logistics/services/solver-svc/internal/graph/residual.go:672.22,674.5 1 1
logistics/services/solver-svc/internal/graph/residual.go:674.10,676.5 1 1
logistics/services/solver-svc/internal/graph/residual.go:677.4,677.17 1 1
logistics/services/solver-svc/internal/graph/residual.go:685.56,688.29 3 1
logistics/services/solver-svc/internal/graph/residual.go:688.29,689.43 1 1
logistics/services/solver-svc/internal/graph/residual.go:689.43,690.23 1 1
logistics/services/solver-svc/internal/graph/residual.go:690.23,692.5 1 1
logistics/services/solver-svc/internal/graph/residual.go:695.2,695.15 1 1
logistics/services/solver-svc/internal/graph/residual.go:727.48,731.2 1 1
logistics/services/solver-svc/internal/graph/residual.go:737.68,741.2 3 1
logistics/services/solver-svc/internal/graph/residual.go:746.69,750.2 3 1
logistics/services/solver-svc/internal/graph/residual.go:756.59,760.2 3 1
logistics/services/solver-svc/internal/graph/residual.go:766.74,770.2 3 1
logistics/services/solver-svc/internal/algorithms/bellman_ford.go:60.62,62.2 1 1
logistics/services/solver-svc/internal/algorithms/bellman_ford.go:66.57,68.2 1 1
logistics/services/solver-svc/internal/algorithms/bellman_ford.go:79.75,81.2 1 1
logistics/services/solver-svc/internal/algorithms/bellman_ford.go:99.107,108.29 5 1
logistics/services/solver-svc/internal/algorithms/bellman_ford.go:108.29,111.3 2 1
logistics/services/solver-svc/internal/algorithms/bellman_ford.go:112.2,118.27 3 1
logistics/services/solver-svc/internal/algorithms/bellman_ford.go:118.27,120.27 1 1
logistics/services/solver-svc/internal/algorithms/bellman_ford.go:120.27,121.11 1 1
logistics/services/solver-svc/internal/algorithms/bellman_ford.go:122.22,128.6 1 1
logistics/services/solver-svc/internal/algorithms/bellman_ford.go:129.12,129.12 0 1
logistics/services/solver-svc/internal/algorithms/bellman_ford.go:134.3,135.15 2 1
logistics/services/solver-svc/internal/algorithms/bellman_ford.go:135.15,136.9 1 1
logistics/services/solver-svc/internal/algorithms/bellman_ford.go:141.2,148.3 2 1
logistics/services/solver-svc/internal/algorithms/bellman_ford.go:164.119,166.2 1 1
logistics/services/solver-svc/internal/algorithms/bellman_ford.go:169.147,176.29 5 1
logistics/services/solver-svc/internal/algorithms/bellman_ford.go:176.29,179.3 2 1
logistics/services/solver-svc/internal/algorithms/bellman_ford.go:180.2,184.27 3 1
logistics/services/solver-svc/internal/algorithms/bellman_ford.go:184.27,185.27 1 1
logistics/services/solver-svc/internal/algorithms/bellman_ford.go:185.27,186.11 1 1
logistics/services/solver-svc/internal/algorithms/bellman_ford.go:187.22,193.6 1 1
logistics/services/solver-svc/internal/algorithms/bellman_ford.go:194.12,194.12 0 1
logistics/services/solver-svc/internal/algorithms/bellman_ford.go:198.3,201.27 2 1
logistics/services/solver-svc/internal/algorithms/bellman_ford.go:201.27,202.47 1 1
logistics/services/solver-svc/internal/algorithms/bellman_ford.go:202.47,203.13 1 0
logistics/services/solver-svc/internal/algorithms/bellman_ford.go:207.4,208.31 2 1
logistics/services/solver-svc/internal/algorithms/bellman_ford.go:208.31,209.38 1 1
logistics/services/solver-svc/internal/algorithms/bellman_ford.go:209.38,216.41 4 1
logistics/services/solver-svc/internal/algorithms/bellman_ford.go:216.41,220.7 3 1
logistics/services/solver-svc/internal/algorithms/bellman_ford.go:225.3,225.15 1 1
logistics/services/solver-svc/internal/algorithms/bellman_ford.go:225.15,226.9 1 1
logistics/services/solver-svc/internal/algorithms/bellman_ford.go:230.2,237.3 2 1
logistics/services/solver-svc/internal/algorithms/bellman_ford.go:259.108,266.29 5 1
logistics/services/solver-svc/internal/algorithms/bellman_ford.go:266.29,269.3 2 1
logistics/services/solver-svc/internal/algorithms/bellman_ford.go:270.2,276.27 5 1
logistics/services/solver-svc/internal/algorithms/bellman_ford.go:276.27,277.27 1 1
logistics/services/solver-svc/internal/algorithms/bellman_ford.go:277.27,278.11 1 1
logistics/services/solver-svc/internal/algorithms/bellman_ford.go:279.22,285.6 1 1
logistics/services/solver-svc/internal/algorithms/bellman_ford.go:286.12,286.12 0 1
logistics/services/solver-svc/internal/algorithms/bellman_ford.go:290.3,294.15 3 1
logistics/services/solver-svc/internal/algorithms/bellman_ford.go:294.15,295.9 1 1
logistics/services/solver-svc/internal/algorithms/bellman_ford.go:299.3,299.48 1 1
logistics/services/solver-svc/internal/algorithms/bellman_ford.go:299.48,301.48 1 1
logistics/services/solver-svc/internal/algorithms/bellman_ford.go:301.48,304.51 2 0
logistics/services/solver-svc/internal/algorithms/bellman_ford.go:304.51,307.11 1 0
logistics/services/solver-svc/internal/algorithms/bellman_ford.go:309.10,312.5 1 1
logistics/services/solver-svc/internal/algorithms/bellman_ford.go:316.2,323.3 2 1
logistics/services/solver-svc/internal/algorithms/bellman_ford.go:328.125,331.26 2 1
logistics/services/solver-svc/internal/algorithms/bellman_ford.go:331.26,333.46 1 1
logistics/services/solver-svc/internal/algorithms/bellman_ford.go:333.46,334.12 1 1
logistics/services/solver-svc/internal/algorithms/bellman_ford.go:338.3,339.30 2 1
logistics/services/solver-svc/internal/algorithms/bellman_ford.go:339.30,341.37 1 1
logistics/services/solver-svc/internal/algorithms/bellman_ford.go:341.37,346.40 3 1
logistics/services/solver-svc/internal/algorithms/bellman_ford.go:346.40,350.6 3 1
logistics/services/solver-svc/internal/algorithms/bellman_ford.go:355.2,355.16 1 1
logistics/services/solver-svc/internal/algorithms/bellman_ford.go:360.106,361.26 1 1
logistics/services/solver-svc/internal/algorithms/bellman_ford.go:361.26,362.46 1 1
logistics/services/solver-svc/internal/algorithms/bellman_ford.go:362.46,363.12 1 1
logistics/services/solver-svc/internal/algorithms/bellman_ford.go:366.3,367.30 2 1
logistics/services/solver-svc/internal/algorithms/bellman_ford.go:367.30,368.37 1 1
logistics/services/solver-svc/internal/algorithms/bellman_ford.go:368.37,370.50 2 1
logistics/services/solver-svc/internal/algorithms/bellman_ford.go:370.50,372.6 1 1
logistics/services/solver-svc/internal/algorithms/bellman_ford.go:376.2,376.14 1 1
logistics/services/solver-svc/internal/algorithms/bellman_ford.go:380.150,381.26 1 1
logistics/services/solver-svc/internal/algorithms/bellman_ford.go:381.26,382.46 1 1
logistics/services/solver-svc/internal/algorithms/bellman_ford.go:382.46,383.12 1 0
logistics/services/solver-svc/internal/algorithms/bellman_ford.go:386.3,387.30 2 1
logistics/services/solver-svc/internal/algorithms/bellman_ford.go:387.30,388.37 1 1
logistics/services/solver-svc/internal/algorithms/bellman_ford.go:388.37,391.52 3 1
logistics/services/solver-svc/internal/algorithms/bellman_ford.go:391.52,393.6 1 1
logistics/services/solver-svc/internal/algorithms/bellman_ford.go:397.2,397.14 1 1
logistics/services/solver-svc/internal/algorithms/bellman_ford.go:412.92,415.29 2 1
logistics/services/solver-svc/internal/algorithms/bellman_ford.go:415.29,417.3 1 1
logistics/services/solver-svc/internal/algorithms/bellman_ford.go:419.2,419.60 1 1
logistics/services/solver-svc/internal/algorithms/bellman_ford.go:419.60,421.3 1 1
logistics/services/solver-svc/internal/algorithms/bellman_ford.go:423.2,424.52 2 1
logistics/services/solver-svc/internal/algorithms/capacity_scaling.go:66.142,68.2 1 1
logistics/services/solver-svc/internal/algorithms/capacity_scaling.go:86.174,87.20 1 1
logistics/services/solver-svc/internal/algorithms/capacity_scaling.go:87.20,89.3 1 1
logistics/services/solver-svc/internal/algorithms/capacity_scaling.go:92.2,93.31 2 1
logistics/services/solver-svc/internal/algorithms/capacity_scaling.go:93.31,95.3 1 1
logistics/services/solver-svc/internal/algorithms/capacity_scaling.go:99.2,105.23 3 1
logistics/services/solver-svc/internal/algorithms/capacity_scaling.go:105.23,109.3 1 1
logistics/services/solver-svc/internal/algorithms/capacity_scaling.go:111.2,120.63 6 1
logistics/services/solver-svc/internal/algorithms/capacity_scaling.go:120.63,122.10 1 1
logistics/services/solver-svc/internal/algorithms/capacity_scaling.go:123.21,130.5 1 0
logistics/services/solver-svc/internal/algorithms/capacity_scaling.go:131.11,131.11 0 1
logistics/services/solver-svc/internal/algorithms/capacity_scaling.go:135.3,143.27 6 1
logistics/services/solver-svc/internal/algorithms/capacity_scaling.go:143.27,151.4 1 1
logistics/services/solver-svc/internal/algorithms/capacity_scaling.go:154.3,154.13 1 1
logistics/services/solver-svc/internal/algorithms/capacity_scaling.go:158.2,158.46 1 1
logistics/services/solver-svc/internal/algorithms/capacity_scaling.go:158.46,160.27 2 1
logistics/services/solver-svc/internal/algorithms/capacity_scaling.go:160.27,168.4 1 0
logistics/services/solver-svc/internal/algorithms/capacity_scaling.go:170.3,173.46 4 1
logistics/services/solver-svc/internal/algorithms/capacity_scaling.go:176.2,182.3 1 1
logistics/services/solver-svc/internal/algorithms/capacity_scaling.go:223.15,230.85 4 1
logistics/services/solver-svc/internal/algorithms/capacity_scaling.go:230.85,232.87 1 1
logistics/services/solver-svc/internal/algorithms/capacity_scaling.go:232.87,233.9 1 1
logistics/services/solver-svc/internal/algorithms/capacity_scaling.go:237.3,237.36 1 1
logistics/services/solver-svc/internal/algorithms/capacity_scaling.go:237.36,238.11 1 1
logistics/services/solver-svc/internal/algorithms/capacity_scaling.go:239.22,242.18 3 0
logistics/services/solver-svc/internal/algorithms/capacity_scaling.go:243.12,243.12 0 1
logistics/services/solver-svc/internal/algorithms/capacity_scaling.go:248.3,249.24 2 1
logistics/services/solver-svc/internal/algorithms/capacity_scaling.go:249.24,253.4 3 1
logistics/services/solver-svc/internal/algorithms/capacity_scaling.go:256.3,256.65 1 1
logistics/services/solver-svc/internal/algorithms/capacity_scaling.go:256.65,257.9 1 1
logistics/services/solver-svc/internal/algorithms/capacity_scaling.go:261.3,265.21 3 1
logistics/services/solver-svc/internal/algorithms/capacity_scaling.go:265.21,266.9 1 0
logistics/services/solver-svc/internal/algorithms/capacity_scaling.go:270.3,271.34 2 1
logistics/services/solver-svc/internal/algorithms/capacity_scaling.go:271.34,272.9 1 0
logistics/services/solver-svc/internal/algorithms/capacity_scaling.go:276.3,283.26 5 1
logistics/services/solver-svc/internal/algorithms/capacity_scaling.go:283.26,288.4 1 1
logistics/services/solver-svc/internal/algorithms/capacity_scaling.go:291.2,292.15 2 1
logistics/services/solver-svc/internal/algorithms/capacity_scaling.go:303.50,304.17 1 1
logistics/services/solver-svc/internal/algorithms/capacity_scaling.go:304.17,306.3 1 1
logistics/services/solver-svc/internal/algorithms/capacity_scaling.go:307.2,308.24 2 1
logistics/services/solver-svc/internal/algorithms/capacity_scaling.go:308.24,310.3 1 1
logistics/services/solver-svc/internal/algorithms/capacity_scaling.go:311.2,311.14 1 1
logistics/services/solver-svc/internal/algorithms/capacity_scaling.go:323.104,325.25 2 1
logistics/services/solver-svc/internal/algorithms/capacity_scaling.go:325.25,327.3 1 1
logistics/services/solver-svc/internal/algorithms/capacity_scaling.go:329.2,329.33 1 1
logistics/services/solver-svc/internal/algorithms/capacity_scaling.go:329.33,331.3 1 1
logistics/services/solver-svc/internal/algorithms/capacity_scaling.go:333.2,334.28 2 1
logistics/services/solver-svc/internal/algorithms/capacity_scaling.go:334.28,336.3 1 1
logistics/services/solver-svc/internal/algorithms/capacity_scaling.go:338.2,338.47 1 1
logistics/services/solver-svc/internal/algorithms/capacity_scaling.go:338.47,339.42 1 1
logistics/services/solver-svc/internal/algorithms/capacity_scaling.go:339.42,341.4 1 1
logistics/services/solver-svc/internal/algorithms/capacity_scaling.go:344.2,344.19 1 1
logistics/services/solver-svc/internal/algorithms/capacity_scaling.go:352.106,353.28 1 1
logistics/services/solver-svc/internal/algorithms/capacity_scaling.go:353.28,354.53 1 1
logistics/services/solver-svc/internal/algorithms/capacity_scaling.go:354.53,356.4 1 1
logistics/services/solver-svc/internal/algorithms/capacity_scaling.go:382.19,390.29 4 1
logistics/services/solver-svc/internal/algorithms/capacity_scaling.go:390.29,393.3 2 1
logistics/services/solver-svc/internal/algorithms/capacity_scaling.go:394.2,404.19 7 1
logistics/services/solver-svc/internal/algorithms/capacity_scaling.go:404.19,406.36 1 1
logistics/services/solver-svc/internal/algorithms/capacity_scaling.go:406.36,407.11 1 1
logistics/services/solver-svc/internal/algorithms/capacity_scaling.go:408.22,409.76 1 1
logistics/services/solver-svc/internal/algorithms/capacity_scaling.go:410.12,410.12 0 1
logistics/services/solver-svc/internal/algorithms/capacity_scaling.go:413.3,420.41 4 1
logistics/services/solver-svc/internal/algorithms/capacity_scaling.go:420.41,421.12 1 0
logistics/services/solver-svc/internal/algorithms/capacity_scaling.go:425.3,425.16 1 1
logistics/services/solver-svc/internal/algorithms/capacity_scaling.go:425.16,426.9 1 1
logistics/services/solver-svc/internal/algorithms/capacity_scaling.go:430.3,431.34 2 1
logistics/services/solver-svc/internal/algorithms/capacity_scaling.go:431.34,433.37 1 1
logistics/services/solver-svc/internal/algorithms/capacity_scaling.go:433.37,434.13 1 1
logistics/services/solver-svc/internal/algorithms/capacity_scaling.go:437.4,443.23 3 1
logistics/services/solver-svc/internal/algorithms/capacity_scaling.go:443.23,445.5 1 1
logistics/services/solver-svc/internal/algorithms/capacity_scaling.go:447.4,448.33 2 1
logistics/services/solver-svc/internal/algorithms/capacity_scaling.go:448.33,452.5 3 1
logistics/services/solver-svc/internal/algorithms/capacity_scaling.go:456.2,456.74 1 1
logistics/services/solver-svc/internal/algorithms/capacity_scaling.go:474.113,478.35 2 1
logistics/services/solver-svc/internal/algorithms/capacity_scaling.go:478.35,480.18 2 1
logistics/services/solver-svc/internal/algorithms/capacity_scaling.go:480.18,482.4 1 0
logistics/services/solver-svc/internal/algorithms/capacity_scaling.go:483.3,483.31 1 1
logistics/services/solver-svc/internal/algorithms/capacity_scaling.go:483.31,485.4 1 1
logistics/services/solver-svc/internal/algorithms/capacity_scaling.go:491.2,491.39 1 1
logistics/services/solver-svc/internal/algorithms/capacity_scaling.go:491.39,493.3 1 1
logistics/services/solver-svc/internal/algorithms/capacity_scaling.go:495.2,495.17 1 1
logistics/services/solver-svc/internal/algorithms/capacity_scaling.go:509.86,511.35 2 1
logistics/services/solver-svc/internal/algorithms/capacity_scaling.go:511.35,513.18 2 1
logistics/services/solver-svc/internal/algorithms/capacity_scaling.go:513.18,515.4 1 1
logistics/services/solver-svc/internal/algorithms/capacity_scaling.go:517.2,518.17 2 1
logistics/services/solver-svc/internal/algorithms/capacity_scaling.go:542.22,550.47 6 1
logistics/services/solver-svc/internal/algorithms/capacity_scaling.go:550.47,551.71 1 1
logistics/services/solver-svc/internal/algorithms/capacity_scaling.go:551.71,552.9 1 1
logistics/services/solver-svc/internal/algorithms/capacity_scaling.go:555.3,555.36 1 1
logistics/services/solver-svc/internal/algorithms/capacity_scaling.go:555.36,556.11 1 1
logistics/services/solver-svc/internal/algorithms/capacity_scaling.go:557.22,564.6 1 1
logistics/services/solver-svc/internal/algorithms/capacity_scaling.go:565.12,565.12 0 1
logistics/services/solver-svc/internal/algorithms/capacity_scaling.go:570.3,571.30 2 1
logistics/services/solver-svc/internal/algorithms/capacity_scaling.go:571.30,579.4 1 0
logistics/services/solver-svc/internal/algorithms/capacity_scaling.go:581.3,581.71 1 1
logistics/services/solver-svc/internal/algorithms/capacity_scaling.go:581.71,582.9 1 1
logistics/services/solver-svc/internal/algorithms/capacity_scaling.go:585.3,588.21 3 1
logistics/services/solver-svc/internal/algorithms/capacity_scaling.go:588.21,589.9 1 0
logistics/services/solver-svc/internal/algorithms/capacity_scaling.go:592.3,593.34 2 1
logistics/services/solver-svc/internal/algorithms/capacity_scaling.go:593.34,594.9 1 0
logistics/services/solver-svc/internal/algorithms/capacity_scaling.go:597.3,603.26 5 1
logistics/services/solver-svc/internal/algorithms/capacity_scaling.go:603.26,608.4 1 0
logistics/services/solver-svc/internal/algorithms/capacity_scaling.go:611.2,617.3 1 1
logistics/services/solver-svc/internal/algorithms/capacity_scaling.go:631.19,637.29 4 1
logistics/services/solver-svc/internal/algorithms/capacity_scaling.go:637.29,640.3 2 1
logistics/services/solver-svc/internal/algorithms/capacity_scaling.go:641.2,650.19 7 1
logistics/services/solver-svc/internal/algorithms/capacity_scaling.go:650.19,651.36 1 1
logistics/services/solver-svc/internal/algorithms/capacity_scaling.go:651.36,652.11 1 1
logistics/services/solver-svc/internal/algorithms/capacity_scaling.go:653.22,654.76 1 0
logistics/services/solver-svc/internal/algorithms/capacity_scaling.go:655.12,655.12 0 1
logistics/services/solver-svc/internal/algorithms/capacity_scaling.go:658.3,663.41 4 1
logistics/services/solver-svc/internal/algorithms/capacity_scaling.go:663.41,664.12 1 0
logistics/services/solver-svc/internal/algorithms/capacity_scaling.go:667.3,668.34 2 1
logistics/services/solver-svc/internal/algorithms/capacity_scaling.go:668.34,670.32 1 1
logistics/services/solver-svc/internal/algorithms/capacity_scaling.go:670.32,671.13 1 1
logistics/services/solver-svc/internal/algorithms/capacity_scaling.go:674.4,676.23 3 1
logistics/services/solver-svc/internal/algorithms/capacity_scaling.go:676.23,678.5 1 0
logistics/services/solver-svc/internal/algorithms/capacity_scaling.go:680.4,681.33 2 1
logistics/services/solver-svc/internal/algorithms/capacity_scaling.go:681.33,685.5 3 1
logistics/services/solver-svc/internal/algorithms/capacity_scaling.go:689.2,689.74 1 1
logistics/services/solver-svc/internal/algorithms/capacity_scaling.go:706.32,706.50 1 1
logistics/services/solver-svc/internal/algorithms/capacity_scaling.go:708.42,710.38 1 1
logistics/services/solver-svc/internal/algorithms/capacity_scaling.go:710.38,712.3 1 1
logistics/services/solver-svc/internal/algorithms/capacity_scaling.go:713.2,713.40 1 1
logistics/services/solver-svc/internal/algorithms/capacity_scaling.go:716.37,720.2 3 1
logistics/services/solver-svc/internal/algorithms/capacity_scaling.go:722.35,726.2 3 1
logistics/services/solver-svc/internal/algorithms/capacity_scaling.go:728.33,735.2 6 1
logistics/services/solver-svc/internal/algorithms/capacity_scaling.go:743.54,745.36 2 1
logistics/services/solver-svc/internal/algorithms/capacity_scaling.go:745.36,746.30 1 1
logistics/services/solver-svc/internal/algorithms/capacity_scaling.go:746.30,747.57 1 1
logistics/services/solver-svc/internal/algorithms/capacity_scaling.go:747.57,749.5 1 1
logistics/services/solver-svc/internal/algorithms/capacity_scaling.go:752.2,752.15 1 1
logistics/services/solver-svc/internal/algorithms/capacity_scaling.go:756.37,760.2 3 1
logistics/services/solver-svc/internal/algorithms/capacity_scaling.go:780.47,781.11 1 1
logistics/services/solver-svc/internal/algorithms/capacity_scaling.go:782.27,783.34 1 1
logistics/services/solver-svc/internal/algorithms/capacity_scaling.go:784.39,785.27 1 1
logistics/services/solver-svc/internal/algorithms/capacity_scaling.go:786.10,787.19 1 1
logistics/services/solver-svc/internal/algorithms/capacity_scaling.go:799.60,801.2 1 1
logistics/services/solver-svc/internal/algorithms/capacity_scaling.go:811.77,812.33 1 1
logistics/services/solver-svc/internal/algorithms/capacity_scaling.go:812.33,814.3 1 1
logistics/services/solver-svc/internal/algorithms/capacity_scaling.go:815.2,815.28 1 1
logistics/services/solver-svc/internal/algorithms/dijkstra.go:51.59,53.2 1 1
logistics/services/solver-svc/internal/algorithms/dijkstra.go:56.54,58.2 1 1
logistics/services/solver-svc/internal/algorithms/dijkstra.go:71.35,71.53 1 1
logistics/services/solver-svc/internal/algorithms/dijkstra.go:73.45,75.38 1 1
logistics/services/solver-svc/internal/algorithms/dijkstra.go:75.38,77.3 1 1
logistics/services/solver-svc/internal/algorithms/dijkstra.go:79.2,79.32 1 1
logistics/services/solver-svc/internal/algorithms/dijkstra.go:82.40,86.2 3 1
logistics/services/solver-svc/internal/algorithms/dijkstra.go:88.38,93.2 4 1
logistics/services/solver-svc/internal/algorithms/dijkstra.go:95.36,103.2 7 1
logistics/services/solver-svc/internal/algorithms/dijkstra.go:106.76,109.2 2 1
logistics/services/solver-svc/internal/algorithms/dijkstra.go:120.69,122.2 1 1
logistics/services/solver-svc/internal/algorithms/dijkstra.go:134.101,140.29 4 1
logistics/services/solver-svc/internal/algorithms/dijkstra.go:140.29,143.3 2 1
logistics/services/solver-svc/internal/algorithms/dijkstra.go:144.2,156.19 7 1
logistics/services/solver-svc/internal/algorithms/dijkstra.go:156.19,158.36 1 1
logistics/services/solver-svc/internal/algorithms/dijkstra.go:158.36,159.11 1 1
logistics/services/solver-svc/internal/algorithms/dijkstra.go:160.22,165.6 1 1
logistics/services/solver-svc/internal/algorithms/dijkstra.go:166.12,166.12 0 1
logistics/services/solver-svc/internal/algorithms/dijkstra.go:169.3,175.47 4 1
logistics/services/solver-svc/internal/algorithms/dijkstra.go:175.47,176.12 1 1
logistics/services/solver-svc/internal/algorithms/dijkstra.go:180.3,181.34 2 1
logistics/services/solver-svc/internal/algorithms/dijkstra.go:181.34,182.38 1 1
logistics/services/solver-svc/internal/algorithms/dijkstra.go:182.38,183.13 1 1
logistics/services/solver-svc/internal/algorithms/dijkstra.go:186.4,189.34 2 1
logistics/services/solver-svc/internal/algorithms/dijkstra.go:189.34,197.5 2 1
logistics/services/solver-svc/internal/algorithms/dijkstra.go:199.4,201.39 2 1
logistics/services/solver-svc/internal/algorithms/dijkstra.go:201.39,208.5 3 1
logistics/services/solver-svc/internal/algorithms/dijkstra.go:212.2,216.3 1 1
logistics/services/solver-svc/internal/algorithms/dijkstra.go:232.113,234.2 1 1
logistics/services/solver-svc/internal/algorithms/dijkstra.go:237.141,239.2 1 1
logistics/services/solver-svc/internal/algorithms/dijkstra.go:269.166,276.29 5 1
logistics/services/solver-svc/internal/algorithms/dijkstra.go:276.29,279.3 2 1
logistics/services/solver-svc/internal/algorithms/dijkstra.go:280.2,296.19 10 1
logistics/services/solver-svc/internal/algorithms/dijkstra.go:296.19,297.36 1 1
logistics/services/solver-svc/internal/algorithms/dijkstra.go:297.36,298.11 1 1
logistics/services/solver-svc/internal/algorithms/dijkstra.go:299.22,304.6 1 1
logistics/services/solver-svc/internal/algorithms/dijkstra.go:305.12,305.12 0 1
logistics/services/solver-svc/internal/algorithms/dijkstra.go:308.3,314.47 4 1
logistics/services/solver-svc/internal/algorithms/dijkstra.go:314.47,315.12 1 0
logistics/services/solver-svc/internal/algorithms/dijkstra.go:318.3,319.34 2 1
logistics/services/solver-svc/internal/algorithms/dijkstra.go:319.34,320.38 1 1
logistics/services/solver-svc/internal/algorithms/dijkstra.go:320.38,321.13 1 1
logistics/services/solver-svc/internal/algorithms/dijkstra.go:324.4,332.36 5 1
logistics/services/solver-svc/internal/algorithms/dijkstra.go:332.36,347.5 2 1
logistics/services/solver-svc/internal/algorithms/dijkstra.go:350.4,350.23 1 1
logistics/services/solver-svc/internal/algorithms/dijkstra.go:350.23,353.5 2 1
logistics/services/solver-svc/internal/algorithms/dijkstra.go:355.4,357.39 2 1
logistics/services/solver-svc/internal/algorithms/dijkstra.go:357.39,362.60 3 1
logistics/services/solver-svc/internal/algorithms/dijkstra.go:362.60,364.6 1 1
logistics/services/solver-svc/internal/algorithms/dijkstra.go:364.11,371.6 3 1
logistics/services/solver-svc/internal/algorithms/dijkstra.go:376.2,381.3 1 1
logistics/services/solver-svc/internal/algorithms/dijkstra.go:394.102,399.26 3 1
logistics/services/solver-svc/internal/algorithms/dijkstra.go:399.26,401.30 2 1
logistics/services/solver-svc/internal/algorithms/dijkstra.go:401.30,402.67 1 1
logistics/services/solver-svc/internal/algorithms/dijkstra.go:402.67,404.10 2 1
logistics/services/solver-svc/internal/algorithms/dijkstra.go:407.3,407.25 1 1
logistics/services/solver-svc/internal/algorithms/dijkstra.go:407.25,408.9 1 1
logistics/services/solver-svc/internal/algorithms/dijkstra.go:412.2,412.24 1 1
logistics/services/solver-svc/internal/algorithms/dijkstra.go:412.24,420.3 2 1
logistics/services/solver-svc/internal/algorithms/dijkstra.go:422.2,422.44 1 1
logistics/services/solver-svc/internal/algorithms/dinic.go:63.93,65.2 1 1
logistics/services/solver-svc/internal/algorithms/dinic.go:79.125,80.20 1 1
logistics/services/solver-svc/internal/algorithms/dinic.go:80.20,82.3 1 1
logistics/services/solver-svc/internal/algorithms/dinic.go:84.2,90.71 5 1
logistics/services/solver-svc/internal/algorithms/dinic.go:90.71,92.36 1 1
logistics/services/solver-svc/internal/algorithms/dinic.go:92.36,93.11 1 1
logistics/services/solver-svc/internal/algorithms/dinic.go:94.22,100.6 1 1
logistics/services/solver-svc/internal/algorithms/dinic.go:101.12,101.12 0 1
logistics/services/solver-svc/internal/algorithms/dinic.go:106.3,109.40 2 1
logistics/services/solver-svc/internal/algorithms/dinic.go:109.40,110.9 1 1
logistics/services/solver-svc/internal/algorithms/dinic.go:114.3,116.38 2 1
logistics/services/solver-svc/internal/algorithms/dinic.go:116.38,117.9 1 0
logistics/services/solver-svc/internal/algorithms/dinic.go:120.3,122.26 2 1
logistics/services/solver-svc/internal/algorithms/dinic.go:122.26,124.4 1 1
logistics/services/solver-svc/internal/algorithms/dinic.go:126.3,126.15 1 1
logistics/services/solver-svc/internal/algorithms/dinic.go:129.2,134.3 1 1
logistics/services/solver-svc/internal/algorithms/dinic.go:141.148,148.6 4 1
logistics/services/solver-svc/internal/algorithms/dinic.go:148.6,152.34 2 1
logistics/services/solver-svc/internal/algorithms/dinic.go:152.34,153.9 1 1
logistics/services/solver-svc/internal/algorithms/dinic.go:156.3,158.43 2 1
logistics/services/solver-svc/internal/algorithms/dinic.go:158.43,165.4 3 1
logistics/services/solver-svc/internal/algorithms/dinic.go:168.2,168.25 1 1
logistics/services/solver-svc/internal/algorithms/dinic.go:175.149,189.21 7 1
logistics/services/solver-svc/internal/algorithms/dinic.go:189.21,194.16 3 1
logistics/services/solver-svc/internal/algorithms/dinic.go:194.16,198.37 2 1
logistics/services/solver-svc/internal/algorithms/dinic.go:198.37,200.5 1 1
logistics/services/solver-svc/internal/algorithms/dinic.go:203.4,205.29 3 1
logistics/services/solver-svc/internal/algorithms/dinic.go:209.3,213.42 4 1
logistics/services/solver-svc/internal/algorithms/dinic.go:213.42,218.58 3 1
logistics/services/solver-svc/internal/algorithms/dinic.go:218.58,219.13 1 1
logistics/services/solver-svc/internal/algorithms/dinic.go:223.4,227.33 3 1
logistics/services/solver-svc/internal/algorithms/dinic.go:227.33,229.5 1 1
logistics/services/solver-svc/internal/algorithms/dinic.go:232.4,237.9 5 1
logistics/services/solver-svc/internal/algorithms/dinic.go:240.3,240.16 1 1
logistics/services/solver-svc/internal/algorithms/dinic.go:240.16,251.4 5 1
logistics/services/solver-svc/internal/algorithms/dinic.go:254.2,254.15 1 1
logistics/services/solver-svc/internal/algorithms/dinic.go:259.80,267.24 6 1
logistics/services/solver-svc/internal/algorithms/dinic.go:267.24,273.34 4 1
logistics/services/solver-svc/internal/algorithms/dinic.go:273.34,275.71 2 1
logistics/services/solver-svc/internal/algorithms/dinic.go:275.71,278.5 2 1
logistics/services/solver-svc/internal/algorithms/dinic.go:282.2,282.14 1 1
logistics/services/solver-svc/internal/algorithms/dinic.go:300.22,301.15 1 1
logistics/services/solver-svc/internal/algorithms/dinic.go:301.15,303.3 1 1
logistics/services/solver-svc/internal/algorithms/dinic.go:305.2,306.22 2 1
logistics/services/solver-svc/internal/algorithms/dinic.go:306.22,308.3 1 1
logistics/services/solver-svc/internal/algorithms/dinic.go:310.2,310.44 1 1
logistics/services/solver-svc/internal/algorithms/dinic.go:310.44,314.57 3 1
logistics/services/solver-svc/internal/algorithms/dinic.go:314.57,315.12 1 1
logistics/services/solver-svc/internal/algorithms/dinic.go:318.3,321.21 3 1
logistics/services/solver-svc/internal/algorithms/dinic.go:321.21,324.4 2 1
logistics/services/solver-svc/internal/algorithms/dinic.go:328.2,329.15 2 1
logistics/services/solver-svc/internal/algorithms/dinic.go:358.16,359.20 1 1
logistics/services/solver-svc/internal/algorithms/dinic.go:359.20,361.3 1 1
logistics/services/solver-svc/internal/algorithms/dinic.go:363.2,369.71 5 1
logistics/services/solver-svc/internal/algorithms/dinic.go:369.71,370.36 1 1
logistics/services/solver-svc/internal/algorithms/dinic.go:370.36,371.11 1 1
logistics/services/solver-svc/internal/algorithms/dinic.go:372.22,378.6 1 1
logistics/services/solver-svc/internal/algorithms/dinic.go:379.12,379.12 0 1
logistics/services/solver-svc/internal/algorithms/dinic.go:383.3,384.40 2 1
logistics/services/solver-svc/internal/algorithms/dinic.go:384.40,385.9 1 1
logistics/services/solver-svc/internal/algorithms/dinic.go:388.3,390.7 2 1
logistics/services/solver-svc/internal/algorithms/dinic.go:390.7,392.31 2 1
logistics/services/solver-svc/internal/algorithms/dinic.go:392.31,393.10 1 1
logistics/services/solver-svc/internal/algorithms/dinic.go:396.4,399.23 2 1
logistics/services/solver-svc/internal/algorithms/dinic.go:399.23,401.5 1 1
logistics/services/solver-svc/internal/algorithms/dinic.go:403.4,403.44 1 1
logistics/services/solver-svc/internal/algorithms/dinic.go:403.44,410.5 3 1
logistics/services/solver-svc/internal/algorithms/dinic.go:413.3,413.15 1 1
logistics/services/solver-svc/internal/algorithms/dinic.go:416.2,421.3 1 1
logistics/services/solver-svc/internal/algorithms/edmonds_karp.go:62.105,64.2 1 1
logistics/services/solver-svc/internal/algorithms/edmonds_karp.go:78.137,79.20 1 1
logistics/services/solver-svc/internal/algorithms/edmonds_karp.go:79.20,81.3 1 1
logistics/services/solver-svc/internal/algorithms/edmonds_karp.go:83.2,89.71 5 1
logistics/services/solver-svc/internal/algorithms/edmonds_karp.go:89.71,91.36 1 1
logistics/services/solver-svc/internal/algorithms/edmonds_karp.go:91.36,92.11 1 1
logistics/services/solver-svc/internal/algorithms/edmonds_karp.go:93.22,99.6 1 1
logistics/services/solver-svc/internal/algorithms/edmonds_karp.go:100.12,100.12 0 1
logistics/services/solver-svc/internal/algorithms/edmonds_karp.go:105.3,106.23 2 1
logistics/services/solver-svc/internal/algorithms/edmonds_karp.go:106.23,107.9 1 1
logistics/services/solver-svc/internal/algorithms/edmonds_karp.go:111.3,112.21 2 1
logistics/services/solver-svc/internal/algorithms/edmonds_karp.go:112.21,113.9 1 0
logistics/services/solver-svc/internal/algorithms/edmonds_karp.go:117.3,118.34 2 1
logistics/services/solver-svc/internal/algorithms/edmonds_karp.go:118.34,119.9 1 0
logistics/services/solver-svc/internal/algorithms/edmonds_karp.go:123.3,128.26 4 1
logistics/services/solver-svc/internal/algorithms/edmonds_karp.go:128.26,135.4 3 1
logistics/services/solver-svc/internal/algorithms/edmonds_karp.go:138.2,143.3 1 1
logistics/services/solver-svc/internal/algorithms/ford_fulkenson.go:65.109,68.2 1 1
logistics/services/solver-svc/internal/algorithms/ford_fulkenson.go:71.141,73.2 1 1
logistics/services/solver-svc/internal/algorithms/ford_fulkenson.go:87.118,89.2 1 1
logistics/services/solver-svc/internal/algorithms/ford_fulkenson.go:92.150,93.20 1 1
logistics/services/solver-svc/internal/algorithms/ford_fulkenson.go:93.20,95.3 1 1
logistics/services/solver-svc/internal/algorithms/ford_fulkenson.go:98.2,99.18 2 1
logistics/services/solver-svc/internal/algorithms/ford_fulkenson.go:99.18,101.3 1 1
logistics/services/solver-svc/internal/algorithms/ford_fulkenson.go:103.2,109.27 5 1
logistics/services/solver-svc/internal/algorithms/ford_fulkenson.go:109.27,111.36 1 1
logistics/services/solver-svc/internal/algorithms/ford_fulkenson.go:111.36,112.11 1 1
logistics/services/solver-svc/internal/algorithms/ford_fulkenson.go:113.22,119.6 1 1
logistics/services/solver-svc/internal/algorithms/ford_fulkenson.go:120.12,120.12 0 1
logistics/services/solver-svc/internal/algorithms/ford_fulkenson.go:124.3,129.13 4 1
logistics/services/solver-svc/internal/algorithms/ford_fulkenson.go:129.13,130.9 1 1
logistics/services/solver-svc/internal/algorithms/ford_fulkenson.go:133.3,134.21 2 1
logistics/services/solver-svc/internal/algorithms/ford_fulkenson.go:134.21,135.9 1 0
logistics/services/solver-svc/internal/algorithms/ford_fulkenson.go:138.3,139.34 2 1
logistics/services/solver-svc/internal/algorithms/ford_fulkenson.go:139.34,140.9 1 0
logistics/services/solver-svc/internal/algorithms/ford_fulkenson.go:143.3,148.26 4 1
logistics/services/solver-svc/internal/algorithms/ford_fulkenson.go:148.26,155.4 3 1
logistics/services/solver-svc/internal/algorithms/ford_fulkenson.go:158.2,163.3 1 1
logistics/services/solver-svc/internal/algorithms/ford_fulkenson.go:168.138,169.21 1 1
logistics/services/solver-svc/internal/algorithms/ford_fulkenson.go:169.21,171.3 1 1
logistics/services/solver-svc/internal/algorithms/ford_fulkenson.go:173.2,177.33 3 1
logistics/services/solver-svc/internal/algorithms/ford_fulkenson.go:177.33,179.48 2 1
logistics/services/solver-svc/internal/algorithms/ford_fulkenson.go:179.48,182.65 2 1
logistics/services/solver-svc/internal/algorithms/ford_fulkenson.go:182.65,184.5 1 1
logistics/services/solver-svc/internal/algorithms/ford_fulkenson.go:188.2,188.14 1 1
logistics/services/solver-svc/internal/algorithms/ford_fulkenson.go:202.118,204.2 1 1
logistics/services/solver-svc/internal/algorithms/ford_fulkenson.go:207.150,208.20 1 1
logistics/services/solver-svc/internal/algorithms/ford_fulkenson.go:208.20,210.3 1 1
logistics/services/solver-svc/internal/algorithms/ford_fulkenson.go:212.2,218.71 5 1
logistics/services/solver-svc/internal/algorithms/ford_fulkenson.go:218.71,220.36 1 1
logistics/services/solver-svc/internal/algorithms/ford_fulkenson.go:220.36,221.11 1 1
logistics/services/solver-svc/internal/algorithms/ford_fulkenson.go:222.22,228.6 1 1
logistics/services/solver-svc/internal/algorithms/ford_fulkenson.go:229.12,229.12 0 1
logistics/services/solver-svc/internal/algorithms/ford_fulkenson.go:234.3,235.13 2 1
logistics/services/solver-svc/internal/algorithms/ford_fulkenson.go:235.13,236.9 1 1
logistics/services/solver-svc/internal/algorithms/ford_fulkenson.go:239.3,240.34 2 1
logistics/services/solver-svc/internal/algorithms/ford_fulkenson.go:240.34,241.9 1 0
logistics/services/solver-svc/internal/algorithms/ford_fulkenson.go:244.3,249.26 4 1
logistics/services/solver-svc/internal/algorithms/ford_fulkenson.go:249.26,254.4 1 0
logistics/services/solver-svc/internal/algorithms/ford_fulkenson.go:257.2,262.3 1 1
logistics/services/solver-svc/internal/algorithms/ford_fulkenson.go:267.100,280.21 5 1
logistics/services/solver-svc/internal/algorithms/ford_fulkenson.go:280.21,284.29 2 1
logistics/services/solver-svc/internal/algorithms/ford_fulkenson.go:284.29,289.28 3 1
logistics/services/solver-svc/internal/algorithms/ford_fulkenson.go:289.28,291.5 1 1
logistics/services/solver-svc/internal/algorithms/ford_fulkenson.go:295.3,299.53 3 1
logistics/services/solver-svc/internal/algorithms/ford_fulkenson.go:299.53,303.49 3 1
logistics/services/solver-svc/internal/algorithms/ford_fulkenson.go:303.49,307.10 4 1
logistics/services/solver-svc/internal/algorithms/ford_fulkenson.go:311.3,311.13 1 1
logistics/services/solver-svc/internal/algorithms/ford_fulkenson.go:311.13,314.4 1 1
logistics/services/solver-svc/internal/algorithms/ford_fulkenson.go:317.2,317.19 1 1
logistics/services/solver-svc/internal/algorithms/min_cost_flow.go:85.130,87.2 1 1
logistics/services/solver-svc/internal/algorithms/min_cost_flow.go:94.162,95.20 1 1
logistics/services/solver-svc/internal/algorithms/min_cost_flow.go:95.20,97.3 1 1
logistics/services/solver-svc/internal/algorithms/min_cost_flow.go:100.2,102.24 2 1
logistics/services/solver-svc/internal/algorithms/min_cost_flow.go:103.39,104.92 1 0
logistics/services/solver-svc/internal/algorithms/min_cost_flow.go:105.10,106.85 1 1
logistics/services/solver-svc/internal/algorithms/min_cost_flow.go:111.138,113.2 1 1
logistics/services/solver-svc/internal/algorithms/min_cost_flow.go:116.170,118.2 1 0
logistics/services/solver-svc/internal/algorithms/min_cost_flow.go:125.193,126.20 1 1
logistics/services/solver-svc/internal/algorithms/min_cost_flow.go:126.20,128.3 1 1
logistics/services/solver-svc/internal/algorithms/min_cost_flow.go:130.2,130.19 1 1
logistics/services/solver-svc/internal/algorithms/min_cost_flow.go:131.39,132.92 1 1
logistics/services/solver-svc/internal/algorithms/min_cost_flow.go:133.10,134.85 1 1
logistics/services/solver-svc/internal/algorithms/min_cost_flow.go:159.167,160.20 1 1
logistics/services/solver-svc/internal/algorithms/min_cost_flow.go:160.20,162.3 1 0
logistics/services/solver-svc/internal/algorithms/min_cost_flow.go:165.2,174.29 7 1
logistics/services/solver-svc/internal/algorithms/min_cost_flow.go:174.29,176.3 1 1
logistics/services/solver-svc/internal/algorithms/min_cost_flow.go:180.2,181.25 2 1
logistics/services/solver-svc/internal/algorithms/min_cost_flow.go:181.25,183.3 1 1
logistics/services/solver-svc/internal/algorithms/min_cost_flow.go:186.2,186.33 1 1
logistics/services/solver-svc/internal/algorithms/min_cost_flow.go:186.33,188.3 1 0
logistics/services/solver-svc/internal/algorithms/min_cost_flow.go:191.2,191.29 1 1
logistics/services/solver-svc/internal/algorithms/min_cost_flow.go:191.29,192.64 1 1
logistics/services/solver-svc/internal/algorithms/min_cost_flow.go:192.64,194.4 1 1
logistics/services/solver-svc/internal/algorithms/min_cost_flow.go:198.2,208.47 4 1
logistics/services/solver-svc/internal/algorithms/min_cost_flow.go:208.47,210.71 1 1
logistics/services/solver-svc/internal/algorithms/min_cost_flow.go:210.71,211.9 1 1
logistics/services/solver-svc/internal/algorithms/min_cost_flow.go:215.3,215.36 1 1
logistics/services/solver-svc/internal/algorithms/min_cost_flow.go:215.36,216.11 1 1
logistics/services/solver-svc/internal/algorithms/min_cost_flow.go:217.22,224.6 1 0
logistics/services/solver-svc/internal/algorithms/min_cost_flow.go:225.12,225.12 0 1
logistics/services/solver-svc/internal/algorithms/min_cost_flow.go:229.3,234.55 3 1
logistics/services/solver-svc/internal/algorithms/min_cost_flow.go:234.55,236.25 2 0
logistics/services/solver-svc/internal/algorithms/min_cost_flow.go:236.25,244.5 1 0
logistics/services/solver-svc/internal/algorithms/min_cost_flow.go:245.4,245.33 1 0
logistics/services/solver-svc/internal/algorithms/min_cost_flow.go:245.33,247.10 1 0
logistics/services/solver-svc/internal/algorithms/min_cost_flow.go:251.4,251.31 1 0
logistics/services/solver-svc/internal/algorithms/min_cost_flow.go:251.31,252.64 1 0
logistics/services/solver-svc/internal/algorithms/min_cost_flow.go:252.64,254.6 1 0
logistics/services/solver-svc/internal/algorithms/min_cost_flow.go:256.4,257.34 2 0
logistics/services/solver-svc/internal/algorithms/min_cost_flow.go:258.9,258.30 1 1
logistics/services/solver-svc/internal/algorithms/min_cost_flow.go:258.30,263.4 3 1
logistics/services/solver-svc/internal/algorithms/min_cost_flow.go:263.9,266.31 2 1
logistics/services/solver-svc/internal/algorithms/min_cost_flow.go:266.31,274.5 1 1
logistics/services/solver-svc/internal/algorithms/min_cost_flow.go:275.4,276.33 2 1
logistics/services/solver-svc/internal/algorithms/min_cost_flow.go:279.3,283.56 3 1
logistics/services/solver-svc/internal/algorithms/min_cost_flow.go:283.56,284.9 1 1
logistics/services/solver-svc/internal/algorithms/min_cost_flow.go:288.3,288.29 1 1
logistics/services/solver-svc/internal/algorithms/min_cost_flow.go:288.29,289.31 1 1
logistics/services/solver-svc/internal/algorithms/min_cost_flow.go:289.31,290.55 1 1
logistics/services/solver-svc/internal/algorithms/min_cost_flow.go:290.55,292.6 1 1
logistics/services/solver-svc/internal/algorithms/min_cost_flow.go:297.3,298.21 2 1
logistics/services/solver-svc/internal/algorithms/min_cost_flow.go:298.21,299.9 1 0
logistics/services/solver-svc/internal/algorithms/min_cost_flow.go:303.3,305.28 3 1
logistics/services/solver-svc/internal/algorithms/min_cost_flow.go:305.28,307.4 1 1
logistics/services/solver-svc/internal/algorithms/min_cost_flow.go:309.3,309.34 1 1
logistics/services/solver-svc/internal/algorithms/min_cost_flow.go:309.34,310.9 1 0
logistics/services/solver-svc/internal/algorithms/min_cost_flow.go:314.3,324.26 6 1
logistics/services/solver-svc/internal/algorithms/min_cost_flow.go:324.26,331.4 3 1
logistics/services/solver-svc/internal/algorithms/min_cost_flow.go:334.2,340.3 1 1
logistics/services/solver-svc/internal/algorithms/min_cost_flow.go:360.138,362.2 1 1
logistics/services/solver-svc/internal/algorithms/min_cost_flow.go:365.170,366.20 1 1
logistics/services/solver-svc/internal/algorithms/min_cost_flow.go:366.20,368.3 1 1
logistics/services/solver-svc/internal/algorithms/min_cost_flow.go:370.2,377.47 6 1
logistics/services/solver-svc/internal/algorithms/min_cost_flow.go:377.47,378.71 1 1
logistics/services/solver-svc/internal/algorithms/min_cost_flow.go:378.71,379.9 1 1
logistics/services/solver-svc/internal/algorithms/min_cost_flow.go:382.3,382.36 1 1
logistics/services/solver-svc/internal/algorithms/min_cost_flow.go:382.36,383.11 1 1
logistics/services/solver-svc/internal/algorithms/min_cost_flow.go:384.22,391.6 1 1
logistics/services/solver-svc/internal/algorithms/min_cost_flow.go:392.12,392.12 0 1
logistics/services/solver-svc/internal/algorithms/min_cost_flow.go:397.3,398.24 2 1
logistics/services/solver-svc/internal/algorithms/min_cost_flow.go:398.24,406.4 1 0
logistics/services/solver-svc/internal/algorithms/min_cost_flow.go:409.3,409.32 1 1
logistics/services/solver-svc/internal/algorithms/min_cost_flow.go:409.32,410.9 1 0
logistics/services/solver-svc/internal/algorithms/min_cost_flow.go:414.3,414.65 1 1
logistics/services/solver-svc/internal/algorithms/min_cost_flow.go:414.65,415.9 1 1
logistics/services/solver-svc/internal/algorithms/min_cost_flow.go:418.3,419.21 2 1
logistics/services/solver-svc/internal/algorithms/min_cost_flow.go:419.21,420.9 1 0
logistics/services/solver-svc/internal/algorithms/min_cost_flow.go:423.3,425.28 3 1
logistics/services/solver-svc/internal/algorithms/min_cost_flow.go:425.28,427.4 1 1
logistics/services/solver-svc/internal/algorithms/min_cost_flow.go:429.3,429.34 1 1
logistics/services/solver-svc/internal/algorithms/min_cost_flow.go:429.34,430.9 1 0
logistics/services/solver-svc/internal/algorithms/min_cost_flow.go:433.3,440.26 6 1
logistics/services/solver-svc/internal/algorithms/min_cost_flow.go:440.26,447.4 3 1
logistics/services/solver-svc/internal/algorithms/min_cost_flow.go:450.2,456.3 1 1
logistics/services/solver-svc/internal/algorithms/min_cost_flow.go:465.82,467.35 2 1
logistics/services/solver-svc/internal/algorithms/min_cost_flow.go:467.35,469.18 2 1
logistics/services/solver-svc/internal/algorithms/min_cost_flow.go:469.18,471.4 1 1
logistics/services/solver-svc/internal/algorithms/min_cost_flow.go:473.2,473.13 1 1
logistics/services/solver-svc/internal/algorithms/min_cost_flow.go:485.47,486.9 1 1
logistics/services/solver-svc/internal/algorithms/min_cost_flow.go:487.22,488.13 1 1
logistics/services/solver-svc/internal/algorithms/min_cost_flow.go:489.23,490.13 1 1
logistics/services/solver-svc/internal/algorithms/min_cost_flow.go:491.10,492.13 1 1
logistics/services/solver-svc/internal/algorithms/push_relabel.go:79.40,84.2 1 1
logistics/services/solver-svc/internal/algorithms/push_relabel.go:86.39,86.62 1 1
logistics/services/solver-svc/internal/algorithms/push_relabel.go:87.39,87.87 1 1
logistics/services/solver-svc/internal/algorithms/push_relabel.go:88.39,88.90 1 1
logistics/services/solver-svc/internal/algorithms/push_relabel.go:90.31,92.2 1 1
logistics/services/solver-svc/internal/algorithms/push_relabel.go:94.29,100.2 5 1
logistics/services/solver-svc/internal/algorithms/push_relabel.go:103.46,106.2 2 1
logistics/services/solver-svc/internal/algorithms/push_relabel.go:109.39,110.18 1 1
logistics/services/solver-svc/internal/algorithms/push_relabel.go:110.18,113.45 2 1
logistics/services/solver-svc/internal/algorithms/push_relabel.go:113.45,115.4 1 1
logistics/services/solver-svc/internal/algorithms/push_relabel.go:118.2,118.17 1 1
logistics/services/solver-svc/internal/algorithms/push_relabel.go:146.112,151.29 4 1
logistics/services/solver-svc/internal/algorithms/push_relabel.go:151.29,153.3 1 1
logistics/services/solver-svc/internal/algorithms/push_relabel.go:155.2,168.3 1 1
logistics/services/solver-svc/internal/algorithms/push_relabel.go:172.65,172.101 1 1
logistics/services/solver-svc/internal/algorithms/push_relabel.go:173.65,173.98 1 1
logistics/services/solver-svc/internal/algorithms/push_relabel.go:174.65,174.101 1 1
logistics/services/solver-svc/internal/algorithms/push_relabel.go:175.65,175.103 1 1
logistics/services/solver-svc/internal/algorithms/push_relabel.go:176.65,176.105 1 1
logistics/services/solver-svc/internal/algorithms/push_relabel.go:177.65,177.104 1 1
logistics/services/solver-svc/internal/algorithms/push_relabel.go:193.105,195.2 1 1
logistics/services/solver-svc/internal/algorithms/push_relabel.go:198.137,199.20 1 1
logistics/services/solver-svc/internal/algorithms/push_relabel.go:199.20,201.3 1 1
logistics/services/solver-svc/internal/algorithms/push_relabel.go:203.2,203.23 1 1
logistics/services/solver-svc/internal/algorithms/push_relabel.go:203.23,205.3 1 0
logistics/services/solver-svc/internal/algorithms/push_relabel.go:207.2,215.35 5 1
logistics/services/solver-svc/internal/algorithms/push_relabel.go:215.35,216.78 1 1
logistics/services/solver-svc/internal/algorithms/push_relabel.go:216.78,219.4 2 1
logistics/services/solver-svc/internal/algorithms/push_relabel.go:222.2,226.21 4 1
logistics/services/solver-svc/internal/algorithms/push_relabel.go:226.21,227.71 1 1
logistics/services/solver-svc/internal/algorithms/push_relabel.go:227.71,228.9 1 1
logistics/services/solver-svc/internal/algorithms/push_relabel.go:232.3,232.36 1 1
logistics/services/solver-svc/internal/algorithms/push_relabel.go:232.36,233.11 1 1
logistics/services/solver-svc/internal/algorithms/push_relabel.go:234.22,239.6 1 1
logistics/services/solver-svc/internal/algorithms/push_relabel.go:240.12,240.12 0 1
logistics/services/solver-svc/internal/algorithms/push_relabel.go:245.3,245.58 1 1
logistics/services/solver-svc/internal/algorithms/push_relabel.go:245.58,249.27 3 0
logistics/services/solver-svc/internal/algorithms/push_relabel.go:249.27,251.5 1 0
logistics/services/solver-svc/internal/algorithms/push_relabel.go:252.4,252.37 1 0
logistics/services/solver-svc/internal/algorithms/push_relabel.go:252.37,253.39 1 0
logistics/services/solver-svc/internal/algorithms/push_relabel.go:253.39,254.91 1 0
logistics/services/solver-svc/internal/algorithms/push_relabel.go:254.91,257.7 2 0
logistics/services/solver-svc/internal/algorithms/push_relabel.go:261.4,261.23 1 0
logistics/services/solver-svc/internal/algorithms/push_relabel.go:261.23,262.10 1 0
logistics/services/solver-svc/internal/algorithms/push_relabel.go:267.3,272.36 4 1
logistics/services/solver-svc/internal/algorithms/push_relabel.go:272.36,273.85 1 1
logistics/services/solver-svc/internal/algorithms/push_relabel.go:273.85,276.5 2 1
logistics/services/solver-svc/internal/algorithms/push_relabel.go:280.3,280.82 1 1
logistics/services/solver-svc/internal/algorithms/push_relabel.go:280.82,281.19 1 0
logistics/services/solver-svc/internal/algorithms/push_relabel.go:281.19,284.5 2 0
logistics/services/solver-svc/internal/algorithms/push_relabel.go:287.3,287.15 1 1
logistics/services/solver-svc/internal/algorithms/push_relabel.go:290.2,294.3 1 1
logistics/services/solver-svc/internal/algorithms/push_relabel.go:312.117,314.2 1 1
logistics/services/solver-svc/internal/algorithms/push_relabel.go:317.149,318.20 1 1
logistics/services/solver-svc/internal/algorithms/push_relabel.go:318.20,320.3 1 1
logistics/services/solver-svc/internal/algorithms/push_relabel.go:322.2,322.23 1 1
logistics/services/solver-svc/internal/algorithms/push_relabel.go:322.23,324.3 1 1
logistics/services/solver-svc/internal/algorithms/push_relabel.go:326.2,333.35 4 1
logistics/services/solver-svc/internal/algorithms/push_relabel.go:333.35,334.78 1 1
logistics/services/solver-svc/internal/algorithms/push_relabel.go:334.78,336.4 1 1
logistics/services/solver-svc/internal/algorithms/push_relabel.go:339.2,343.27 4 1
logistics/services/solver-svc/internal/algorithms/push_relabel.go:343.27,344.71 1 1
logistics/services/solver-svc/internal/algorithms/push_relabel.go:344.71,345.9 1 1
logistics/services/solver-svc/internal/algorithms/push_relabel.go:348.3,348.36 1 1
logistics/services/solver-svc/internal/algorithms/push_relabel.go:348.36,349.11 1 1
logistics/services/solver-svc/internal/algorithms/push_relabel.go:350.22,355.6 1 1
logistics/services/solver-svc/internal/algorithms/push_relabel.go:356.12,356.12 0 1
logistics/services/solver-svc/internal/algorithms/push_relabel.go:358.4,358.29 1 1
logistics/services/solver-svc/internal/algorithms/push_relabel.go:358.29,359.10 1 0
logistics/services/solver-svc/internal/algorithms/push_relabel.go:364.3,364.58 1 1
logistics/services/solver-svc/internal/algorithms/push_relabel.go:364.58,368.37 3 0
logistics/services/solver-svc/internal/algorithms/push_relabel.go:368.37,369.39 1 0
logistics/services/solver-svc/internal/algorithms/push_relabel.go:369.39,370.91 1 0
logistics/services/solver-svc/internal/algorithms/push_relabel.go:370.91,372.7 1 0
logistics/services/solver-svc/internal/algorithms/push_relabel.go:378.3,379.10 2 1
logistics/services/solver-svc/internal/algorithms/push_relabel.go:379.10,380.9 1 0
logistics/services/solver-svc/internal/algorithms/push_relabel.go:384.3,384.82 1 1
logistics/services/solver-svc/internal/algorithms/push_relabel.go:384.82,385.12 1 0
logistics/services/solver-svc/internal/algorithms/push_relabel.go:389.3,389.36 1 1
logistics/services/solver-svc/internal/algorithms/push_relabel.go:389.36,390.70 1 1
logistics/services/solver-svc/internal/algorithms/push_relabel.go:390.70,392.5 1 1
logistics/services/solver-svc/internal/algorithms/push_relabel.go:396.3,396.82 1 1
logistics/services/solver-svc/internal/algorithms/push_relabel.go:396.82,398.4 1 0
logistics/services/solver-svc/internal/algorithms/push_relabel.go:400.3,400.15 1 1
logistics/services/solver-svc/internal/algorithms/push_relabel.go:403.2,407.3 1 1
logistics/services/solver-svc/internal/algorithms/push_relabel.go:424.116,426.2 1 1
logistics/services/solver-svc/internal/algorithms/push_relabel.go:429.148,430.20 1 1
logistics/services/solver-svc/internal/algorithms/push_relabel.go:430.20,432.3 1 1
logistics/services/solver-svc/internal/algorithms/push_relabel.go:434.2,434.23 1 1
logistics/services/solver-svc/internal/algorithms/push_relabel.go:434.23,436.3 1 1
logistics/services/solver-svc/internal/algorithms/push_relabel.go:438.2,443.25 4 1
logistics/services/solver-svc/internal/algorithms/push_relabel.go:443.25,445.3 1 1
logistics/services/solver-svc/internal/algorithms/push_relabel.go:447.2,451.35 3 1
logistics/services/solver-svc/internal/algorithms/push_relabel.go:451.35,452.37 1 1
logistics/services/solver-svc/internal/algorithms/push_relabel.go:452.37,453.89 1 1
logistics/services/solver-svc/internal/algorithms/push_relabel.go:453.89,457.28 4 1
logistics/services/solver-svc/internal/algorithms/push_relabel.go:457.28,459.6 1 1
logistics/services/solver-svc/internal/algorithms/push_relabel.go:464.2,468.41 4 1
logistics/services/solver-svc/internal/algorithms/push_relabel.go:468.41,469.71 1 1
logistics/services/solver-svc/internal/algorithms/push_relabel.go:469.71,470.9 1 1
logistics/services/solver-svc/internal/algorithms/push_relabel.go:473.3,473.36 1 1
logistics/services/solver-svc/internal/algorithms/push_relabel.go:473.36,474.11 1 1
logistics/services/solver-svc/internal/algorithms/push_relabel.go:475.22,480.6 1 1
logistics/services/solver-svc/internal/algorithms/push_relabel.go:481.12,481.12 0 1
logistics/services/solver-svc/internal/algorithms/push_relabel.go:486.3,486.58 1 1
logistics/services/solver-svc/internal/algorithms/push_relabel.go:486.58,489.27 2 1
logistics/services/solver-svc/internal/algorithms/push_relabel.go:489.27,491.5 1 1
logistics/services/solver-svc/internal/algorithms/push_relabel.go:492.4,492.41 1 1
logistics/services/solver-svc/internal/algorithms/push_relabel.go:492.41,493.10 1 0
logistics/services/solver-svc/internal/algorithms/push_relabel.go:495.4,495.28 1 1
logistics/services/solver-svc/internal/algorithms/push_relabel.go:495.28,497.5 1 0
logistics/services/solver-svc/internal/algorithms/push_relabel.go:498.4,500.37 2 1
logistics/services/solver-svc/internal/algorithms/push_relabel.go:500.37,501.39 1 1
logistics/services/solver-svc/internal/algorithms/push_relabel.go:501.39,502.91 1 1
logistics/services/solver-svc/internal/algorithms/push_relabel.go:502.91,506.30 4 0
logistics/services/solver-svc/internal/algorithms/push_relabel.go:506.30,508.8 1 0
logistics/services/solver-svc/internal/algorithms/push_relabel.go:515.3,515.80 1 1
logistics/services/solver-svc/internal/algorithms/push_relabel.go:515.80,517.4 1 1
logistics/services/solver-svc/internal/algorithms/push_relabel.go:519.3,519.40 1 1
logistics/services/solver-svc/internal/algorithms/push_relabel.go:519.40,520.9 1 1
logistics/services/solver-svc/internal/algorithms/push_relabel.go:524.3,530.83 5 1
logistics/services/solver-svc/internal/algorithms/push_relabel.go:530.83,531.12 1 0
logistics/services/solver-svc/internal/algorithms/push_relabel.go:535.3,535.36 1 1
logistics/services/solver-svc/internal/algorithms/push_relabel.go:535.36,536.48 1 1
logistics/services/solver-svc/internal/algorithms/push_relabel.go:536.48,537.84 1 1
logistics/services/solver-svc/internal/algorithms/push_relabel.go:537.84,541.29 4 1
logistics/services/solver-svc/internal/algorithms/push_relabel.go:541.29,543.7 1 1
logistics/services/solver-svc/internal/algorithms/push_relabel.go:549.3,549.82 1 1
logistics/services/solver-svc/internal/algorithms/push_relabel.go:549.82,550.20 1 0
logistics/services/solver-svc/internal/algorithms/push_relabel.go:550.20,554.5 3 0
logistics/services/solver-svc/internal/algorithms/push_relabel.go:557.3,557.15 1 1
logistics/services/solver-svc/internal/algorithms/push_relabel.go:560.2,564.3 1 1
logistics/services/solver-svc/internal/algorithms/push_relabel.go:572.41,574.26 1 1
logistics/services/solver-svc/internal/algorithms/push_relabel.go:574.26,576.3 1 1
logistics/services/solver-svc/internal/algorithms/push_relabel.go:577.2,580.31 2 1
logistics/services/solver-svc/internal/algorithms/push_relabel.go:580.31,582.3 1 1
logistics/services/solver-svc/internal/algorithms/push_relabel.go:583.2,583.31 1 1
logistics/services/solver-svc/internal/algorithms/push_relabel.go:583.31,585.23 2 1
logistics/services/solver-svc/internal/algorithms/push_relabel.go:585.23,587.4 1 1
logistics/services/solver-svc/internal/algorithms/push_relabel.go:591.2,592.29 2 1
logistics/services/solver-svc/internal/algorithms/push_relabel.go:592.29,593.32 1 1
logistics/services/solver-svc/internal/algorithms/push_relabel.go:593.32,598.4 4 1
logistics/services/solver-svc/internal/algorithms/push_relabel.go:602.2,602.19 1 1
logistics/services/solver-svc/internal/algorithms/push_relabel.go:615.44,617.31 1 1
logistics/services/solver-svc/internal/algorithms/push_relabel.go:617.31,619.3 1 1
logistics/services/solver-svc/internal/algorithms/push_relabel.go:622.2,623.27 2 1
logistics/services/solver-svc/internal/algorithms/push_relabel.go:623.27,625.3 1 1
logistics/services/solver-svc/internal/algorithms/push_relabel.go:626.2,633.24 5 1
logistics/services/solver-svc/internal/algorithms/push_relabel.go:633.24,642.41 5 1
logistics/services/solver-svc/internal/algorithms/push_relabel.go:642.41,648.75 3 1
logistics/services/solver-svc/internal/algorithms/push_relabel.go:648.75,651.5 2 1
logistics/services/solver-svc/internal/algorithms/push_relabel.go:656.2,659.30 2 1
logistics/services/solver-svc/internal/algorithms/push_relabel.go:659.30,661.23 2 1
logistics/services/solver-svc/internal/algorithms/push_relabel.go:661.23,663.4 1 1
logistics/services/solver-svc/internal/algorithms/push_relabel.go:667.2,667.30 1 1
logistics/services/solver-svc/internal/algorithms/push_relabel.go:667.30,669.3 1 1
logistics/services/solver-svc/internal/algorithms/push_relabel.go:673.71,675.18 2 1
logistics/services/solver-svc/internal/algorithms/push_relabel.go:675.18,677.3 1 0
logistics/services/solver-svc/internal/algorithms/push_relabel.go:679.2,679.66 1 1
logistics/services/solver-svc/internal/algorithms/push_relabel.go:679.66,682.31 2 1
logistics/services/solver-svc/internal/algorithms/push_relabel.go:682.31,683.21 1 1
logistics/services/solver-svc/internal/algorithms/push_relabel.go:683.21,684.10 1 1
logistics/services/solver-svc/internal/algorithms/push_relabel.go:686.4,687.12 2 1
logistics/services/solver-svc/internal/algorithms/push_relabel.go:690.3,693.70 3 1
logistics/services/solver-svc/internal/algorithms/push_relabel.go:693.70,699.25 5 1
logistics/services/solver-svc/internal/algorithms/push_relabel.go:699.25,701.5 1 1
logistics/services/solver-svc/internal/algorithms/push_relabel.go:702.9,704.4 1 1
logistics/services/solver-svc/internal/algorithms/push_relabel.go:709.50,711.29 2 1
logistics/services/solver-svc/internal/algorithms/push_relabel.go:711.29,713.3 1 0
logistics/services/solver-svc/internal/algorithms/push_relabel.go:715.2,716.18 2 1
logistics/services/solver-svc/internal/algorithms/push_relabel.go:716.18,720.3 3 0
logistics/services/solver-svc/internal/algorithms/push_relabel.go:723.2,724.29 2 1
logistics/services/solver-svc/internal/algorithms/push_relabel.go:724.29,725.32 1 1
logistics/services/solver-svc/internal/algorithms/push_relabel.go:725.32,727.21 2 1
logistics/services/solver-svc/internal/algorithms/push_relabel.go:727.21,729.5 1 1
logistics/services/solver-svc/internal/algorithms/push_relabel.go:733.2,733.30 1 1
logistics/services/solver-svc/internal/algorithms/push_relabel.go:733.30,737.3 3 1
logistics/services/solver-svc/internal/algorithms/push_relabel.go:739.2,740.29 2 1
logistics/services/solver-svc/internal/algorithms/push_relabel.go:740.29,744.3 3 0
logistics/services/solver-svc/internal/algorithms/push_relabel.go:747.2,748.54 2 1
logistics/services/solver-svc/internal/algorithms/push_relabel.go:748.54,750.3 1 1
logistics/services/solver-svc/internal/algorithms/push_relabel.go:752.2,755.13 3 1
logistics/services/solver-svc/internal/algorithms/push_relabel.go:759.61,760.31 1 1
logistics/services/solver-svc/internal/algorithms/push_relabel.go:760.31,762.60 2 1
[...]
logistics/services/solver-svc/internal/algorithms/solver.go:772.2,772.21 1 1
logistics/services/solver-svc/internal/algorithms/solver.go:772.21,774.3 1 1
logistics/services/solver-svc/internal/algorithms/solver.go:777.2,777.50 1 1
logistics/services/solver-svc/internal/service/solver.go:112.44,120.2 1 1
logistics/services/solver-svc/internal/service/solver.go:159.62,163.2 1 1
logistics/services/solver-svc/internal/service/solver.go:166.38,168.41 2 1
logistics/services/solver-svc/internal/service/solver.go:168.41,172.3 3 1
logistics/services/solver-svc/internal/service/solver.go:173.2,175.20 2 1
logistics/services/solver-svc/internal/service/solver.go:179.42,184.41 3 1
logistics/services/solver-svc/internal/service/solver.go:184.41,186.3 1 1
logistics/services/solver-svc/internal/service/solver.go:188.2,190.22 3 1
logistics/services/solver-svc/internal/service/solver.go:221.86,223.2 1 1
logistics/services/solver-svc/internal/service/solver.go:226.119,227.19 1 1
logistics/services/solver-svc/internal/service/solver.go:227.19,229.3 1 0
logistics/services/solver-svc/internal/service/solver.go:231.2,240.3 1 1
logistics/services/solver-svc/internal/service/solver.go:258.125,260.41 1 1
logistics/services/solver-svc/internal/service/solver.go:260.41,262.3 1 0
logistics/services/solver-svc/internal/service/solver.go:263.2,274.58 4 1
logistics/services/solver-svc/internal/service/solver.go:274.58,276.3 1 1
logistics/services/solver-svc/internal/service/solver.go:279.2,279.52 1 1
logistics/services/solver-svc/internal/service/solver.go:279.52,283.3 3 1
logistics/services/solver-svc/internal/service/solver.go:286.2,291.45 4 1
logistics/services/solver-svc/internal/service/solver.go:295.46,296.9 1 1
logistics/services/solver-svc/internal/service/solver.go:297.22,298.69 1 0
logistics/services/solver-svc/internal/service/solver.go:299.10,299.10 0 1
logistics/services/solver-svc/internal/service/solver.go:302.2,305.12 4 1
logistics/services/solver-svc/internal/service/solver.go:309.42,312.2 2 1
logistics/services/solver-svc/internal/service/solver.go:315.146,316.26 1 1
logistics/services/solver-svc/internal/service/solver.go:316.26,318.3 1 1
logistics/services/solver-svc/internal/service/solver.go:320.2,321.26 2 1
logistics/services/solver-svc/internal/service/solver.go:321.26,325.3 3 1
logistics/services/solver-svc/internal/service/solver.go:327.2,339.9 4 1
logistics/services/solver-svc/internal/service/solver.go:343.137,345.18 2 1
logistics/services/solver-svc/internal/service/solver.go:345.18,347.3 1 0
logistics/services/solver-svc/internal/service/solver.go:348.2,348.42 1 1
logistics/services/solver-svc/internal/service/solver.go:352.181,357.35 3 1
logistics/services/solver-svc/internal/service/solver.go:357.35,359.3 1 1
logistics/services/solver-svc/internal/service/solver.go:362.2,362.50 1 1
logistics/services/solver-svc/internal/service/solver.go:362.50,364.44 2 0
logistics/services/solver-svc/internal/service/solver.go:364.44,366.4 1 0
logistics/services/solver-svc/internal/service/solver.go:367.3,367.84 1 0
logistics/services/solver-svc/internal/service/solver.go:369.2,379.35 6 1
logistics/services/solver-svc/internal/service/solver.go:379.35,381.27 2 1
logistics/services/solver-svc/internal/service/solver.go:381.27,383.4 1 0
logistics/services/solver-svc/internal/service/solver.go:387.2,387.25 1 1
logistics/services/solver-svc/internal/service/solver.go:387.25,389.3 1 1
logistics/services/solver-svc/internal/service/solver.go:392.2,392.83 1 1
logistics/services/solver-svc/internal/service/solver.go:396.158,400.60 3 1
logistics/services/solver-svc/internal/service/solver.go:400.60,402.3 1 1
logistics/services/solver-svc/internal/service/solver.go:404.2,410.8 1 0
logistics/services/solver-svc/internal/service/solver.go:423.42,435.47 3 1
logistics/services/solver-svc/internal/service/solver.go:435.47,437.3 1 1
logistics/services/solver-svc/internal/service/solver.go:440.2,443.22 2 1
logistics/services/solver-svc/internal/service/solver.go:443.22,450.3 1 1
logistics/services/solver-svc/internal/service/solver.go:452.2,467.8 2 1
logistics/services/solver-svc/internal/service/solver.go:472.120,473.26 1 1
logistics/services/solver-svc/internal/service/solver.go:473.26,475.3 1 1
logistics/services/solver-svc/internal/service/solver.go:478.2,478.9 1 1
logistics/services/solver-svc/internal/service/solver.go:479.22,480.9 1 0
logistics/services/solver-svc/internal/service/solver.go:481.10,481.10 0 1
logistics/services/solver-svc/internal/service/solver.go:485.2,486.12 2 1
logistics/services/solver-svc/internal/service/solver.go:486.12,493.10 4 1
logistics/services/solver-svc/internal/service/solver.go:494.23,495.10 1 0
logistics/services/solver-svc/internal/service/solver.go:496.11,496.11 0 1
logistics/services/solver-svc/internal/service/solver.go:499.3,500.87 2 1
logistics/services/solver-svc/internal/service/solver.go:500.87,502.4 1 1
logistics/services/solver-svc/internal/service/solver.go:514.144,516.41 1 1
logistics/services/solver-svc/internal/service/solver.go:516.41,518.3 1 0
logistics/services/solver-svc/internal/service/solver.go:519.2,532.53 5 1
logistics/services/solver-svc/internal/service/solver.go:532.53,536.3 3 0
logistics/services/solver-svc/internal/service/solver.go:539.2,544.50 4 1
logistics/services/solver-svc/internal/service/solver.go:544.50,546.23 2 1
logistics/services/solver-svc/internal/service/solver.go:546.23,548.4 1 1
logistics/services/solver-svc/internal/service/solver.go:549.3,549.79 1 0
logistics/services/solver-svc/internal/service/solver.go:551.2,554.53 2 1
logistics/services/solver-svc/internal/service/solver.go:563.9,568.22 3 1
logistics/services/solver-svc/internal/service/solver.go:568.22,571.3 2 0
logistics/services/solver-svc/internal/service/solver.go:574.2,574.62 1 1
logistics/services/solver-svc/internal/service/solver.go:574.62,577.3 2 1
logistics/services/solver-svc/internal/service/solver.go:579.2,585.23 5 1
logistics/services/solver-svc/internal/service/solver.go:586.42,587.61 1 1
logistics/services/solver-svc/internal/service/solver.go:588.49,589.67 1 1
logistics/services/solver-svc/internal/service/solver.go:590.45,591.67 1 1
logistics/services/solver-svc/internal/service/solver.go:592.10,593.67 1 1
logistics/services/solver-svc/internal/service/solver.go:596.2,596.16 1 1
logistics/services/solver-svc/internal/service/solver.go:596.16,601.3 2 0
logistics/services/solver-svc/internal/service/solver.go:603.2,609.40 4 1
logistics/services/solver-svc/internal/service/solver.go:625.139,632.2 1 1
logistics/services/solver-svc/internal/service/solver.go:635.114,636.74 1 1
logistics/services/solver-svc/internal/service/solver.go:636.74,638.3 1 1
logistics/services/solver-svc/internal/service/solver.go:640.2,640.80 1 1
logistics/services/solver-svc/internal/service/solver.go:644.135,645.74 1 1
logistics/services/solver-svc/internal/service/solver.go:645.74,647.3 1 0
logistics/services/solver-svc/internal/service/solver.go:649.2,650.77 2 1
logistics/services/solver-svc/internal/service/solver.go:654.138,663.19 2 1
logistics/services/solver-svc/internal/service/solver.go:663.19,668.3 1 1
logistics/services/solver-svc/internal/service/solver.go:670.2,670.48 1 1
logistics/services/solver-svc/internal/service/solver.go:670.48,672.3 1 0
logistics/services/solver-svc/internal/service/solver.go:674.2,675.12 2 1
logistics/services/solver-svc/internal/service/solver.go:679.98,688.2 1 1
logistics/services/solver-svc/internal/service/solver.go:691.64,699.2 1 1
logistics/services/solver-svc/internal/service/solver.go:712.9,716.6 3 1
logistics/services/solver-svc/internal/service/solver.go:716.6,718.42 1 1
logistics/services/solver-svc/internal/service/solver.go:718.42,719.11 1 1
logistics/services/solver-svc/internal/service/solver.go:720.22,721.21 1 0
logistics/services/solver-svc/internal/service/solver.go:722.12,722.12 0 1
logistics/services/solver-svc/internal/service/solver.go:727.3,727.64 1 1
logistics/services/solver-svc/internal/service/solver.go:727.64,728.9 1 0
logistics/services/solver-svc/internal/service/solver.go:732.3,733.23 2 1
logistics/services/solver-svc/internal/service/solver.go:733.23,734.9 1 1
logistics/services/solver-svc/internal/service/solver.go:737.3,738.21 2 1
logistics/services/solver-svc/internal/service/solver.go:738.21,739.9 1 0
logistics/services/solver-svc/internal/service/solver.go:742.3,743.31 2 1
logistics/services/solver-svc/internal/service/solver.go:743.31,744.9 1 0
logistics/services/solver-svc/internal/service/solver.go:747.3,752.83 4 1
logistics/services/solver-svc/internal/service/solver.go:752.83,754.4 1 0
logistics/services/solver-svc/internal/service/solver.go:757.2,757.12 1 1
logistics/services/solver-svc/internal/service/solver.go:767.9,771.6 3 1
logistics/services/solver-svc/internal/service/solver.go:771.6,773.42 1 1
logistics/services/solver-svc/internal/service/solver.go:773.42,774.11 1 1
logistics/services/solver-svc/internal/service/solver.go:775.22,776.21 1 0
logistics/services/solver-svc/internal/service/solver.go:777.12,777.12 0 1
logistics/services/solver-svc/internal/service/solver.go:782.3,782.64 1 1
logistics/services/solver-svc/internal/service/solver.go:782.64,783.9 1 0
logistics/services/solver-svc/internal/service/solver.go:787.3,788.40 2 1
logistics/services/solver-svc/internal/service/solver.go:788.40,789.9 1 1
logistics/services/solver-svc/internal/service/solver.go:793.3,796.7 3 1
logistics/services/solver-svc/internal/service/solver.go:796.7,798.28 2 1
logistics/services/solver-svc/internal/service/solver.go:798.28,799.10 1 1
logistics/services/solver-svc/internal/service/solver.go:802.4,807.80 4 1
logistics/services/solver-svc/internal/service/solver.go:807.80,809.5 1 0
logistics/services/solver-svc/internal/service/solver.go:812.4,812.11 1 1
logistics/services/solver-svc/internal/service/solver.go:813.22,814.21 1 0
logistics/services/solver-svc/internal/service/solver.go:815.12,815.12 0 1
logistics/services/solver-svc/internal/service/solver.go:819.3,819.32 1 1
logistics/services/solver-svc/internal/service/solver.go:819.32,820.9 1 0
logistics/services/solver-svc/internal/service/solver.go:824.2,824.12 1 1
logistics/services/solver-svc/internal/service/solver.go:834.22,841.20 5 1
logistics/services/solver-svc/internal/service/solver.go:841.20,844.16 2 1
logistics/services/solver-svc/internal/service/solver.go:844.16,848.37 2 1
logistics/services/solver-svc/internal/service/solver.go:848.37,850.5 1 1
logistics/services/solver-svc/internal/service/solver.go:852.4,854.29 3 1
logistics/services/solver-svc/internal/service/solver.go:857.3,861.42 4 1
logistics/services/solver-svc/internal/service/solver.go:861.42,865.58 3 1
logistics/services/solver-svc/internal/service/solver.go:865.58,866.13 1 1
logistics/services/solver-svc/internal/service/solver.go:869.4,872.33 3 1
logistics/services/solver-svc/internal/service/solver.go:872.33,874.5 1 1
logistics/services/solver-svc/internal/service/solver.go:876.4,880.9 4 1
logistics/services/solver-svc/internal/service/solver.go:883.3,883.16 1 1
logistics/services/solver-svc/internal/service/solver.go:883.16,888.4 4 1
logistics/services/solver-svc/internal/service/solver.go:891.2,891.15 1 1
logistics/services/solver-svc/internal/service/solver.go:901.9,905.12 2 1
logistics/services/solver-svc/internal/service/solver.go:905.12,908.3 2 1
logistics/services/solver-svc/internal/service/solver.go:910.2,914.6 4 1
logistics/services/solver-svc/internal/service/solver.go:914.6,915.10 1 1
logistics/services/solver-svc/internal/service/solver.go:916.21,917.20 1 0
logistics/services/solver-svc/internal/service/solver.go:919.29,920.23 1 1
logistics/services/solver-svc/internal/service/solver.go:920.23,922.5 1 0
logistics/services/solver-svc/internal/service/solver.go:923.4,923.14 1 1
logistics/services/solver-svc/internal/service/solver.go:925.27,928.96 3 0
logistics/services/solver-svc/internal/service/solver.go:928.96,930.5 1 0
logistics/services/solver-svc/internal/service/solver.go:942.9,946.23 3 1
logistics/services/solver-svc/internal/service/solver.go:946.23,948.3 1 0
logistics/services/solver-svc/internal/service/solver.go:949.2,954.29 4 1
logistics/services/solver-svc/internal/service/solver.go:954.29,956.3 1 1
logistics/services/solver-svc/internal/service/solver.go:958.2,959.25 2 1
logistics/services/solver-svc/internal/service/solver.go:959.25,961.3 1 0
logistics/services/solver-svc/internal/service/solver.go:963.2,963.34 1 1
logistics/services/solver-svc/internal/service/solver.go:963.34,964.30 1 1
logistics/services/solver-svc/internal/service/solver.go:964.30,965.65 1 1
logistics/services/solver-svc/internal/service/solver.go:965.65,967.5 1 1
logistics/services/solver-svc/internal/service/solver.go:971.2,976.44 5 1
logistics/services/solver-svc/internal/service/solver.go:976.44,978.42 1 1
logistics/services/solver-svc/internal/service/solver.go:978.42,979.11 1 1
logistics/services/solver-svc/internal/service/solver.go:980.22,981.21 1 0
logistics/services/solver-svc/internal/service/solver.go:982.12,982.12 0 1
logistics/services/solver-svc/internal/service/solver.go:987.3,987.64 1 1
logistics/services/solver-svc/internal/service/solver.go:987.64,988.9 1 0
logistics/services/solver-svc/internal/service/solver.go:991.3,995.21 4 1
logistics/services/solver-svc/internal/service/solver.go:995.21,1000.4 4 1
logistics/services/solver-svc/internal/service/solver.go:1000.9,1002.31 2 0
logistics/services/solver-svc/internal/service/solver.go:1002.31,1004.5 1 0
logistics/services/solver-svc/internal/service/solver.go:1005.4,1007.33 3 0
logistics/services/solver-svc/internal/service/solver.go:1010.3,1010.54 1 1
logistics/services/solver-svc/internal/service/solver.go:1010.54,1011.9 1 0
logistics/services/solver-svc/internal/service/solver.go:1015.3,1015.29 1 1
logistics/services/solver-svc/internal/service/solver.go:1015.29,1016.31 1 0
logistics/services/solver-svc/internal/service/solver.go:1016.31,1017.55 1 0
logistics/services/solver-svc/internal/service/solver.go:1017.55,1019.6 1 0
logistics/services/solver-svc/internal/service/solver.go:1023.3,1024.21 2 1
logistics/services/solver-svc/internal/service/solver.go:1024.21,1025.9 1 0
logistics/services/solver-svc/internal/service/solver.go:1028.3,1030.31 3 1
logistics/services/solver-svc/internal/service/solver.go:1030.31,1031.9 1 0
logistics/services/solver-svc/internal/service/solver.go:1035.3,1036.36 2 1
logistics/services/solver-svc/internal/service/solver.go:1036.36,1038.19 2 1
logistics/services/solver-svc/internal/service/solver.go:1038.19,1040.5 1 1
logistics/services/solver-svc/internal/service/solver.go:1043.3,1050.104 5 1
logistics/services/solver-svc/internal/service/solver.go:1050.104,1052.4 1 0
logistics/services/solver-svc/internal/service/solver.go:1055.2,1055.12 1 1
logistics/services/solver-svc/internal/service/solver.go:1063.125,1070.29 5 1
logistics/services/solver-svc/internal/service/solver.go:1070.29,1081.3 1 1
logistics/services/solver-svc/internal/service/solver.go:1083.2,1087.8 2 1
logistics/services/solver-svc/internal/service/solver.go:1095.42,1104.2 1 1
logistics/services/solver-svc/internal/service/solver.go:1107.42,1108.9 1 0
logistics/services/solver-svc/internal/service/solver.go:1109.22,1110.15 1 0
logistics/services/solver-svc/internal/service/solver.go:1111.10,1112.14 1 0
logistics/services/solver-svc/internal/service/solver.go:1118.40,1119.20 1 0
logistics/services/solver-svc/internal/service/solver.go:1119.20,1121.3 1 0
logistics/services/solver-svc/internal/service/solver.go:1123.2,1126.42 3 0
logistics/services/solver-svc/internal/service/solver.go:1141.61,1144.27 2 0
logistics/services/solver-svc/internal/service/solver.go:1144.27,1148.13 3 0
logistics/services/solver-svc/internal/service/solver.go:1148.13,1151.4 2 0
logistics/services/solver-svc/internal/service/solver.go:1153.3,1153.10 1 0
logistics/services/solver-svc/internal/service/solver.go:1154.15,1155.56 1 0
logistics/services/solver-svc/internal/service/solver.go:1156.21,1160.5 2 0
logistics/services/solver-svc/internal/service/solver.go:1164.2,1164.12 1 0
logistics/services/solver-svc/internal/service/solver.go:1172.86,1174.2 1 1
logistics/services/solver-svc/internal/service/solver.go:1177.99,1179.2 1 1
logistics/services/solver-svc/internal/service/solver.go:1182.64,1183.14 1 1
logistics/services/solver-svc/internal/service/solver.go:1183.14,1185.3 1 1
logistics/services/solver-svc/internal/service/solver.go:1187.2,1187.23 1 1
logistics/services/solver-svc/internal/service/solver.go:1187.23,1189.3 1 1
logistics/services/solver-svc/internal/service/solver.go:1191.2,1191.34 1 1
logistics/services/solver-svc/internal/service/solver.go:1191.34,1194.3 1 0
logistics/services/solver-svc/internal/service/solver.go:1196.2,1196.34 1 1
logistics/services/solver-svc/internal/service/solver.go:1196.34,1199.3 1 0
logistics/services/solver-svc/internal/service/solver.go:1202.2,1203.31 2 1
logistics/services/solver-svc/internal/service/solver.go:1203.31,1205.3 1 1
logistics/services/solver-svc/internal/service/solver.go:1207.2,1207.29 1 1
logistics/services/solver-svc/internal/service/solver.go:1207.29,1209.3 1 1
logistics/services/solver-svc/internal/service/solver.go:1211.2,1211.27 1 1
logistics/services/solver-svc/internal/service/solver.go:1211.27,1213.3 1 1
logistics/services/solver-svc/internal/service/solver.go:1215.2,1215.28 1 1
logistics/services/solver-svc/internal/service/solver.go:1215.28,1217.3 1 1
logistics/services/solver-svc/internal/service/solver.go:1219.2,1219.12 1 1
logistics/services/solver-svc/internal/service/solver.go:1227.105,1230.17 2 1
logistics/services/solver-svc/internal/service/solver.go:1230.17,1232.3 1 1
logistics/services/solver-svc/internal/service/solver.go:1235.2,1235.22 1 1
logistics/services/solver-svc/internal/service/solver.go:1235.22,1237.27 2 1
logistics/services/solver-svc/internal/service/solver.go:1237.27,1239.4 1 1
logistics/services/solver-svc/internal/service/solver.go:1239.9,1239.34 1 1
logistics/services/solver-svc/internal/service/solver.go:1239.34,1241.4 1 1
logistics/services/solver-svc/internal/service/solver.go:1242.3,1242.27 1 1
logistics/services/solver-svc/internal/service/solver.go:1246.2,1246.28 1 1
logistics/services/solver-svc/internal/service/solver.go:1246.28,1248.30 2 1
logistics/services/solver-svc/internal/service/solver.go:1248.30,1250.4 1 1
logistics/services/solver-svc/internal/service/solver.go:1251.3,1251.33 1 1
logistics/services/solver-svc/internal/service/solver.go:1255.2,1255.29 1 1
logistics/services/solver-svc/internal/service/solver.go:1255.29,1257.34 2 1
logistics/services/solver-svc/internal/service/solver.go:1257.34,1259.4 1 1
logistics/services/solver-svc/internal/service/solver.go:1259.9,1259.41 1 1
logistics/services/solver-svc/internal/service/solver.go:1259.41,1261.4 1 1
logistics/services/solver-svc/internal/service/solver.go:1262.3,1262.65 1 1
logistics/services/solver-svc/internal/service/solver.go:1265.2,1267.15 2 1
logistics/services/solver-svc/factory.go:11.62,14.2 1 0
logistics/services/solver-svc/cmd/main.go:360.13,373.16 2 0
logistics/services/solver-svc/cmd/main.go:373.16,375.3 1 0
logistics/services/solver-svc/cmd/main.go:391.2,416.25 3 0
logistics/services/solver-svc/cmd/main.go:416.25,425.17 2 0
logistics/services/solver-svc/cmd/main.go:425.17,427.4 1 0
logistics/services/solver-svc/cmd/main.go:427.9,428.17 1 0
logistics/services/solver-svc/cmd/main.go:428.17,431.52 3 0
logistics/services/solver-svc/cmd/main.go:431.52,433.6 1 0
logistics/services/solver-svc/cmd/main.go:435.4,435.78 1 0
logistics/services/solver-svc/cmd/main.go:451.2,470.23 3 0
logistics/services/solver-svc/cmd/main.go:470.23,477.17 3 0
logistics/services/solver-svc/cmd/main.go:477.17,479.4 1 0
logistics/services/solver-svc/cmd/main.go:479.9,486.4 2 0
logistics/services/solver-svc/cmd/main.go:502.2,553.34 5 0
logistics/services/solver-svc/cmd/main.go:553.34,555.3 1 0
