mode: set
logistics/services/simulation-svc/internal/engine/graph.go:10.52,11.14 1 1
logistics/services/simulation-svc/internal/engine/graph.go:11.14,13.3 1 1
logistics/services/simulation-svc/internal/engine/graph.go:15.2,24.31 2 1
logistics/services/simulation-svc/internal/engine/graph.go:24.31,26.3 1 1
logistics/services/simulation-svc/internal/engine/graph.go:28.2,28.31 1 1
logistics/services/simulation-svc/internal/engine/graph.go:28.31,39.35 2 1
logistics/services/simulation-svc/internal/engine/graph.go:39.35,41.4 1 1
logistics/services/simulation-svc/internal/engine/graph.go:44.2,44.31 1 1
logistics/services/simulation-svc/internal/engine/graph.go:44.31,55.3 1 1
logistics/services/simulation-svc/internal/engine/graph.go:57.2,57.14 1 1
logistics/services/simulation-svc/internal/engine/graph.go:61.95,66.38 3 1
logistics/services/simulation-svc/internal/engine/graph.go:66.38,68.3 1 1
logistics/services/simulation-svc/internal/engine/graph.go:70.2,71.38 2 1
logistics/services/simulation-svc/internal/engine/graph.go:71.38,74.3 2 1
logistics/services/simulation-svc/internal/engine/graph.go:76.2,76.27 1 1
logistics/services/simulation-svc/internal/engine/graph.go:76.27,77.19 1 1
logistics/services/simulation-svc/internal/engine/graph.go:78.68,79.51 1 1
logistics/services/simulation-svc/internal/engine/graph.go:81.68,85.40 3 1
logistics/services/simulation-svc/internal/engine/graph.go:85.40,87.5 1 1
logistics/services/simulation-svc/internal/engine/graph.go:89.65,97.74 3 1
logistics/services/simulation-svc/internal/engine/graph.go:99.68,100.51 1 1
logistics/services/simulation-svc/internal/engine/graph.go:102.68,106.40 3 1
logistics/services/simulation-svc/internal/engine/graph.go:106.40,108.5 1 1
logistics/services/simulation-svc/internal/engine/graph.go:109.4,110.40 2 1
logistics/services/simulation-svc/internal/engine/graph.go:110.40,112.5 1 1
logistics/services/simulation-svc/internal/engine/graph.go:114.69,116.37 1 1
logistics/services/simulation-svc/internal/engine/graph.go:120.2,120.17 1 1
logistics/services/simulation-svc/internal/engine/graph.go:123.101,126.9 3 1
logistics/services/simulation-svc/internal/engine/graph.go:126.9,128.3 1 1
logistics/services/simulation-svc/internal/engine/graph.go:130.2,133.44 4 1
logistics/services/simulation-svc/internal/engine/graph.go:136.100,138.9 2 1
logistics/services/simulation-svc/internal/engine/graph.go:138.9,140.3 1 0
logistics/services/simulation-svc/internal/engine/graph.go:142.2,143.20 2 1
logistics/services/simulation-svc/internal/engine/graph.go:144.66,145.52 1 1
logistics/services/simulation-svc/internal/engine/graph.go:146.66,147.52 1 1
logistics/services/simulation-svc/internal/engine/graph.go:151.75,153.31 2 1
logistics/services/simulation-svc/internal/engine/graph.go:153.31,154.49 1 1
logistics/services/simulation-svc/internal/engine/graph.go:154.49,156.4 1 1
logistics/services/simulation-svc/internal/engine/graph.go:158.2,159.10 2 1
logistics/services/simulation-svc/internal/engine/graph.go:162.66,165.31 2 1
logistics/services/simulation-svc/internal/engine/graph.go:165.31,166.24 1 1
logistics/services/simulation-svc/internal/engine/graph.go:166.24,168.4 1 1
logistics/services/simulation-svc/internal/engine/graph.go:170.2,174.31 3 1
logistics/services/simulation-svc/internal/engine/graph.go:174.31,175.47 1 1
logistics/services/simulation-svc/internal/engine/graph.go:175.47,177.4 1 1
logistics/services/simulation-svc/internal/engine/graph.go:179.2,181.10 2 1
logistics/services/simulation-svc/internal/engine/graph.go:184.51,185.31 1 1
logistics/services/simulation-svc/internal/engine/graph.go:185.31,186.47 1 1
logistics/services/simulation-svc/internal/engine/graph.go:186.47,188.4 1 1
logistics/services/simulation-svc/internal/engine/graph.go:192.90,193.16 1 1
logistics/services/simulation-svc/internal/engine/graph.go:194.68,195.23 1 1
logistics/services/simulation-svc/internal/engine/graph.go:196.64,197.19 1 1
logistics/services/simulation-svc/internal/engine/graph.go:198.66,199.21 1 1
logistics/services/simulation-svc/internal/engine/graph.go:200.10,201.23 1 1
logistics/services/simulation-svc/internal/engine/graph.go:205.97,206.16 1 1
logistics/services/simulation-svc/internal/engine/graph.go:207.68,208.24 1 1
logistics/services/simulation-svc/internal/engine/graph.go:209.64,210.20 1 1
logistics/services/simulation-svc/internal/engine/graph.go:211.66,212.22 1 1
logistics/services/simulation-svc/internal/engine/graph.go:216.81,217.32 1 1
logistics/services/simulation-svc/internal/engine/graph.go:218.48,219.25 1 1
logistics/services/simulation-svc/internal/engine/graph.go:220.49,221.36 1 1
logistics/services/simulation-svc/internal/engine/graph.go:222.40,223.27 1 1
logistics/services/simulation-svc/internal/engine/graph.go:224.10,225.17 1 1
logistics/services/simulation-svc/internal/engine/graph.go:229.80,230.32 1 1
logistics/services/simulation-svc/internal/engine/graph.go:231.48,232.25 1 1
logistics/services/simulation-svc/internal/engine/graph.go:233.10,234.22 1 1
logistics/services/simulation-svc/internal/engine/graph.go:238.37,240.2 1 1
logistics/services/simulation-svc/internal/engine/graph.go:243.35,244.14 1 1
logistics/services/simulation-svc/internal/engine/graph.go:244.14,246.3 1 1
logistics/services/simulation-svc/internal/engine/graph.go:247.2,247.31 1 1
logistics/services/simulation-svc/internal/engine/graph.go:247.31,249.3 1 1
logistics/services/simulation-svc/internal/engine/monte_carlo.go:25.119,27.19 2 1
logistics/services/simulation-svc/internal/engine/monte_carlo.go:27.19,29.3 1 1
logistics/services/simulation-svc/internal/engine/monte_carlo.go:30.2,30.15 1 1
logistics/services/simulation-svc/internal/engine/monte_carlo.go:30.15,32.3 1 1
logistics/services/simulation-svc/internal/engine/monte_carlo.go:34.2,38.3 1 1
logistics/services/simulation-svc/internal/engine/monte_carlo.go:56.48,58.24 2 1
logistics/services/simulation-svc/internal/engine/monte_carlo.go:58.24,60.3 1 0
logistics/services/simulation-svc/internal/engine/monte_carlo.go:62.2,67.70 4 1
logistics/services/simulation-svc/internal/engine/monte_carlo.go:67.70,69.3 1 1
logistics/services/simulation-svc/internal/engine/monte_carlo.go:70.2,70.24 1 1
logistics/services/simulation-svc/internal/engine/monte_carlo.go:70.24,72.3 1 1
logistics/services/simulation-svc/internal/engine/monte_carlo.go:75.2,79.34 3 1
logistics/services/simulation-svc/internal/engine/monte_carlo.go:79.34,81.25 2 1
logistics/services/simulation-svc/internal/engine/monte_carlo.go:81.25,86.33 3 1
logistics/services/simulation-svc/internal/engine/monte_carlo.go:86.33,87.12 1 1
logistics/services/simulation-svc/internal/engine/monte_carlo.go:88.23,89.12 1 0
logistics/services/simulation-svc/internal/engine/monte_carlo.go:90.13,90.13 0 1
logistics/services/simulation-svc/internal/engine/monte_carlo.go:94.5,104.22 4 1
logistics/services/simulation-svc/internal/engine/monte_carlo.go:104.22,107.6 2 1
logistics/services/simulation-svc/internal/engine/monte_carlo.go:109.5,113.52 3 1
logistics/services/simulation-svc/internal/engine/monte_carlo.go:113.52,115.13 2 1
logistics/services/simulation-svc/internal/engine/monte_carlo.go:123.8,123.8 0 1
logistics/services/simulation-svc/internal/engine/monte_carlo.go:124.14,124.14 0 0
logistics/services/simulation-svc/internal/engine/monte_carlo.go:127.5,127.16 1 1
logistics/services/simulation-svc/internal/engine/monte_carlo.go:133.2,133.37 1 1
logistics/services/simulation-svc/internal/engine/monte_carlo.go:133.37,135.3 1 1
logistics/services/simulation-svc/internal/engine/monte_carlo.go:136.2,142.34 3 1
logistics/services/simulation-svc/internal/engine/monte_carlo.go:149.19,152.34 2 1
logistics/services/simulation-svc/internal/engine/monte_carlo.go:152.34,155.17 2 1
logistics/services/simulation-svc/internal/engine/monte_carlo.go:156.59,157.63 1 1
logistics/services/simulation-svc/internal/engine/monte_carlo.go:159.59,160.65 1 1
logistics/services/simulation-svc/internal/engine/monte_carlo.go:162.61,163.57 1 1
logistics/services/simulation-svc/internal/engine/monte_carlo.go:167.2,167.14 1 1
logistics/services/simulation-svc/internal/engine/monte_carlo.go:170.104,171.17 1 1
logistics/services/simulation-svc/internal/engine/monte_carlo.go:171.17,173.3 1 1
logistics/services/simulation-svc/internal/engine/monte_carlo.go:175.2,175.19 1 1
logistics/services/simulation-svc/internal/engine/monte_carlo.go:176.62,177.53 1 1
logistics/services/simulation-svc/internal/engine/monte_carlo.go:179.63,180.63 1 1
logistics/services/simulation-svc/internal/engine/monte_carlo.go:182.66,186.13 4 1
logistics/services/simulation-svc/internal/engine/monte_carlo.go:186.13,188.4 1 1
logistics/services/simulation-svc/internal/engine/monte_carlo.go:189.3,189.53 1 1
logistics/services/simulation-svc/internal/engine/monte_carlo.go:191.65,192.63 1 1
logistics/services/simulation-svc/internal/engine/monte_carlo.go:194.67,195.40 1 1
logistics/services/simulation-svc/internal/engine/monte_carlo.go:197.10,198.13 1 1
logistics/services/simulation-svc/internal/engine/monte_carlo.go:207.3,208.35 1 1
logistics/services/simulation-svc/internal/engine/monte_carlo.go:208.35,209.57 1 1
logistics/services/simulation-svc/internal/engine/monte_carlo.go:209.57,210.18 1 1
logistics/services/simulation-svc/internal/engine/monte_carlo.go:211.70,212.32 1 1
logistics/services/simulation-svc/internal/engine/monte_carlo.go:213.66,214.28 1 1
logistics/services/simulation-svc/internal/engine/monte_carlo.go:216.4,216.10 1 1
logistics/services/simulation-svc/internal/engine/monte_carlo.go:226.3,227.35 1 1
logistics/services/simulation-svc/internal/engine/monte_carlo.go:227.35,228.24 1 1
logistics/services/simulation-svc/internal/engine/monte_carlo.go:228.24,229.18 1 1
logistics/services/simulation-svc/internal/engine/monte_carlo.go:230.68,231.30 1 1
logistics/services/simulation-svc/internal/engine/monte_carlo.go:232.68,233.30 1 1
logistics/services/simulation-svc/internal/engine/monte_carlo.go:235.4,235.10 1 1
logistics/services/simulation-svc/internal/engine/monte_carlo.go:244.3,245.35 1 1
logistics/services/simulation-svc/internal/engine/monte_carlo.go:245.35,246.17 1 1
logistics/services/simulation-svc/internal/engine/monte_carlo.go:247.69,248.31 1 1
logistics/services/simulation-svc/internal/engine/monte_carlo.go:249.65,250.27 1 0
logistics/services/simulation-svc/internal/engine/monte_carlo.go:260.91,261.23 1 1
logistics/services/simulation-svc/internal/engine/monte_carlo.go:261.23,263.3 1 1
logistics/services/simulation-svc/internal/engine/monte_carlo.go:265.2,266.28 2 1
logistics/services/simulation-svc/internal/engine/monte_carlo.go:266.28,269.3 2 1
logistics/services/simulation-svc/internal/engine/monte_carlo.go:271.2,276.49 5 1
logistics/services/simulation-svc/internal/engine/monte_carlo.go:279.116,281.12 2 1
logistics/services/simulation-svc/internal/engine/monte_carlo.go:281.12,283.3 1 1
logistics/services/simulation-svc/internal/engine/monte_carlo.go:286.2,288.28 3 1
logistics/services/simulation-svc/internal/engine/monte_carlo.go:288.28,291.3 2 1
logistics/services/simulation-svc/internal/engine/monte_carlo.go:294.2,317.8 8 1
logistics/services/simulation-svc/internal/engine/monte_carlo.go:320.94,322.12 2 1
logistics/services/simulation-svc/internal/engine/monte_carlo.go:322.12,324.3 1 1
logistics/services/simulation-svc/internal/engine/monte_carlo.go:326.2,332.27 5 1
logistics/services/simulation-svc/internal/engine/monte_carlo.go:332.27,335.3 2 1
logistics/services/simulation-svc/internal/engine/monte_carlo.go:336.2,342.27 5 1
logistics/services/simulation-svc/internal/engine/monte_carlo.go:342.27,346.3 3 1
logistics/services/simulation-svc/internal/engine/monte_carlo.go:348.2,350.16 3 1
logistics/services/simulation-svc/internal/engine/monte_carlo.go:350.16,353.3 2 1
logistics/services/simulation-svc/internal/engine/monte_carlo.go:356.2,357.48 2 1
logistics/services/simulation-svc/internal/engine/monte_carlo.go:357.48,359.3 1 1
logistics/services/simulation-svc/internal/engine/monte_carlo.go:360.2,373.3 2 1
logistics/services/simulation-svc/internal/engine/monte_carlo.go:376.87,377.22 1 1
logistics/services/simulation-svc/internal/engine/monte_carlo.go:377.22,379.3 1 1
logistics/services/simulation-svc/internal/engine/monte_carlo.go:381.2,387.22 6 1
logistics/services/simulation-svc/internal/engine/monte_carlo.go:387.22,389.3 1 1
logistics/services/simulation-svc/internal/engine/monte_carlo.go:391.2,392.25 2 1
logistics/services/simulation-svc/internal/engine/monte_carlo.go:392.25,397.3 1 1
logistics/services/simulation-svc/internal/engine/monte_carlo.go:399.2,399.27 1 1
logistics/services/simulation-svc/internal/engine/monte_carlo.go:399.27,401.24 2 1
logistics/services/simulation-svc/internal/engine/monte_carlo.go:401.24,403.4 1 1
logistics/services/simulation-svc/internal/engine/monte_carlo.go:404.3,404.14 1 1
logistics/services/simulation-svc/internal/engine/monte_carlo.go:404.14,406.4 1 0
logistics/services/simulation-svc/internal/engine/monte_carlo.go:407.3,407.23 1 1
logistics/services/simulation-svc/internal/engine/monte_carlo.go:410.2,411.28 2 1
logistics/services/simulation-svc/internal/engine/monte_carlo.go:411.28,413.3 1 1
logistics/services/simulation-svc/internal/engine/monte_carlo.go:415.2,415.16 1 1
logistics/services/simulation-svc/internal/engine/monte_carlo.go:418.64,423.40 4 1
logistics/services/simulation-svc/internal/engine/monte_carlo.go:423.40,426.3 2 1
logistics/services/simulation-svc/internal/engine/monte_carlo.go:428.2,437.3 1 1
logistics/services/simulation-svc/internal/engine/monte_carlo.go:440.81,447.28 6 1
logistics/services/simulation-svc/internal/engine/monte_carlo.go:447.28,449.3 1 1
logistics/services/simulation-svc/internal/engine/monte_carlo.go:451.2,454.27 4 1
logistics/services/simulation-svc/internal/engine/monte_carlo.go:454.27,455.21 1 1
logistics/services/simulation-svc/internal/engine/monte_carlo.go:455.21,458.4 2 1
logistics/services/simulation-svc/internal/engine/monte_carlo.go:460.2,461.20 2 1
logistics/services/simulation-svc/internal/engine/monte_carlo.go:461.20,463.3 1 1
logistics/services/simulation-svc/internal/engine/monte_carlo.go:465.2,470.3 1 1
logistics/services/simulation-svc/internal/engine/monte_carlo.go:473.39,489.14 8 1
logistics/services/simulation-svc/internal/engine/monte_carlo.go:489.14,493.3 2 1
logistics/services/simulation-svc/internal/engine/monte_carlo.go:493.8,493.23 1 1
logistics/services/simulation-svc/internal/engine/monte_carlo.go:493.23,498.3 3 1
logistics/services/simulation-svc/internal/engine/monte_carlo.go:498.8,502.3 2 1
logistics/services/simulation-svc/internal/engine/resilience.go:19.80,23.2 1 1
logistics/services/simulation-svc/internal/engine/resilience.go:31.52,34.16 2 1
logistics/services/simulation-svc/internal/engine/resilience.go:34.16,36.3 1 1
logistics/services/simulation-svc/internal/engine/resilience.go:38.2,58.22 6 1
logistics/services/simulation-svc/internal/engine/resilience.go:77.13,90.35 4 1
logistics/services/simulation-svc/internal/engine/resilience.go:90.35,95.17 4 1
logistics/services/simulation-svc/internal/engine/resilience.go:95.17,102.12 4 0
logistics/services/simulation-svc/internal/engine/resilience.go:105.3,105.55 1 1
logistics/services/simulation-svc/internal/engine/resilience.go:105.55,112.12 4 1
logistics/services/simulation-svc/internal/engine/resilience.go:115.3,116.37 2 1
logistics/services/simulation-svc/internal/engine/resilience.go:116.37,122.4 2 1
logistics/services/simulation-svc/internal/engine/resilience.go:125.2,130.25 4 1
logistics/services/simulation-svc/internal/engine/resilience.go:130.25,132.3 1 1
logistics/services/simulation-svc/internal/engine/resilience.go:134.2,134.28 1 1
logistics/services/simulation-svc/internal/engine/resilience.go:134.28,136.3 1 1
logistics/services/simulation-svc/internal/engine/resilience.go:136.8,138.3 1 0
logistics/services/simulation-svc/internal/engine/resilience.go:140.2,140.26 1 1
logistics/services/simulation-svc/internal/engine/resilience.go:140.26,142.3 1 1
logistics/services/simulation-svc/internal/engine/resilience.go:144.2,147.15 3 1
logistics/services/simulation-svc/internal/engine/resilience.go:150.90,153.35 3 1
logistics/services/simulation-svc/internal/engine/resilience.go:153.35,154.41 1 1
logistics/services/simulation-svc/internal/engine/resilience.go:154.41,156.4 1 1
logistics/services/simulation-svc/internal/engine/resilience.go:158.2,159.14 2 1
logistics/services/simulation-svc/internal/engine/resilience.go:162.93,163.25 1 1
logistics/services/simulation-svc/internal/engine/resilience.go:163.25,165.3 1 1
logistics/services/simulation-svc/internal/engine/resilience.go:167.2,170.35 3 1
logistics/services/simulation-svc/internal/engine/resilience.go:170.35,173.3 2 1
logistics/services/simulation-svc/internal/engine/resilience.go:175.2,175.35 1 1
logistics/services/simulation-svc/internal/engine/resilience.go:175.35,176.59 1 1
logistics/services/simulation-svc/internal/engine/resilience.go:176.59,177.12 1 1
logistics/services/simulation-svc/internal/engine/resilience.go:179.3,179.51 1 1
logistics/services/simulation-svc/internal/engine/resilience.go:179.51,181.4 1 1
logistics/services/simulation-svc/internal/engine/resilience.go:184.2,184.25 1 1
logistics/services/simulation-svc/internal/engine/resilience.go:187.119,190.27 2 1
logistics/services/simulation-svc/internal/engine/resilience.go:190.27,201.3 3 1
logistics/services/simulation-svc/internal/engine/resilience.go:203.2,203.29 1 1
logistics/services/simulation-svc/internal/engine/resilience.go:203.29,210.3 1 1
logistics/services/simulation-svc/internal/engine/resilience.go:212.2,212.30 1 1
logistics/services/simulation-svc/internal/engine/resilience.go:212.30,219.3 1 1
logistics/services/simulation-svc/internal/engine/resilience.go:221.2,221.41 1 1
logistics/services/simulation-svc/internal/engine/resilience.go:221.41,228.3 1 1
logistics/services/simulation-svc/internal/engine/resilience.go:230.2,230.19 1 1
logistics/services/simulation-svc/internal/engine/resilience.go:233.83,234.42 1 1
logistics/services/simulation-svc/internal/engine/resilience.go:234.42,236.3 1 1
logistics/services/simulation-svc/internal/engine/resilience.go:238.2,240.35 3 1
logistics/services/simulation-svc/internal/engine/resilience.go:240.35,241.33 1 1
logistics/services/simulation-svc/internal/engine/resilience.go:241.33,245.4 3 1
logistics/services/simulation-svc/internal/engine/resilience.go:248.2,248.15 1 1
logistics/services/simulation-svc/internal/engine/resilience.go:248.15,250.3 1 1
logistics/services/simulation-svc/internal/engine/resilience.go:252.2,256.35 4 1
logistics/services/simulation-svc/internal/engine/resilience.go:256.35,257.33 1 1
logistics/services/simulation-svc/internal/engine/resilience.go:257.33,261.4 3 1
logistics/services/simulation-svc/internal/engine/resilience.go:263.2,265.21 2 1
logistics/services/simulation-svc/internal/engine/sensitivity.go:22.82,26.2 1 1
logistics/services/simulation-svc/internal/engine/sensitivity.go:35.53,38.16 2 1
logistics/services/simulation-svc/internal/engine/sensitivity.go:38.16,40.3 1 1
logistics/services/simulation-svc/internal/engine/sensitivity.go:42.2,46.31 4 1
logistics/services/simulation-svc/internal/engine/sensitivity.go:46.31,57.3 6 1
logistics/services/simulation-svc/internal/engine/sensitivity.go:60.2,60.43 1 1
logistics/services/simulation-svc/internal/engine/sensitivity.go:60.43,62.3 1 1
logistics/services/simulation-svc/internal/engine/sensitivity.go:63.2,63.26 1 1
logistics/services/simulation-svc/internal/engine/sensitivity.go:63.26,66.3 2 1
logistics/services/simulation-svc/internal/engine/sensitivity.go:68.2,73.8 1 1
logistics/services/simulation-svc/internal/engine/sensitivity.go:76.91,77.23 1 1
logistics/services/simulation-svc/internal/engine/sensitivity.go:77.23,79.3 1 1
logistics/services/simulation-svc/internal/engine/sensitivity.go:80.2,80.22 1 1
logistics/services/simulation-svc/internal/engine/sensitivity.go:80.22,82.3 1 1
logistics/services/simulation-svc/internal/engine/sensitivity.go:83.2,83.55 1 1
logistics/services/simulation-svc/internal/engine/sensitivity.go:93.69,95.19 2 1
logistics/services/simulation-svc/internal/engine/sensitivity.go:95.19,97.3 1 1
logistics/services/simulation-svc/internal/engine/sensitivity.go:99.2,101.18 3 1
logistics/services/simulation-svc/internal/engine/sensitivity.go:101.18,103.3 1 1
logistics/services/simulation-svc/internal/engine/sensitivity.go:104.2,104.18 1 1
logistics/services/simulation-svc/internal/engine/sensitivity.go:104.18,106.3 1 1
logistics/services/simulation-svc/internal/engine/sensitivity.go:108.2,115.32 6 1
logistics/services/simulation-svc/internal/engine/sensitivity.go:115.32,126.24 4 1
logistics/services/simulation-svc/internal/engine/sensitivity.go:126.24,129.4 2 1
logistics/services/simulation-svc/internal/engine/sensitivity.go:129.9,129.30 1 1
logistics/services/simulation-svc/internal/engine/sensitivity.go:129.30,132.4 2 1
logistics/services/simulation-svc/internal/engine/sensitivity.go:134.3,139.17 5 1
logistics/services/simulation-svc/internal/engine/sensitivity.go:139.17,146.4 1 1
logistics/services/simulation-svc/internal/engine/sensitivity.go:146.9,146.27 1 1
logistics/services/simulation-svc/internal/engine/sensitivity.go:146.27,149.4 2 1
logistics/services/simulation-svc/internal/engine/sensitivity.go:151.3,158.21 3 1
logistics/services/simulation-svc/internal/engine/sensitivity.go:158.21,160.4 1 1
logistics/services/simulation-svc/internal/engine/sensitivity.go:161.3,161.21 1 1
logistics/services/simulation-svc/internal/engine/sensitivity.go:161.21,163.4 1 1
logistics/services/simulation-svc/internal/engine/sensitivity.go:166.3,166.70 1 1
logistics/services/simulation-svc/internal/engine/sensitivity.go:166.70,168.21 2 1
logistics/services/simulation-svc/internal/engine/sensitivity.go:168.21,175.5 1 1
logistics/services/simulation-svc/internal/engine/sensitivity.go:177.3,177.18 1 1
logistics/services/simulation-svc/internal/engine/sensitivity.go:181.2,182.47 2 1
logistics/services/simulation-svc/internal/engine/sensitivity.go:182.47,184.36 2 1
logistics/services/simulation-svc/internal/engine/sensitivity.go:184.36,187.19 3 1
logistics/services/simulation-svc/internal/engine/sensitivity.go:187.19,189.5 1 1
logistics/services/simulation-svc/internal/engine/sensitivity.go:194.2,196.28 3 1
logistics/services/simulation-svc/internal/engine/sensitivity.go:196.28,198.3 1 1
logistics/services/simulation-svc/internal/engine/sensitivity.go:200.2,208.15 2 1
logistics/services/simulation-svc/internal/engine/sensitivity.go:211.77,212.9 1 1
logistics/services/simulation-svc/internal/engine/sensitivity.go:213.20,214.68 1 1
logistics/services/simulation-svc/internal/engine/sensitivity.go:215.20,216.61 1 1
logistics/services/simulation-svc/internal/engine/sensitivity.go:217.20,218.64 1 1
logistics/services/simulation-svc/internal/engine/sensitivity.go:219.20,220.62 1 1
logistics/services/simulation-svc/internal/engine/sensitivity.go:221.10,222.66 1 1
logistics/services/simulation-svc/internal/engine/sensitivity.go:226.83,227.9 1 1
logistics/services/simulation-svc/internal/engine/sensitivity.go:228.19,229.64 1 1
logistics/services/simulation-svc/internal/engine/sensitivity.go:230.19,231.65 1 1
logistics/services/simulation-svc/internal/engine/sensitivity.go:232.19,233.60 1 1
logistics/services/simulation-svc/internal/engine/sensitivity.go:234.10,235.58 1 1
logistics/services/simulation-svc/internal/engine/solver.go:20.71,22.25 2 1
logistics/services/simulation-svc/internal/engine/solver.go:22.25,24.3 1 0
logistics/services/simulation-svc/internal/engine/solver.go:25.2,28.3 1 1
logistics/services/simulation-svc/internal/engine/solver.go:32.85,36.2 1 0
logistics/services/simulation-svc/internal/engine/solver.go:42.126,43.26 1 0
logistics/services/simulation-svc/internal/engine/solver.go:43.26,45.3 1 0
logistics/services/simulation-svc/internal/engine/solver.go:48.2,50.56 2 0
logistics/services/simulation-svc/internal/engine/solver.go:54.81,55.14 1 1
logistics/services/simulation-svc/internal/engine/solver.go:55.14,57.3 1 1
logistics/services/simulation-svc/internal/engine/solver.go:59.2,67.3 1 1
logistics/services/simulation-svc/internal/engine/solver.go:71.87,72.40 1 1
logistics/services/simulation-svc/internal/engine/solver.go:72.40,74.3 1 1
logistics/services/simulation-svc/internal/engine/solver.go:76.2,78.26 3 1
logistics/services/simulation-svc/internal/engine/solver.go:78.26,80.3 1 1
logistics/services/simulation-svc/internal/engine/solver.go:82.2,84.28 3 1
logistics/services/simulation-svc/internal/engine/solver.go:84.28,86.3 1 1
logistics/services/simulation-svc/internal/engine/solver.go:88.2,101.3 4 1
logistics/services/simulation-svc/internal/engine/solver.go:104.75,106.19 2 1
logistics/services/simulation-svc/internal/engine/solver.go:106.19,108.3 1 1
logistics/services/simulation-svc/internal/engine/solver.go:110.2,110.9 1 1
logistics/services/simulation-svc/internal/engine/solver.go:111.21,112.52 1 1
logistics/services/simulation-svc/internal/engine/solver.go:113.21,114.51 1 1
logistics/services/simulation-svc/internal/engine/solver.go:115.22,116.54 1 1
logistics/services/simulation-svc/internal/engine/solver.go:117.22,118.52 1 1
logistics/services/simulation-svc/internal/engine/solver.go:119.10,120.56 1 1
logistics/services/simulation-svc/internal/engine/solver.go:124.99,126.20 2 1
logistics/services/simulation-svc/internal/engine/solver.go:126.20,128.3 1 1
logistics/services/simulation-svc/internal/engine/solver.go:130.2,131.20 2 1
logistics/services/simulation-svc/internal/engine/solver.go:131.20,133.3 1 1
logistics/services/simulation-svc/internal/engine/solver.go:135.2,135.15 1 1
logistics/services/simulation-svc/internal/engine/solver.go:136.50,137.122 1 1
logistics/services/simulation-svc/internal/engine/solver.go:138.49,140.55 1 1
logistics/services/simulation-svc/internal/engine/solver.go:141.52,143.55 1 1
logistics/services/simulation-svc/internal/engine/solver.go:144.50,146.55 1 1
logistics/services/simulation-svc/internal/engine/solver.go:147.54,149.55 1 1
logistics/services/simulation-svc/internal/engine/solver.go:150.10,151.52 1 0
logistics/services/simulation-svc/internal/engine/solver.go:155.29,156.11 1 1
logistics/services/simulation-svc/internal/engine/solver.go:156.11,158.3 1 1
logistics/services/simulation-svc/internal/engine/solver.go:159.2,159.10 1 1
logistics/services/simulation-svc/internal/engine/solver_adapter.go:18.74,20.2 1 0
logistics/services/simulation-svc/internal/engine/solver_adapter.go:23.158,25.17 2 0
logistics/services/simulation-svc/internal/engine/solver_adapter.go:25.17,26.55 1 0
logistics/services/simulation-svc/internal/engine/solver_adapter.go:26.55,28.4 1 0
logistics/services/simulation-svc/internal/engine/solver_adapter.go:30.2,30.57 1 0
logistics/services/simulation-svc/internal/engine/time_simulation.go:25.88,30.2 1 1
logistics/services/simulation-svc/internal/engine/time_simulation.go:36.52,46.29 8 1
logistics/services/simulation-svc/internal/engine/time_simulation.go:46.29,47.35 1 1
logistics/services/simulation-svc/internal/engine/time_simulation.go:47.35,49.4 1 0
logistics/services/simulation-svc/internal/engine/time_simulation.go:51.3,53.17 3 1
logistics/services/simulation-svc/internal/engine/time_simulation.go:53.17,55.4 1 0
logistics/services/simulation-svc/internal/engine/time_simulation.go:57.3,59.73 3 1
logistics/services/simulation-svc/internal/engine/time_simulation.go:62.2,69.8 2 1
logistics/services/simulation-svc/internal/engine/time_simulation.go:79.52,84.2 1 1
logistics/services/simulation-svc/internal/engine/time_simulation.go:86.73,87.30 1 1
logistics/services/simulation-svc/internal/engine/time_simulation.go:87.30,89.3 1 1
logistics/services/simulation-svc/internal/engine/time_simulation.go:90.2,90.30 1 1
logistics/services/simulation-svc/internal/engine/time_simulation.go:90.30,92.3 1 1
logistics/services/simulation-svc/internal/engine/time_simulation.go:93.2,96.32 3 1
logistics/services/simulation-svc/internal/engine/time_simulation.go:96.32,98.3 1 1
logistics/services/simulation-svc/internal/engine/time_simulation.go:99.2,99.32 1 1
logistics/services/simulation-svc/internal/engine/time_simulation.go:99.32,101.3 1 1
logistics/services/simulation-svc/internal/engine/time_simulation.go:102.2,104.31 2 1
logistics/services/simulation-svc/internal/engine/time_simulation.go:104.31,106.3 1 1
logistics/services/simulation-svc/internal/engine/time_simulation.go:109.85,126.2 5 1
logistics/services/simulation-svc/internal/engine/time_simulation.go:128.126,129.19 1 1
logistics/services/simulation-svc/internal/engine/time_simulation.go:129.19,134.3 1 1
logistics/services/simulation-svc/internal/engine/time_simulation.go:135.2,135.15 1 1
logistics/services/simulation-svc/internal/engine/time_simulation.go:138.88,140.16 2 1
logistics/services/simulation-svc/internal/engine/time_simulation.go:140.16,142.3 1 1
logistics/services/simulation-svc/internal/engine/time_simulation.go:143.2,143.14 1 1
logistics/services/simulation-svc/internal/engine/time_simulation.go:146.98,147.29 1 1
logistics/services/simulation-svc/internal/engine/time_simulation.go:147.29,149.3 1 1
logistics/services/simulation-svc/internal/engine/time_simulation.go:150.2,150.19 1 1
logistics/services/simulation-svc/internal/engine/time_simulation.go:158.41,162.16 3 1
logistics/services/simulation-svc/internal/engine/time_simulation.go:162.16,164.3 1 0
logistics/services/simulation-svc/internal/engine/time_simulation.go:166.2,176.8 2 1
logistics/services/simulation-svc/internal/engine/time_simulation.go:179.91,180.18 1 1
logistics/services/simulation-svc/internal/engine/time_simulation.go:180.18,182.3 1 1
logistics/services/simulation-svc/internal/engine/time_simulation.go:183.2,184.35 2 1
logistics/services/simulation-svc/internal/engine/time_simulation.go:184.35,185.66 1 1
logistics/services/simulation-svc/internal/engine/time_simulation.go:185.66,187.4 1 1
logistics/services/simulation-svc/internal/engine/time_simulation.go:189.2,189.20 1 1
logistics/services/simulation-svc/internal/engine/time_simulation.go:197.56,201.2 1 1
logistics/services/simulation-svc/internal/engine/time_simulation.go:209.3,212.16 2 1
logistics/services/simulation-svc/internal/engine/time_simulation.go:212.16,213.23 1 1
logistics/services/simulation-svc/internal/engine/time_simulation.go:213.23,220.4 1 1
logistics/services/simulation-svc/internal/engine/time_simulation.go:221.8,221.29 1 1
logistics/services/simulation-svc/internal/engine/time_simulation.go:221.29,223.3 1 1
logistics/services/simulation-svc/internal/engine/time_simulation.go:226.105,227.18 1 1
logistics/services/simulation-svc/internal/engine/time_simulation.go:227.18,229.3 1 0
logistics/services/simulation-svc/internal/engine/time_simulation.go:230.2,231.62 2 1
logistics/services/simulation-svc/internal/engine/time_simulation.go:234.122,235.31 1 1
logistics/services/simulation-svc/internal/engine/time_simulation.go:235.31,237.3 1 0
logistics/services/simulation-svc/internal/engine/time_simulation.go:238.2,238.35 1 1
logistics/services/simulation-svc/internal/engine/time_simulation.go:238.35,240.3 1 0
logistics/services/simulation-svc/internal/engine/time_simulation.go:241.2,241.74 1 1
logistics/services/simulation-svc/internal/engine/time_simulation.go:244.77,250.2 5 1
logistics/services/simulation-svc/internal/engine/time_simulation.go:252.61,253.22 1 1
logistics/services/simulation-svc/internal/engine/time_simulation.go:253.22,255.3 1 0
logistics/services/simulation-svc/internal/engine/time_simulation.go:256.2,257.46 2 1
logistics/services/simulation-svc/internal/engine/time_simulation.go:260.102,261.22 1 1
logistics/services/simulation-svc/internal/engine/time_simulation.go:261.22,267.3 5 1
logistics/services/simulation-svc/internal/engine/time_simulation.go:274.51,276.16 2 1
logistics/services/simulation-svc/internal/engine/time_simulation.go:276.16,278.3 1 0
logistics/services/simulation-svc/internal/engine/time_simulation.go:280.2,282.16 3 1
logistics/services/simulation-svc/internal/engine/time_simulation.go:282.16,284.3 1 0
logistics/services/simulation-svc/internal/engine/time_simulation.go:286.2,297.8 4 1
logistics/services/simulation-svc/internal/engine/time_simulation.go:300.106,303.30 2 1
logistics/services/simulation-svc/internal/engine/time_simulation.go:303.30,304.40 1 1
logistics/services/simulation-svc/internal/engine/time_simulation.go:304.40,305.79 1 1
logistics/services/simulation-svc/internal/engine/time_simulation.go:305.79,307.5 1 1
logistics/services/simulation-svc/internal/engine/time_simulation.go:311.2,311.60 1 1
logistics/services/simulation-svc/internal/engine/time_simulation.go:311.60,312.40 1 1
logistics/services/simulation-svc/internal/engine/time_simulation.go:312.40,313.90 1 1
logistics/services/simulation-svc/internal/engine/time_simulation.go:313.90,315.5 1 1
logistics/services/simulation-svc/internal/engine/time_simulation.go:319.2,319.18 1 1
logistics/services/simulation-svc/internal/engine/time_simulation.go:322.132,323.18 1 1
logistics/services/simulation-svc/internal/engine/time_simulation.go:323.18,325.3 1 0
logistics/services/simulation-svc/internal/engine/time_simulation.go:327.2,328.35 2 1
logistics/services/simulation-svc/internal/engine/time_simulation.go:328.35,329.44 1 1
logistics/services/simulation-svc/internal/engine/time_simulation.go:329.44,330.12 1 1
logistics/services/simulation-svc/internal/engine/time_simulation.go:333.3,335.20 3 0
logistics/services/simulation-svc/internal/engine/time_simulation.go:335.20,336.12 1 0
logistics/services/simulation-svc/internal/engine/time_simulation.go:339.3,340.24 2 0
logistics/services/simulation-svc/internal/engine/time_simulation.go:340.24,342.4 1 0
logistics/services/simulation-svc/internal/engine/time_simulation.go:344.3,350.5 1 0
logistics/services/simulation-svc/internal/engine/time_simulation.go:353.2,353.50 1 1
logistics/services/simulation-svc/internal/engine/time_simulation.go:353.50,355.3 1 0
logistics/services/simulation-svc/internal/engine/time_simulation.go:357.2,357.24 1 1
logistics/services/simulation-svc/internal/engine/time_simulation.go:360.161,363.25 2 1
logistics/services/simulation-svc/internal/engine/time_simulation.go:363.25,365.3 1 0
logistics/services/simulation-svc/internal/engine/time_simulation.go:367.2,367.40 1 1
logistics/services/simulation-svc/internal/engine/time_simulation.go:367.40,370.3 2 0
logistics/services/simulation-svc/internal/engine/time_simulation.go:372.2,372.25 1 1
logistics/services/simulation-svc/internal/engine/time_simulation.go:372.25,374.3 1 0
logistics/services/simulation-svc/internal/engine/time_simulation.go:376.2,376.13 1 1
logistics/services/simulation-svc/internal/engine/time_simulation.go:388.35,389.23 1 0
logistics/services/simulation-svc/internal/engine/time_simulation.go:389.23,394.3 1 0
logistics/services/simulation-svc/internal/engine/time_simulation.go:396.2,398.33 3 0
logistics/services/simulation-svc/internal/engine/time_simulation.go:398.33,400.3 1 0
logistics/services/simulation-svc/internal/engine/time_simulation.go:401.2,407.29 5 0
logistics/services/simulation-svc/internal/engine/time_simulation.go:407.29,408.10 1 0
logistics/services/simulation-svc/internal/engine/time_simulation.go:409.21,410.25 1 0
logistics/services/simulation-svc/internal/engine/time_simulation.go:411.11,411.11 0 0
logistics/services/simulation-svc/internal/engine/time_simulation.go:414.3,417.17 3 0
logistics/services/simulation-svc/internal/engine/time_simulation.go:417.17,419.4 1 0
logistics/services/simulation-svc/internal/engine/time_simulation.go:420.3,423.17 3 0
logistics/services/simulation-svc/internal/engine/time_simulation.go:423.17,425.4 1 0
logistics/services/simulation-svc/internal/engine/time_simulation.go:426.3,426.57 1 0
logistics/services/simulation-svc/internal/engine/time_simulation.go:429.2,429.74 1 0
logistics/services/simulation-svc/internal/engine/time_simulation.go:440.41,443.16 3 0
logistics/services/simulation-svc/internal/engine/time_simulation.go:443.16,445.3 1 0
logistics/services/simulation-svc/internal/engine/time_simulation.go:447.2,454.8 1 0
logistics/services/simulation-svc/internal/engine/time_simulation.go:460.26,465.29 4 0
logistics/services/simulation-svc/internal/engine/time_simulation.go:465.29,474.3 1 0
logistics/services/simulation-svc/internal/engine/time_simulation.go:476.2,483.3 1 0
logistics/services/simulation-svc/internal/engine/time_simulation.go:519.90,520.14 1 1
logistics/services/simulation-svc/internal/engine/time_simulation.go:521.46,522.21 1 1
logistics/services/simulation-svc/internal/engine/time_simulation.go:523.44,524.19 1 1
logistics/services/simulation-svc/internal/engine/time_simulation.go:525.43,526.24 1 1
logistics/services/simulation-svc/internal/engine/time_simulation.go:527.44,528.28 1 1
logistics/services/simulation-svc/internal/engine/time_simulation.go:529.10,530.19 1 1
logistics/services/simulation-svc/internal/engine/time_simulation.go:540.19,543.30 2 1
logistics/services/simulation-svc/internal/engine/time_simulation.go:543.30,545.32 2 1
logistics/services/simulation-svc/internal/engine/time_simulation.go:545.32,546.56 1 1
logistics/services/simulation-svc/internal/engine/time_simulation.go:546.56,548.10 2 1
logistics/services/simulation-svc/internal/engine/time_simulation.go:553.2,553.30 1 1
logistics/services/simulation-svc/internal/engine/time_simulation.go:553.30,555.32 2 1
logistics/services/simulation-svc/internal/engine/time_simulation.go:555.32,556.27 1 1
logistics/services/simulation-svc/internal/engine/time_simulation.go:556.27,557.21 1 1
logistics/services/simulation-svc/internal/engine/time_simulation.go:558.59,559.25 1 1
logistics/services/simulation-svc/internal/engine/time_simulation.go:560.59,561.25 1 1
logistics/services/simulation-svc/internal/engine/time_simulation.go:563.5,563.10 1 1
logistics/services/simulation-svc/internal/engine/time_simulation.go:568.2,568.10 1 1
logistics/services/simulation-svc/internal/engine/time_simulation.go:571.106,572.14 1 1
logistics/services/simulation-svc/internal/engine/time_simulation.go:572.14,574.3 1 1
logistics/services/simulation-svc/internal/engine/time_simulation.go:576.2,576.16 1 1
logistics/services/simulation-svc/internal/engine/time_simulation.go:577.54,578.13 1 1
logistics/services/simulation-svc/internal/engine/time_simulation.go:579.52,580.37 1 1
logistics/services/simulation-svc/internal/engine/time_simulation.go:580.37,582.4 1 1
logistics/services/simulation-svc/internal/engine/time_simulation.go:583.51,584.35 1 1
logistics/services/simulation-svc/internal/engine/time_simulation.go:584.35,586.4 1 1
logistics/services/simulation-svc/internal/engine/time_simulation.go:587.52,588.40 1 1
logistics/services/simulation-svc/internal/engine/time_simulation.go:588.40,589.31 1 1
logistics/services/simulation-svc/internal/engine/time_simulation.go:589.31,591.5 1 1
logistics/services/simulation-svc/internal/engine/time_simulation.go:593.59,594.37 1 1
logistics/services/simulation-svc/internal/engine/time_simulation.go:595.60,596.38 1 1
logistics/services/simulation-svc/internal/engine/time_simulation.go:599.2,599.12 1 1
logistics/services/simulation-svc/internal/engine/time_simulation.go:602.92,604.42 2 1
logistics/services/simulation-svc/internal/engine/time_simulation.go:604.42,606.3 1 0
logistics/services/simulation-svc/internal/engine/time_simulation.go:607.2,607.42 1 1
logistics/services/simulation-svc/internal/engine/time_simulation.go:607.42,609.3 1 0
logistics/services/simulation-svc/internal/engine/time_simulation.go:610.2,610.14 1 1
logistics/services/simulation-svc/internal/engine/time_simulation.go:613.93,616.20 3 1
logistics/services/simulation-svc/internal/engine/time_simulation.go:616.20,618.3 1 1
logistics/services/simulation-svc/internal/engine/time_simulation.go:619.2,619.20 1 1
logistics/services/simulation-svc/internal/engine/time_simulation.go:619.20,621.3 1 1
logistics/services/simulation-svc/internal/engine/time_simulation.go:622.2,622.49 1 1
logistics/services/simulation-svc/internal/engine/time_simulation.go:625.127,626.23 1 1
logistics/services/simulation-svc/internal/engine/time_simulation.go:626.23,628.3 1 1
logistics/services/simulation-svc/internal/engine/time_simulation.go:630.2,634.28 4 1
logistics/services/simulation-svc/internal/engine/time_simulation.go:634.28,635.26 1 1
logistics/services/simulation-svc/internal/engine/time_simulation.go:635.26,637.4 1 1
logistics/services/simulation-svc/internal/engine/time_simulation.go:638.3,638.26 1 1
logistics/services/simulation-svc/internal/engine/time_simulation.go:638.26,640.4 1 1
logistics/services/simulation-svc/internal/engine/time_simulation.go:641.3,643.28 2 1
logistics/services/simulation-svc/internal/engine/time_simulation.go:643.28,645.4 1 1
logistics/services/simulation-svc/internal/engine/time_simulation.go:646.3,646.28 1 1
logistics/services/simulation-svc/internal/engine/time_simulation.go:646.28,648.4 1 1
logistics/services/simulation-svc/internal/engine/time_simulation.go:649.3,651.29 2 1
logistics/services/simulation-svc/internal/engine/time_simulation.go:651.29,653.4 1 1
logistics/services/simulation-svc/internal/engine/time_simulation.go:656.2,667.3 2 1
logistics/services/simulation-svc/internal/engine/time_simulation.go:670.105,675.32 4 0
logistics/services/simulation-svc/internal/engine/time_simulation.go:675.32,678.29 2 0
logistics/services/simulation-svc/internal/engine/time_simulation.go:678.29,679.22 1 0
logistics/services/simulation-svc/internal/engine/time_simulation.go:679.22,685.5 1 0
logistics/services/simulation-svc/internal/engine/time_simulation.go:685.10,685.44 1 0
logistics/services/simulation-svc/internal/engine/time_simulation.go:685.44,687.5 1 0
logistics/services/simulation-svc/internal/engine/time_simulation.go:688.9,688.28 1 0
logistics/services/simulation-svc/internal/engine/time_simulation.go:688.28,690.59 2 0
logistics/services/simulation-svc/internal/engine/time_simulation.go:690.59,692.5 1 0
logistics/services/simulation-svc/internal/engine/time_simulation.go:693.4,695.17 3 0
logistics/services/simulation-svc/internal/engine/time_simulation.go:699.2,699.44 1 0
logistics/services/simulation-svc/internal/engine/time_simulation.go:699.44,705.3 5 0
logistics/services/simulation-svc/internal/engine/time_simulation.go:707.2,707.16 1 0
logistics/services/simulation-svc/internal/engine/time_simulation.go:710.73,711.9 1 1
logistics/services/simulation-svc/internal/engine/time_simulation.go:712.23,713.98 1 1
logistics/services/simulation-svc/internal/engine/time_simulation.go:714.23,715.100 1 1
logistics/services/simulation-svc/internal/engine/time_simulation.go:716.22,717.94 1 1
logistics/services/simulation-svc/internal/engine/time_simulation.go:718.10,719.55 1 1
logistics/services/simulation-svc/internal/engine/time_simulation.go:723.49,724.26 1 1
logistics/services/simulation-svc/internal/engine/time_simulation.go:724.26,725.14 1 1
logistics/services/simulation-svc/internal/engine/time_simulation.go:725.14,727.4 1 1
logistics/services/simulation-svc/internal/engine/time_simulation.go:729.2,729.14 1 1
logistics/services/simulation-svc/internal/engine/time_simulation.go:732.67,733.26 1 1
logistics/services/simulation-svc/internal/engine/time_simulation.go:733.26,734.35 1 1
logistics/services/simulation-svc/internal/engine/time_simulation.go:734.35,736.4 1 1
logistics/services/simulation-svc/internal/engine/time_simulation.go:738.2,738.14 1 1
logistics/services/simulation-svc/internal/engine/time_simulation.go:741.65,742.19 1 1
logistics/services/simulation-svc/internal/engine/time_simulation.go:742.19,743.20 1 1
logistics/services/simulation-svc/internal/engine/time_simulation.go:743.20,745.4 1 1
logistics/services/simulation-svc/internal/engine/time_simulation.go:746.3,746.13 1 1
logistics/services/simulation-svc/internal/engine/time_simulation.go:748.2,748.49 1 1
logistics/services/simulation-svc/internal/repository/postgres.go:22.84,24.2 1 1
logistics/services/simulation-svc/internal/repository/postgres.go:26.91,57.16 5 1
logistics/services/simulation-svc/internal/repository/postgres.go:57.16,59.3 1 1
logistics/services/simulation-svc/internal/repository/postgres.go:61.2,61.12 1 1
logistics/services/simulation-svc/internal/repository/postgres.go:64.101,109.16 7 1
logistics/services/simulation-svc/internal/repository/postgres.go:109.16,110.36 1 1
logistics/services/simulation-svc/internal/repository/postgres.go:110.36,112.4 1 1
logistics/services/simulation-svc/internal/repository/postgres.go:113.3,113.62 1 1
logistics/services/simulation-svc/internal/repository/postgres.go:116.2,120.24 4 1
logistics/services/simulation-svc/internal/repository/postgres.go:120.24,122.3 1 1
logistics/services/simulation-svc/internal/repository/postgres.go:123.2,123.22 1 1
logistics/services/simulation-svc/internal/repository/postgres.go:123.22,125.3 1 1
logistics/services/simulation-svc/internal/repository/postgres.go:126.2,126.29 1 1
logistics/services/simulation-svc/internal/repository/postgres.go:126.29,128.3 1 1
logistics/services/simulation-svc/internal/repository/postgres.go:130.2,130.17 1 1
logistics/services/simulation-svc/internal/repository/postgres.go:133.85,140.16 5 1
logistics/services/simulation-svc/internal/repository/postgres.go:140.16,142.3 1 1
logistics/services/simulation-svc/internal/repository/postgres.go:144.2,144.32 1 1
logistics/services/simulation-svc/internal/repository/postgres.go:144.32,146.3 1 1
logistics/services/simulation-svc/internal/repository/postgres.go:148.2,148.12 1 1
logistics/services/simulation-svc/internal/repository/postgres.go:156.40,160.17 3 1
logistics/services/simulation-svc/internal/repository/postgres.go:160.17,162.3 1 1
logistics/services/simulation-svc/internal/repository/postgres.go:163.2,163.21 1 1
logistics/services/simulation-svc/internal/repository/postgres.go:163.21,165.3 1 1
logistics/services/simulation-svc/internal/repository/postgres.go:166.2,166.22 1 1
logistics/services/simulation-svc/internal/repository/postgres.go:166.22,168.3 1 1
logistics/services/simulation-svc/internal/repository/postgres.go:171.2,175.19 4 1
logistics/services/simulation-svc/internal/repository/postgres.go:175.19,179.3 3 1
logistics/services/simulation-svc/internal/repository/postgres.go:182.2,184.77 3 1
logistics/services/simulation-svc/internal/repository/postgres.go:184.77,186.3 1 1
logistics/services/simulation-svc/internal/repository/postgres.go:189.2,200.16 4 1
logistics/services/simulation-svc/internal/repository/postgres.go:200.16,202.3 1 1
logistics/services/simulation-svc/internal/repository/postgres.go:203.2,206.18 3 1
logistics/services/simulation-svc/internal/repository/postgres.go:206.18,217.17 4 1
logistics/services/simulation-svc/internal/repository/postgres.go:217.17,219.4 1 0
logistics/services/simulation-svc/internal/repository/postgres.go:221.3,222.37 2 1
logistics/services/simulation-svc/internal/repository/postgres.go:225.2,225.28 1 1
logistics/services/simulation-svc/internal/repository/postgres.go:232.40,234.2 1 1
logistics/services/simulation-svc/internal/repository/postgres.go:239.24,241.16 2 1
logistics/services/simulation-svc/internal/repository/postgres.go:241.16,243.3 1 1
logistics/services/simulation-svc/internal/repository/postgres.go:245.2,245.26 1 1
logistics/services/simulation-svc/internal/repository/postgres.go:245.26,247.3 1 1
logistics/services/simulation-svc/internal/repository/postgres.go:249.2,249.17 1 1
logistics/services/simulation-svc/cmd/main.go:20.13,23.16 2 0
logistics/services/simulation-svc/cmd/main.go:23.16,25.3 1 0
logistics/services/simulation-svc/cmd/main.go:27.2,41.25 3 0
logistics/services/simulation-svc/cmd/main.go:41.25,50.17 2 0
logistics/services/simulation-svc/cmd/main.go:50.17,52.4 1 0
logistics/services/simulation-svc/cmd/main.go:52.9,53.17 1 0
logistics/services/simulation-svc/cmd/main.go:53.17,54.61 1 0
logistics/services/simulation-svc/cmd/main.go:54.61,56.6 1 0
logistics/services/simulation-svc/cmd/main.go:58.4,58.78 1 0
logistics/services/simulation-svc/cmd/main.go:62.2,66.16 3 0
logistics/services/simulation-svc/cmd/main.go:66.16,68.3 1 0
logistics/services/simulation-svc/cmd/main.go:69.2,72.30 2 0
logistics/services/simulation-svc/cmd/main.go:72.30,79.17 1 0
logistics/services/simulation-svc/cmd/main.go:79.17,81.4 1 0
logistics/services/simulation-svc/cmd/main.go:85.2,93.16 3 0
logistics/services/simulation-svc/cmd/main.go:93.16,95.3 1 0
logistics/services/simulation-svc/cmd/main.go:96.2,114.34 7 0
logistics/services/simulation-svc/cmd/main.go:114.34,116.3 1 0
logistics/services/simulation-svc/internal/service/simulation.go:46.22,48.25 2 1
logistics/services/simulation-svc/internal/service/simulation.go:48.25,50.3 1 0
logistics/services/simulation-svc/internal/service/simulation.go:52.2,60.3 1 1
logistics/services/simulation-svc/internal/service/simulation.go:68.22,78.2 1 1
logistics/services/simulation-svc/internal/service/simulation.go:86.44,97.30 4 1
logistics/services/simulation-svc/internal/service/simulation.go:97.30,101.3 1 1
logistics/services/simulation-svc/internal/service/simulation.go:104.2,105.16 2 1
logistics/services/simulation-svc/internal/service/simulation.go:105.16,110.3 2 1
logistics/services/simulation-svc/internal/service/simulation.go:113.2,117.16 3 1
logistics/services/simulation-svc/internal/service/simulation.go:117.16,122.3 2 1
logistics/services/simulation-svc/internal/service/simulation.go:125.2,129.58 3 1
logistics/services/simulation-svc/internal/service/simulation.go:129.58,131.3 1 1
logistics/services/simulation-svc/internal/service/simulation.go:133.2,152.59 3 1
logistics/services/simulation-svc/internal/service/simulation.go:152.59,154.3 1 1
logistics/services/simulation-svc/internal/service/simulation.go:156.2,156.22 1 1
logistics/services/simulation-svc/internal/service/simulation.go:163.51,173.30 4 1
logistics/services/simulation-svc/internal/service/simulation.go:173.30,177.3 1 1
logistics/services/simulation-svc/internal/service/simulation.go:180.2,181.16 2 1
logistics/services/simulation-svc/internal/service/simulation.go:181.16,185.3 1 1
logistics/services/simulation-svc/internal/service/simulation.go:187.2,191.41 4 1
logistics/services/simulation-svc/internal/service/simulation.go:191.41,194.17 3 1
logistics/services/simulation-svc/internal/service/simulation.go:194.17,195.12 1 1
logistics/services/simulation-svc/internal/service/simulation.go:198.3,202.96 3 1
logistics/services/simulation-svc/internal/service/simulation.go:202.96,204.24 2 1
logistics/services/simulation-svc/internal/service/simulation.go:204.24,207.5 2 1
logistics/services/simulation-svc/internal/service/simulation.go:210.3,219.32 3 1
logistics/services/simulation-svc/internal/service/simulation.go:219.32,222.4 2 1
logistics/services/simulation-svc/internal/service/simulation.go:226.2,229.33 2 1
logistics/services/simulation-svc/internal/service/simulation.go:229.33,231.3 1 1
logistics/services/simulation-svc/internal/service/simulation.go:233.2,244.8 1 1
logistics/services/simulation-svc/internal/service/simulation.go:253.48,263.22 4 1
logistics/services/simulation-svc/internal/service/simulation.go:263.22,267.3 1 1
logistics/services/simulation-svc/internal/service/simulation.go:269.2,270.19 2 1
logistics/services/simulation-svc/internal/service/simulation.go:270.19,275.3 1 1
logistics/services/simulation-svc/internal/service/simulation.go:278.2,280.16 3 1
logistics/services/simulation-svc/internal/service/simulation.go:280.16,285.3 2 0
logistics/services/simulation-svc/internal/service/simulation.go:287.2,294.20 2 1
logistics/services/simulation-svc/internal/service/simulation.go:301.9,306.22 4 0
logistics/services/simulation-svc/internal/service/simulation.go:306.22,310.3 1 0
logistics/services/simulation-svc/internal/service/simulation.go:312.2,313.19 2 0
logistics/services/simulation-svc/internal/service/simulation.go:313.19,318.3 1 0
logistics/services/simulation-svc/internal/service/simulation.go:320.2,324.12 3 0
logistics/services/simulation-svc/internal/service/simulation.go:324.12,327.17 3 0
logistics/services/simulation-svc/internal/service/simulation.go:327.17,329.4 1 0
logistics/services/simulation-svc/internal/service/simulation.go:330.3,330.17 1 0
logistics/services/simulation-svc/internal/service/simulation.go:334.2,334.37 1 0
logistics/services/simulation-svc/internal/service/simulation.go:334.37,335.47 1 0
logistics/services/simulation-svc/internal/service/simulation.go:335.47,337.4 1 0
logistics/services/simulation-svc/internal/service/simulation.go:341.2,341.44 1 0
logistics/services/simulation-svc/internal/service/simulation.go:341.44,345.3 1 0
logistics/services/simulation-svc/internal/service/simulation.go:347.2,347.12 1 0
logistics/services/simulation-svc/internal/service/simulation.go:356.53,366.22 4 1
logistics/services/simulation-svc/internal/service/simulation.go:366.22,370.3 1 1
logistics/services/simulation-svc/internal/service/simulation.go:372.2,373.16 2 1
logistics/services/simulation-svc/internal/service/simulation.go:373.16,378.3 2 0
logistics/services/simulation-svc/internal/service/simulation.go:380.2,386.20 2 1
logistics/services/simulation-svc/internal/service/simulation.go:406.29,407.19 1 1
logistics/services/simulation-svc/internal/service/simulation.go:407.19,414.3 1 1
logistics/services/simulation-svc/internal/service/simulation.go:415.2,421.3 1 1
logistics/services/simulation-svc/internal/service/simulation.go:428.55,432.22 3 1
logistics/services/simulation-svc/internal/service/simulation.go:432.22,436.3 1 1
logistics/services/simulation-svc/internal/service/simulation.go:438.2,441.16 3 1
logistics/services/simulation-svc/internal/service/simulation.go:441.16,445.3 1 0
logistics/services/simulation-svc/internal/service/simulation.go:447.2,470.8 6 1
logistics/services/simulation-svc/internal/service/simulation.go:473.122,474.28 1 1
logistics/services/simulation-svc/internal/service/simulation.go:474.28,476.3 1 0
logistics/services/simulation-svc/internal/service/simulation.go:478.2,481.37 3 1
logistics/services/simulation-svc/internal/service/simulation.go:481.37,483.20 2 1
logistics/services/simulation-svc/internal/service/simulation.go:483.20,484.12 1 1
logistics/services/simulation-svc/internal/service/simulation.go:487.3,488.36 2 1
logistics/services/simulation-svc/internal/service/simulation.go:488.36,490.4 1 1
logistics/services/simulation-svc/internal/service/simulation.go:493.2,493.29 1 1
logistics/services/simulation-svc/internal/service/simulation.go:496.117,499.16 3 1
logistics/services/simulation-svc/internal/service/simulation.go:499.16,501.3 1 0
logistics/services/simulation-svc/internal/service/simulation.go:503.2,505.30 3 1
logistics/services/simulation-svc/internal/service/simulation.go:505.30,507.3 1 1
logistics/services/simulation-svc/internal/service/simulation.go:509.2,511.62 2 1
logistics/services/simulation-svc/internal/service/simulation.go:511.62,513.3 1 1
logistics/services/simulation-svc/internal/service/simulation.go:515.2,516.59 2 1
logistics/services/simulation-svc/internal/service/simulation.go:516.59,518.3 1 1
logistics/services/simulation-svc/internal/service/simulation.go:520.2,526.3 1 1
logistics/services/simulation-svc/internal/service/simulation.go:529.99,530.28 1 1
logistics/services/simulation-svc/internal/service/simulation.go:530.28,532.3 1 0
logistics/services/simulation-svc/internal/service/simulation.go:534.2,536.37 2 1
logistics/services/simulation-svc/internal/service/simulation.go:536.37,537.63 1 1
logistics/services/simulation-svc/internal/service/simulation.go:537.63,538.12 1 1
logistics/services/simulation-svc/internal/service/simulation.go:541.3,542.20 2 1
logistics/services/simulation-svc/internal/service/simulation.go:542.20,544.4 1 1
logistics/services/simulation-svc/internal/service/simulation.go:547.2,547.22 1 1
logistics/services/simulation-svc/internal/service/simulation.go:550.117,553.16 3 1
logistics/services/simulation-svc/internal/service/simulation.go:553.16,555.3 1 0
logistics/services/simulation-svc/internal/service/simulation.go:557.2,559.30 3 1
logistics/services/simulation-svc/internal/service/simulation.go:559.30,561.3 1 1
logistics/services/simulation-svc/internal/service/simulation.go:563.2,565.62 2 1
logistics/services/simulation-svc/internal/service/simulation.go:565.62,567.3 1 1
logistics/services/simulation-svc/internal/service/simulation.go:569.2,577.3 2 1
logistics/services/simulation-svc/internal/service/simulation.go:580.123,584.23 3 1
logistics/services/simulation-svc/internal/service/simulation.go:584.23,585.39 1 1
logistics/services/simulation-svc/internal/service/simulation.go:585.39,587.4 1 0
logistics/services/simulation-svc/internal/service/simulation.go:588.3,588.39 1 1
logistics/services/simulation-svc/internal/service/simulation.go:588.39,590.4 1 0
logistics/services/simulation-svc/internal/service/simulation.go:593.2,593.24 1 1
logistics/services/simulation-svc/internal/service/simulation.go:593.24,595.3 1 1
logistics/services/simulation-svc/internal/service/simulation.go:596.2,596.24 1 1
logistics/services/simulation-svc/internal/service/simulation.go:596.24,598.3 1 1
logistics/services/simulation-svc/internal/service/simulation.go:607.51,611.22 3 1
logistics/services/simulation-svc/internal/service/simulation.go:611.22,615.3 1 1
logistics/services/simulation-svc/internal/service/simulation.go:617.2,621.16 3 1
logistics/services/simulation-svc/internal/service/simulation.go:621.16,625.3 1 0
logistics/services/simulation-svc/internal/service/simulation.go:627.2,630.52 2 1
logistics/services/simulation-svc/internal/service/simulation.go:630.52,632.3 1 1
logistics/services/simulation-svc/internal/service/simulation.go:634.2,636.37 2 1
logistics/services/simulation-svc/internal/service/simulation.go:636.37,640.48 2 1
logistics/services/simulation-svc/internal/service/simulation.go:640.48,642.4 1 1
logistics/services/simulation-svc/internal/service/simulation.go:645.3,645.47 1 1
logistics/services/simulation-svc/internal/service/simulation.go:645.47,647.4 1 1
logistics/services/simulation-svc/internal/service/simulation.go:649.3,650.17 2 1
logistics/services/simulation-svc/internal/service/simulation.go:650.17,651.12 1 0
logistics/services/simulation-svc/internal/service/simulation.go:654.3,663.5 3 1
logistics/services/simulation-svc/internal/service/simulation.go:667.2,684.8 3 1
logistics/services/simulation-svc/internal/service/simulation.go:691.52,695.22 3 1
logistics/services/simulation-svc/internal/service/simulation.go:695.22,699.3 1 1
logistics/services/simulation-svc/internal/service/simulation.go:701.2,704.16 3 1
logistics/services/simulation-svc/internal/service/simulation.go:704.16,709.3 2 0
logistics/services/simulation-svc/internal/service/simulation.go:711.2,717.20 2 1
logistics/services/simulation-svc/internal/service/simulation.go:726.52,730.22 3 1
logistics/services/simulation-svc/internal/service/simulation.go:730.22,734.3 1 1
logistics/services/simulation-svc/internal/service/simulation.go:736.2,739.16 3 1
logistics/services/simulation-svc/internal/service/simulation.go:739.16,744.3 2 0
logistics/services/simulation-svc/internal/service/simulation.go:746.2,752.20 2 1
logistics/services/simulation-svc/internal/service/simulation.go:759.51,763.22 3 1
logistics/services/simulation-svc/internal/service/simulation.go:763.22,767.3 1 1
logistics/services/simulation-svc/internal/service/simulation.go:769.2,772.16 3 1
logistics/services/simulation-svc/internal/service/simulation.go:772.16,777.3 2 0
logistics/services/simulation-svc/internal/service/simulation.go:779.2,785.20 2 1
logistics/services/simulation-svc/internal/service/simulation.go:794.49,798.22 3 1
logistics/services/simulation-svc/internal/service/simulation.go:798.22,802.3 1 1
logistics/services/simulation-svc/internal/service/simulation.go:804.2,805.22 2 1
logistics/services/simulation-svc/internal/service/simulation.go:805.22,808.17 3 1
logistics/services/simulation-svc/internal/service/simulation.go:808.17,812.4 2 0
logistics/services/simulation-svc/internal/service/simulation.go:816.2,817.29 2 1
logistics/services/simulation-svc/internal/service/simulation.go:817.29,819.3 1 1
logistics/services/simulation-svc/internal/service/simulation.go:821.2,832.22 2 1
logistics/services/simulation-svc/internal/service/simulation.go:832.22,835.3 2 1
logistics/services/simulation-svc/internal/service/simulation.go:837.2,837.48 1 1
logistics/services/simulation-svc/internal/service/simulation.go:837.48,842.3 2 1
logistics/services/simulation-svc/internal/service/simulation.go:844.2,847.8 1 1
logistics/services/simulation-svc/internal/service/simulation.go:854.48,859.16 4 1
logistics/services/simulation-svc/internal/service/simulation.go:859.16,860.55 1 1
logistics/services/simulation-svc/internal/service/simulation.go:860.55,864.4 1 1
logistics/services/simulation-svc/internal/service/simulation.go:865.3,865.49 1 1
logistics/services/simulation-svc/internal/service/simulation.go:865.49,869.4 1 1
logistics/services/simulation-svc/internal/service/simulation.go:870.3,872.4 1 1
logistics/services/simulation-svc/internal/service/simulation.go:876.2,877.31 2 1
logistics/services/simulation-svc/internal/service/simulation.go:877.31,879.22 2 1
logistics/services/simulation-svc/internal/service/simulation.go:879.22,881.4 1 1
logistics/services/simulation-svc/internal/service/simulation.go:884.2,896.8 1 1
logistics/services/simulation-svc/internal/service/simulation.go:903.50,911.27 4 1
logistics/services/simulation-svc/internal/service/simulation.go:911.27,912.34 1 1
logistics/services/simulation-svc/internal/service/simulation.go:912.34,914.4 1 1
logistics/services/simulation-svc/internal/service/simulation.go:915.3,915.30 1 1
logistics/services/simulation-svc/internal/service/simulation.go:915.30,917.4 1 1
logistics/services/simulation-svc/internal/service/simulation.go:920.2,921.73 2 1
logistics/services/simulation-svc/internal/service/simulation.go:921.73,923.3 1 1
logistics/services/simulation-svc/internal/service/simulation.go:925.2,926.16 2 1
logistics/services/simulation-svc/internal/service/simulation.go:926.16,930.3 1 1
logistics/services/simulation-svc/internal/service/simulation.go:932.2,933.27 2 1
logistics/services/simulation-svc/internal/service/simulation.go:933.27,935.32 2 1
logistics/services/simulation-svc/internal/service/simulation.go:935.32,937.23 2 1
logistics/services/simulation-svc/internal/service/simulation.go:937.23,939.5 1 1
logistics/services/simulation-svc/internal/service/simulation.go:942.3,948.5 1 1
logistics/services/simulation-svc/internal/service/simulation.go:951.2,953.20 3 1
logistics/services/simulation-svc/internal/service/simulation.go:953.20,955.3 1 1
logistics/services/simulation-svc/internal/service/simulation.go:956.2,957.20 2 1
logistics/services/simulation-svc/internal/service/simulation.go:957.20,959.3 1 1
logistics/services/simulation-svc/internal/service/simulation.go:961.2,971.8 1 1
logistics/services/simulation-svc/internal/service/simulation.go:978.41,984.2 1 1
logistics/services/simulation-svc/internal/service/simulation.go:997.103,1004.29 2 1
logistics/services/simulation-svc/internal/service/simulation.go:1004.29,1005.44 1 1
logistics/services/simulation-svc/internal/service/simulation.go:1005.44,1007.4 1 1
logistics/services/simulation-svc/internal/service/simulation.go:1010.2,1010.28 1 1
logistics/services/simulation-svc/internal/service/simulation.go:1010.28,1011.43 1 1
logistics/services/simulation-svc/internal/service/simulation.go:1011.43,1013.4 1 1
logistics/services/simulation-svc/internal/service/simulation.go:1016.2,1016.10 1 1
logistics/services/simulation-svc/internal/service/simulation.go:1021.36,1026.2 4 1
logistics/services/simulation-svc/internal/service/simulation.go:1028.59,1029.41 1 1
logistics/services/simulation-svc/internal/service/simulation.go:1029.41,1033.14 3 1
logistics/services/simulation-svc/internal/service/simulation.go:1033.14,1035.12 2 0
logistics/services/simulation-svc/internal/service/simulation.go:1038.3,1039.53 2 1
logistics/services/simulation-svc/internal/service/simulation.go:1043.54,1044.39 1 1
logistics/services/simulation-svc/internal/service/simulation.go:1044.39,1045.44 1 1
logistics/services/simulation-svc/internal/service/simulation.go:1045.44,1046.12 1 1
logistics/services/simulation-svc/internal/service/simulation.go:1049.3,1050.21 2 0
logistics/services/simulation-svc/internal/service/simulation.go:1050.21,1052.4 1 0
logistics/services/simulation-svc/internal/service/simulation.go:1056.86,1057.24 1 1
logistics/services/simulation-svc/internal/service/simulation.go:1057.24,1059.3 1 0
logistics/services/simulation-svc/internal/service/simulation.go:1060.2,1060.41 1 1
logistics/services/simulation-svc/internal/service/simulation.go:1063.89,1064.17 1 0
logistics/services/simulation-svc/internal/service/simulation.go:1064.17,1066.3 1 0
logistics/services/simulation-svc/internal/service/simulation.go:1069.104,1073.9 3 1
logistics/services/simulation-svc/internal/service/simulation.go:1074.38,1075.101 1 1
logistics/services/simulation-svc/internal/service/simulation.go:1076.38,1077.106 1 1
logistics/services/simulation-svc/internal/service/simulation.go:1078.37,1079.52 1 1
logistics/services/simulation-svc/internal/service/simulation.go:1083.107,1086.34 2 1
logistics/services/simulation-svc/internal/service/simulation.go:1086.34,1088.3 1 1
logistics/services/simulation-svc/internal/service/simulation.go:1088.8,1088.41 1 1
logistics/services/simulation-svc/internal/service/simulation.go:1088.41,1090.3 1 0
logistics/services/simulation-svc/internal/service/simulation.go:1097.3,1104.2 1 1
logistics/services/simulation-svc/internal/service/simulation.go:1106.99,1107.38 1 1
logistics/services/simulation-svc/internal/service/simulation.go:1107.38,1108.43 1 1
logistics/services/simulation-svc/internal/service/simulation.go:1108.43,1109.65 1 1
logistics/services/simulation-svc/internal/service/simulation.go:1109.65,1111.5 1 1
logistics/services/simulation-svc/internal/service/simulation.go:1116.122,1117.16 1 1
logistics/services/simulation-svc/internal/service/simulation.go:1117.16,1119.3 1 1
logistics/services/simulation-svc/internal/service/simulation.go:1120.2,1120.63 1 1
logistics/services/simulation-svc/internal/service/simulation.go:1123.119,1125.27 2 1
logistics/services/simulation-svc/internal/service/simulation.go:1125.27,1126.78 1 1
logistics/services/simulation-svc/internal/service/simulation.go:1126.78,1127.81 1 1
logistics/services/simulation-svc/internal/service/simulation.go:1127.81,1129.5 1 1
logistics/services/simulation-svc/internal/service/simulation.go:1132.2,1132.14 1 1
logistics/services/simulation-svc/internal/service/simulation.go:1135.100,1138.32 3 1
logistics/services/simulation-svc/internal/service/simulation.go:1138.32,1139.35 1 1
logistics/services/simulation-svc/internal/service/simulation.go:1139.35,1141.4 1 1
logistics/services/simulation-svc/internal/service/simulation.go:1143.2,1144.14 2 1
logistics/services/simulation-svc/internal/service/simulation.go:1147.98,1151.32 3 1
logistics/services/simulation-svc/internal/service/simulation.go:1151.32,1152.21 1 1
logistics/services/simulation-svc/internal/service/simulation.go:1152.21,1154.4 1 1
logistics/services/simulation-svc/internal/service/simulation.go:1156.2,1159.32 3 1
logistics/services/simulation-svc/internal/service/simulation.go:1159.32,1160.41 1 1
logistics/services/simulation-svc/internal/service/simulation.go:1160.41,1162.4 1 1
logistics/services/simulation-svc/internal/service/simulation.go:1164.2,1166.14 2 1
logistics/services/simulation-svc/internal/service/simulation.go:1169.85,1171.28 2 1
logistics/services/simulation-svc/internal/service/simulation.go:1171.28,1172.41 1 1
logistics/services/simulation-svc/internal/service/simulation.go:1172.41,1174.4 1 1
logistics/services/simulation-svc/internal/service/simulation.go:1176.2,1176.14 1 1
logistics/services/simulation-svc/internal/service/simulation.go:1179.83,1180.34 1 1
logistics/services/simulation-svc/internal/service/simulation.go:1180.34,1181.39 1 1
logistics/services/simulation-svc/internal/service/simulation.go:1181.39,1182.61 1 1
logistics/services/simulation-svc/internal/service/simulation.go:1182.61,1184.5 1 1
logistics/services/simulation-svc/internal/service/simulation.go:1189.83,1190.34 1 1
logistics/services/simulation-svc/internal/service/simulation.go:1190.34,1191.39 1 1
logistics/services/simulation-svc/internal/service/simulation.go:1191.39,1192.61 1 1
logistics/services/simulation-svc/internal/service/simulation.go:1192.61,1194.5 1 1
logistics/services/simulation-svc/internal/service/simulation.go:1203.11,1204.40 1 1
logistics/services/simulation-svc/internal/service/simulation.go:1204.40,1206.3 1 1
logistics/services/simulation-svc/internal/service/simulation.go:1208.2,1209.28 2 1
logistics/services/simulation-svc/internal/service/simulation.go:1212.143,1213.23 1 1
logistics/services/simulation-svc/internal/service/simulation.go:1213.23,1215.3 1 1
logistics/services/simulation-svc/internal/service/simulation.go:1217.2,1220.28 3 1
logistics/services/simulation-svc/internal/service/simulation.go:1220.28,1222.16 2 1
logistics/services/simulation-svc/internal/service/simulation.go:1222.16,1224.4 1 0
logistics/services/simulation-svc/internal/service/simulation.go:1225.3,1228.15 3 1
logistics/services/simulation-svc/internal/service/simulation.go:1228.15,1230.22 2 1
logistics/services/simulation-svc/internal/service/simulation.go:1230.22,1232.5 1 1
logistics/services/simulation-svc/internal/service/simulation.go:1234.3,1234.28 1 1
logistics/services/simulation-svc/internal/service/simulation.go:1234.28,1236.4 1 1
logistics/services/simulation-svc/internal/service/simulation.go:1239.2,1243.3 1 1
logistics/services/simulation-svc/internal/service/simulation.go:1249.44,1252.28 2 1
logistics/services/simulation-svc/internal/service/simulation.go:1252.28,1253.28 1 1
logistics/services/simulation-svc/internal/service/simulation.go:1253.28,1259.4 1 1
logistics/services/simulation-svc/internal/service/simulation.go:1263.2,1263.75 1 1
logistics/services/simulation-svc/internal/service/simulation.go:1263.75,1269.3 1 1
logistics/services/simulation-svc/internal/service/simulation.go:1271.2,1271.13 1 1
logistics/services/simulation-svc/internal/service/simulation.go:1277.35,1281.23 3 1
logistics/services/simulation-svc/internal/service/simulation.go:1281.23,1283.3 1 1
logistics/services/simulation-svc/internal/service/simulation.go:1285.2,1286.19 2 1
logistics/services/simulation-svc/internal/service/simulation.go:1286.19,1288.3 1 1
logistics/services/simulation-svc/internal/service/simulation.go:1290.2,1291.22 2 1
logistics/services/simulation-svc/internal/service/simulation.go:1291.22,1293.3 1 1
logistics/services/simulation-svc/internal/service/simulation.go:1296.2,1296.36 1 1
logistics/services/simulation-svc/internal/service/simulation.go:1296.36,1303.32 3 1
logistics/services/simulation-svc/internal/service/simulation.go:1303.32,1304.34 1 1
logistics/services/simulation-svc/internal/service/simulation.go:1304.34,1305.10 1 0
logistics/services/simulation-svc/internal/service/simulation.go:1309.4,1309.61 1 1
logistics/services/simulation-svc/internal/service/simulation.go:1309.61,1315.5 2 1
logistics/services/simulation-svc/internal/service/simulation.go:1318.3,1318.42 1 1
logistics/services/simulation-svc/internal/service/simulation.go:1321.2,1321.18 1 1
logistics/services/simulation-svc/internal/service/simulation.go:1324.64,1325.11 1 1
logistics/services/simulation-svc/internal/service/simulation.go:1326.33,1327.61 1 1
logistics/services/simulation-svc/internal/service/simulation.go:1328.30,1329.58 1 1
logistics/services/simulation-svc/internal/service/simulation.go:1330.37,1331.65 1 1
logistics/services/simulation-svc/internal/service/simulation.go:1332.37,1333.65 1 1
logistics/services/simulation-svc/internal/service/simulation.go:1334.33,1335.61 1 1
logistics/services/simulation-svc/internal/service/simulation.go:1336.36,1337.64 1 1
logistics/services/simulation-svc/internal/service/simulation.go:1338.10,1339.65 1 1
logistics/services/simulation-svc/internal/service/simulation.go:1343.40,1344.40 1 1
logistics/services/simulation-svc/internal/service/simulation.go:1344.40,1345.29 1 1
logistics/services/simulation-svc/internal/service/simulation.go:1345.29,1347.4 1 1
logistics/services/simulation-svc/internal/service/simulation.go:1349.2,1349.20 1 1
logistics/services/simulation-svc/internal/service/simulation.go:1352.37,1354.2 1 1
logistics/services/simulation-svc/internal/testutil/mocks.go:40.62,44.2 1 0
logistics/services/simulation-svc/internal/testutil/mocks.go:46.98,51.24 4 0
logistics/services/simulation-svc/internal/testutil/mocks.go:51.24,53.3 1 0
logistics/services/simulation-svc/internal/testutil/mocks.go:55.2,59.12 5 0
logistics/services/simulation-svc/internal/testutil/mocks.go:62.108,67.25 4 0
logistics/services/simulation-svc/internal/testutil/mocks.go:67.25,69.3 1 0
logistics/services/simulation-svc/internal/testutil/mocks.go:71.2,72.9 2 0
logistics/services/simulation-svc/internal/testutil/mocks.go:72.9,74.3 1 0
logistics/services/simulation-svc/internal/testutil/mocks.go:75.2,75.17 1 0
logistics/services/simulation-svc/internal/testutil/mocks.go:78.81,83.24 4 0
logistics/services/simulation-svc/internal/testutil/mocks.go:83.24,85.3 1 0
logistics/services/simulation-svc/internal/testutil/mocks.go:87.2,87.37 1 0
logistics/services/simulation-svc/internal/testutil/mocks.go:87.37,89.3 1 0
logistics/services/simulation-svc/internal/testutil/mocks.go:90.2,91.12 2 0
logistics/services/simulation-svc/internal/testutil/mocks.go:99.51,104.22 4 0
logistics/services/simulation-svc/internal/testutil/mocks.go:104.22,106.3 1 0
logistics/services/simulation-svc/internal/testutil/mocks.go:108.2,109.36 2 0
logistics/services/simulation-svc/internal/testutil/mocks.go:109.36,110.27 1 0
logistics/services/simulation-svc/internal/testutil/mocks.go:110.27,111.12 1 0
logistics/services/simulation-svc/internal/testutil/mocks.go:113.3,113.53 1 0
logistics/services/simulation-svc/internal/testutil/mocks.go:113.53,114.12 1 0
logistics/services/simulation-svc/internal/testutil/mocks.go:116.3,122.5 1 0
logistics/services/simulation-svc/internal/testutil/mocks.go:126.2,127.17 2 0
logistics/services/simulation-svc/internal/testutil/mocks.go:127.17,130.27 3 0
logistics/services/simulation-svc/internal/testutil/mocks.go:130.27,132.4 1 0
logistics/services/simulation-svc/internal/testutil/mocks.go:133.3,133.25 1 0
logistics/services/simulation-svc/internal/testutil/mocks.go:133.25,135.4 1 0
logistics/services/simulation-svc/internal/testutil/mocks.go:136.3,136.31 1 0
logistics/services/simulation-svc/internal/testutil/mocks.go:139.2,139.28 1 0
logistics/services/simulation-svc/internal/testutil/mocks.go:146.51,152.2 4 0
logistics/services/simulation-svc/internal/testutil/mocks.go:157.35,162.27 4 0
logistics/services/simulation-svc/internal/testutil/mocks.go:162.27,164.3 1 0
logistics/services/simulation-svc/internal/testutil/mocks.go:166.2,167.9 2 0
logistics/services/simulation-svc/internal/testutil/mocks.go:167.9,169.3 1 0
logistics/services/simulation-svc/internal/testutil/mocks.go:170.2,170.26 1 0
logistics/services/simulation-svc/internal/testutil/mocks.go:170.26,172.3 1 0
logistics/services/simulation-svc/internal/testutil/mocks.go:173.2,173.17 1 0
logistics/services/simulation-svc/internal/testutil/mocks.go:177.78,180.18 3 0
logistics/services/simulation-svc/internal/testutil/mocks.go:180.18,182.3 1 0
logistics/services/simulation-svc/internal/testutil/mocks.go:183.2,183.29 1 0
logistics/services/simulation-svc/internal/testutil/mocks.go:189.26,194.2 4 0
logistics/services/simulation-svc/internal/testutil/mocks.go:214.46,226.2 1 0
logistics/services/simulation-svc/internal/testutil/mocks.go:233.32,239.61 4 0
logistics/services/simulation-svc/internal/testutil/mocks.go:239.61,243.33 3 0
logistics/services/simulation-svc/internal/testutil/mocks.go:243.33,245.4 1 0
logistics/services/simulation-svc/internal/testutil/mocks.go:246.3,246.32 1 0
logistics/services/simulation-svc/internal/testutil/mocks.go:246.32,248.4 1 0
logistics/services/simulation-svc/internal/testutil/mocks.go:249.3,251.17 2 0
logistics/services/simulation-svc/internal/testutil/mocks.go:251.17,253.4 1 0
logistics/services/simulation-svc/internal/testutil/mocks.go:254.3,254.20 1 0
logistics/services/simulation-svc/internal/testutil/mocks.go:254.20,258.4 2 0
logistics/services/simulation-svc/internal/testutil/mocks.go:261.2,261.27 1 0
logistics/services/simulation-svc/internal/testutil/mocks.go:261.27,263.3 1 0
logistics/services/simulation-svc/internal/testutil/mocks.go:266.2,268.21 3 0
logistics/services/simulation-svc/internal/testutil/mocks.go:271.42,273.2 1 0
logistics/services/simulation-svc/internal/testutil/mocks.go:275.36,280.2 4 0
logistics/services/simulation-svc/internal/testutil/mocks.go:301.26,303.2 1 0
logistics/services/simulation-svc/internal/testutil/mocks.go:305.96,310.2 4 0
logistics/services/simulation-svc/internal/testutil/mocks.go:312.88,317.2 4 0
logistics/services/simulation-svc/internal/testutil/mocks.go:319.81,324.2 4 0
logistics/services/simulation-svc/internal/testutil/mocks.go:326.88,328.2 1 0
logistics/services/simulation-svc/internal/testutil/mocks.go:330.27,330.28 0 0
logistics/services/simulation-svc/internal/testutil/mocks.go:332.50,334.2 1 0
logistics/services/simulation-svc/internal/testutil/mocks.go:338.40,358.2 1 0
logistics/services/simulation-svc/internal/testutil/mocks.go:360.48,368.2 7 0
logistics/services/simulation-svc/internal/testutil/mocks.go:370.58,374.33 3 0
logistics/services/simulation-svc/internal/testutil/mocks.go:374.33,376.13 2 0
logistics/services/simulation-svc/internal/testutil/mocks.go:376.13,378.4 1 0
logistics/services/simulation-svc/internal/testutil/mocks.go:378.9,378.30 1 0
logistics/services/simulation-svc/internal/testutil/mocks.go:378.30,380.4 1 0
logistics/services/simulation-svc/internal/testutil/mocks.go:382.3,388.4 1 0
logistics/services/simulation-svc/internal/testutil/mocks.go:392.2,392.35 1 0
logistics/services/simulation-svc/internal/testutil/mocks.go:392.35,400.3 1 0
logistics/services/simulation-svc/internal/testutil/mocks.go:403.2,403.38 1 0
logistics/services/simulation-svc/internal/testutil/mocks.go:403.38,411.3 1 0
logistics/services/simulation-svc/internal/testutil/mocks.go:413.2,419.3 1 0
logistics/services/simulation-svc/internal/testutil/mocks.go:422.48,437.2 1 0
